2023-09-07 10:46:20,421 - INFO - Total training time: 0:02:16 (0:00:01 on hooks)
2023-09-07 10:55:18,750 - INFO - Total inference time: 0:08:39.213462 (3.328291 s / iter per device, on 1 devices)
2023-09-07 10:55:18,751 - INFO - Total inference pure compute time: 0:01:19 (0.508149 s / iter per device, on 1 devices)
2023-09-07 10:55:19,226 - INFO - Evaluation results for bbox:
|  AP   |  AP50  |  AP75  |  APs  |  APm  |  APl  |
|:-----:|:------:|:------:|:-----:|:-----:|:-----:|
| 0.245 | 0.610  | 0.139  | 0.000 | 0.927 | 0.229 |
2023-09-07 10:55:19,229 - INFO - Per-category bbox AP:
| category        | AP    | category       | AP    | category   | AP    |
|:----------------|:------|:---------------|:------|:-----------|:------|
| b_fully_ripened | 0.244 | b_half_ripened | 0.424 | b_green    | 0.575 |
| l_fully_ripened | 0.000 | l_half_ripened | 0.000 | l_green    | 0.224 |
2023-09-07 10:55:20,379 - INFO - Evaluation results for segm:
|  AP   |  AP50  |  AP75  |  APs  |  APm  |  APl  |
|:-----:|:------:|:------:|:-----:|:-----:|:-----:|
| 0.373 | 0.741  | 0.318  | 0.000 | 0.307 | 0.396 |
2023-09-07 10:55:20,382 - INFO - Per-category segm AP:
| category        | AP    | category       | AP    | category   | AP    |
|:----------------|:------|:---------------|:------|:-----------|:------|
| b_fully_ripened | 0.260 | b_half_ripened | 0.642 | b_green    | 0.893 |
| l_fully_ripened | 0.000 | l_half_ripened | 0.000 | l_green    | 0.443 |
2023-09-07 10:55:20,401 - INFO - copypaste: Task: bbox
2023-09-07 10:55:20,401 - INFO - copypaste: AP,AP50,AP75,APs,APm,APl
2023-09-07 10:55:20,402 - INFO - copypaste: 0.2445,0.6104,0.1386,0.0000,0.9272,0.2295
2023-09-07 10:55:20,404 - INFO - copypaste: Task: segm
2023-09-07 10:55:20,405 - INFO - copypaste: AP,AP50,AP75,APs,APm,APl
2023-09-07 10:55:20,406 - INFO - copypaste: 0.3730,0.7412,0.3182,0.0000,0.3066,0.3961
บันทึกโมเดลทดสอบเสร็จแล้วที่ : ../train/mask_rcnn_R_50_FPN_1x.yaml/20230907-104359/before
Base Model: COCO-InstanceSegmentation/mask_rcnn_R_50_FPN_1x.yaml
จำนวณรอบการฝึกอบรม (epoch): 250
จำนวณอัตราการเรียนรู้ (lr)  : 0.01
ขนาดต้นทาง (input size) : (224, 224)
อุปกรณ์ที่ใช้ฝึกสอน (device): cuda (T4 on google-colab)
เวลาที่ใช้ในการฝึกสอน: 11.0 นาที 19.99 วินาที
