2023-09-07 11:16:13,000 - INFO - Total training time: 0:02:16 (0:00:02 on hooks)
2023-09-07 11:24:03,347 - INFO - Total inference time: 0:07:33.171425 (2.904945 s / iter per device, on 1 devices)
2023-09-07 11:24:03,348 - INFO - Total inference pure compute time: 0:01:10 (0.450239 s / iter per device, on 1 devices)
2023-09-07 11:24:03,836 - INFO - Evaluation results for bbox:
|  AP   |  AP50  |  AP75  |  APs  |  APm  |  APl  |
|:-----:|:------:|:------:|:-----:|:-----:|:-----:|
| 7.192 | 14.553 | 6.014  | 0.000 | 4.221 | 7.487 |
2023-09-07 11:24:03,841 - INFO - Per-category bbox AP:
| category        | AP    | category       | AP    | category   | AP     |
|:----------------|:------|:---------------|:------|:-----------|:-------|
| b_fully_ripened | 4.524 | b_half_ripened | 4.310 | b_green    | 10.623 |
| l_fully_ripened | 9.040 | l_half_ripened | 4.323 | l_green    | 10.331 |
2023-09-07 11:24:04,973 - INFO - Evaluation results for segm:
|  AP   |  AP50  |  AP75  |  APs  |  APm  |  APl   |
|:-----:|:------:|:------:|:-----:|:-----:|:------:|
| 9.171 | 14.953 | 10.316 | 0.000 | 3.414 | 10.558 |
2023-09-07 11:24:04,976 - INFO - Per-category segm AP:
| category        | AP     | category       | AP    | category   | AP     |
|:----------------|:-------|:---------------|:------|:-----------|:-------|
| b_fully_ripened | 5.792  | b_half_ripened | 5.431 | b_green    | 13.510 |
| l_fully_ripened | 11.649 | l_half_ripened | 5.665 | l_green    | 12.982 |
2023-09-07 11:24:04,995 - INFO - copypaste: Task: bbox
2023-09-07 11:24:04,997 - INFO - copypaste: AP,AP50,AP75,APs,APm,APl
2023-09-07 11:24:04,998 - INFO - copypaste: 7.1918,14.5529,6.0137,0.0000,4.2210,7.4865
2023-09-07 11:24:04,999 - INFO - copypaste: Task: segm
2023-09-07 11:24:05,000 - INFO - copypaste: AP,AP50,AP75,APs,APm,APl
2023-09-07 11:24:05,001 - INFO - copypaste: 9.1714,14.9525,10.3164,0.0000,3.4142,10.5580
บันทึกโมเดลทดสอบเสร็จแล้วที่ : ../train/mask_rcnn_R_50_FPN_1x.yaml/20230907-111353/before
Base Model: COCO-InstanceSegmentation/mask_rcnn_R_50_FPN_1x.yaml
จำนวณรอบการฝึกอบรม (epoch): 250
จำนวณอัตราการเรียนรู้ (lr)  : 0.001
ขนาดต้นทาง (input size) : (224, 224)
อุปกรณ์ที่ใช้ฝึกสอน (device): cuda (T4 on google-colab)
เวลาที่ใช้ในการฝึกสอน: 10.0 นาที 10.79 วินาที
