2023-09-07 11:59:57,196 - INFO - Total training time: 0:02:07 (0:00:02 on hooks)
2023-09-07 12:08:55,871 - INFO - Total inference time: 0:08:41.319996 (3.341795 s / iter per device, on 1 devices)
2023-09-07 12:08:55,872 - INFO - Total inference pure compute time: 0:01:19 (0.506804 s / iter per device, on 1 devices)
2023-09-07 12:08:56,389 - INFO - Evaluation results for bbox:
|  AP   |  AP50  |  AP75  |  APs  |  APm  |  APl  |
|:-----:|:------:|:------:|:-----:|:-----:|:-----:|
| 0.751 | 1.773  | 0.502  | 0.000 | 5.213 | 0.956 |
2023-09-07 12:08:56,393 - INFO - Per-category bbox AP:
| category        | AP    | category       | AP    | category   | AP    |
|:----------------|:------|:---------------|:------|:-----------|:------|
| b_fully_ripened | 0.079 | b_half_ripened | 0.208 | b_green    | 0.763 |
| l_fully_ripened | 2.637 | l_half_ripened | 0.000 | l_green    | 0.822 |
2023-09-07 12:08:57,520 - INFO - Evaluation results for segm:
|  AP   |  AP50  |  AP75  |  APs  |  APm  |  APl  |
|:-----:|:------:|:------:|:-----:|:-----:|:-----:|
| 1.008 | 2.000  | 0.905  | 0.000 | 0.227 | 1.370 |
2023-09-07 12:08:57,523 - INFO - Per-category segm AP:
| category        | AP    | category       | AP    | category   | AP    |
|:----------------|:------|:---------------|:------|:-----------|:------|
| b_fully_ripened | 0.198 | b_half_ripened | 0.183 | b_green    | 1.091 |
| l_fully_ripened | 3.601 | l_half_ripened | 0.000 | l_green    | 0.977 |
2023-09-07 12:08:57,542 - INFO - copypaste: Task: bbox
2023-09-07 12:08:57,542 - INFO - copypaste: AP,AP50,AP75,APs,APm,APl
2023-09-07 12:08:57,543 - INFO - copypaste: 0.7514,1.7730,0.5018,0.0000,5.2127,0.9565
2023-09-07 12:08:57,544 - INFO - copypaste: Task: segm
2023-09-07 12:08:57,545 - INFO - copypaste: AP,AP50,AP75,APs,APm,APl
2023-09-07 12:08:57,548 - INFO - copypaste: 1.0084,1.9997,0.9052,0.0000,0.2272,1.3703
บันทึกโมเดลทดสอบเสร็จแล้วที่ : ../train/mask_rcnn_R_50_FPN_1x.yaml/20230907-115746/before
Base Model: COCO-InstanceSegmentation/mask_rcnn_R_50_FPN_1x.yaml
จำนวณรอบการฝึกอบรม (epoch): 400
จำนวณอัตราการเรียนรู้ (lr)  : 0.01
ขนาดต้นทาง (input size) : (224, 224)
อุปกรณ์ที่ใช้ฝึกสอน (device): cuda (T4 on google-colab)
เวลาที่ใช้ในการฝึกสอน: 11.0 นาที 10.87 วินาที
