2023-08-28 10:58:38,739 - INFO - Total training time: 0:04:56 (0:00:01 on hooks)
2023-08-28 11:20:38,285 - INFO - Total inference time: 0:21:20.454931 (8.208044 s / iter per device, on 1 devices)
2023-08-28 11:20:38,286 - INFO - Total inference pure compute time: 0:07:35 (2.920516 s / iter per device, on 1 devices)
2023-08-28 11:20:38,649 - INFO - Evaluation results for bbox:
|   AP   |  AP50  |  AP75  |  APs  |  APm  |  APl   |
|:------:|:------:|:------:|:-----:|:-----:|:------:|
| 10.427 | 19.255 | 10.456 | 0.000 | 1.813 | 11.753 |
2023-08-28 11:20:38,649 - INFO - Per-category bbox AP:
| category        | AP     | category       | AP    | category   | AP     |
|:----------------|:-------|:---------------|:------|:-----------|:-------|
| b_fully_ripened | 13.476 | b_half_ripened | 8.554 | b_green    | 28.604 |
| l_fully_ripened | 5.149  | l_half_ripened | 3.751 | l_green    | 3.030  |
2023-08-28 11:20:39,499 - INFO - Evaluation results for segm:
|   AP   |  AP50  |  AP75  |  APs  |  APm  |  APl   |
|:------:|:------:|:------:|:-----:|:-----:|:------:|
| 11.812 | 19.078 | 13.229 | 0.000 | 1.348 | 14.566 |
2023-08-28 11:20:39,499 - INFO - Per-category segm AP:
| category        | AP     | category       | AP     | category   | AP     |
|:----------------|:-------|:---------------|:-------|:-----------|:-------|
| b_fully_ripened | 17.753 | b_half_ripened | 10.591 | b_green    | 29.886 |
| l_fully_ripened | 5.423  | l_half_ripened | 4.021  | l_green    | 3.198  |
2023-08-28 11:20:39,591 - INFO - copypaste: Task: bbox
2023-08-28 11:20:39,591 - INFO - copypaste: AP,AP50,AP75,APs,APm,APl
2023-08-28 11:20:39,591 - INFO - copypaste: 10.4272,19.2550,10.4559,0.0000,1.8128,11.7531
2023-08-28 11:20:39,591 - INFO - copypaste: Task: segm
2023-08-28 11:20:39,591 - INFO - copypaste: AP,AP50,AP75,APs,APm,APl
2023-08-28 11:20:39,591 - INFO - copypaste: 11.8119,19.0784,13.2286,0.0000,1.3483,14.5655
2023-08-28 11:20:40,194 - INFO - บันทึกโมเดลทดสอบเสร็จแล้วที่ : .\train\mask_rcnn_R_50_C4_1x.yaml\20230828-105332\before
2023-08-28 11:20:40,194 - INFO - Base Model: COCO-InstanceSegmentation/mask_rcnn_R_50_C4_1x.yaml
2023-08-28 11:20:40,194 - INFO - จำนวณรอบการฝึกอบรม (epoch): 1300
2023-08-28 11:20:40,194 - INFO - จำนวณอัตราการเรียนรู้ (lr)  : 0.0001
2023-08-28 11:20:40,194 - INFO - ขนาดต้นทาง (input size) : (224, 224)
2023-08-28 11:20:40,194 - INFO - อุปกรณ์ที่ใช้ฝึกสอน (device): cuda
2023-08-28 11:20:40,194 - INFO - เวลาที่ใช้ในการฝึกสอน: 27.0 นาที 6.27 วินาที
