2023-08-28 10:25:46,887 - INFO - Total training time: 0:04:26 (0:00:01 on hooks)
2023-08-28 10:45:52,572 - INFO - Total inference time: 0:19:25.774026 (7.472910 s / iter per device, on 1 devices)
2023-08-28 10:45:52,572 - INFO - Total inference pure compute time: 0:08:16 (3.180456 s / iter per device, on 1 devices)
2023-08-28 10:45:53,381 - INFO - Evaluation results for bbox:
|  AP   |  AP50  |  AP75  |  APs  |  APm  |  APl  |
|:-----:|:------:|:------:|:-----:|:-----:|:-----:|
| 7.036 | 12.927 | 7.646  | 0.000 | 1.364 | 7.868 |
2023-08-28 10:45:53,382 - INFO - Per-category bbox AP:
| category        | AP    | category       | AP    | category   | AP     |
|:----------------|:------|:---------------|:------|:-----------|:-------|
| b_fully_ripened | 3.337 | b_half_ripened | 9.968 | b_green    | 20.247 |
| l_fully_ripened | 4.322 | l_half_ripened | 3.127 | l_green    | 1.216  |
2023-08-28 10:45:55,129 - INFO - Evaluation results for segm:
|  AP   |  AP50  |  AP75  |  APs  |  APm  |  APl  |
|:-----:|:------:|:------:|:-----:|:-----:|:-----:|
| 8.130 | 12.938 | 8.731  | 0.000 | 0.878 | 9.561 |
2023-08-28 10:45:55,130 - INFO - Per-category segm AP:
| category        | AP    | category       | AP     | category   | AP     |
|:----------------|:------|:---------------|:-------|:-----------|:-------|
| b_fully_ripened | 3.629 | b_half_ripened | 12.930 | b_green    | 22.027 |
| l_fully_ripened | 5.904 | l_half_ripened | 3.164  | l_green    | 1.126  |
2023-08-28 10:45:55,341 - INFO - copypaste: Task: bbox
2023-08-28 10:45:55,341 - INFO - copypaste: AP,AP50,AP75,APs,APm,APl
2023-08-28 10:45:55,341 - INFO - copypaste: 7.0361,12.9273,7.6462,0.0000,1.3645,7.8677
2023-08-28 10:45:55,341 - INFO - copypaste: Task: segm
2023-08-28 10:45:55,341 - INFO - copypaste: AP,AP50,AP75,APs,APm,APl
2023-08-28 10:45:55,342 - INFO - copypaste: 8.1300,12.9378,8.7306,0.0000,0.8784,9.5611
2023-08-28 10:45:56,150 - INFO - บันทึกโมเดลทดสอบเสร็จแล้วที่ : .\train\mask_rcnn_R_50_C4_1x.yaml\20230828-102111\before
2023-08-28 10:45:56,150 - INFO - Base Model: COCO-InstanceSegmentation/mask_rcnn_R_50_C4_1x.yaml
2023-08-28 10:45:56,150 - INFO - จำนวณรอบการฝึกอบรม (epoch): 1300
2023-08-28 10:45:56,150 - INFO - จำนวณอัตราการเรียนรู้ (lr)  : 0.01
2023-08-28 10:45:56,150 - INFO - ขนาดต้นทาง (input size) : (224, 224)
2023-08-28 10:45:56,150 - INFO - อุปกรณ์ที่ใช้ฝึกสอน (device): cuda
2023-08-28 10:45:56,150 - INFO - เวลาที่ใช้ในการฝึกสอน: 24.0 นาที 43.16 วินาที
