2023-09-03 22:09:17,191 - INFO - Total training time: 0:10:38 (0:00:06 on hooks)
2023-09-03 22:16:59,270 - INFO - Total inference time: 0:07:17.746767 (2.806069 s / iter per device, on 1 devices)
2023-09-03 22:16:59,272 - INFO - Total inference pure compute time: 0:00:56 (0.364001 s / iter per device, on 1 devices)
2023-09-03 22:16:59,568 - INFO - Evaluation results for bbox:
|   AP   |  AP50  |  AP75  |  APs  |  APm   |  APl   |
|:------:|:------:|:------:|:-----:|:------:|:------:|
| 50.607 | 70.875 | 59.211 | 0.000 | 10.969 | 53.957 |
2023-09-03 22:16:59,572 - INFO - Per-category bbox AP:
| category        | AP     | category       | AP     | category   | AP     |
|:----------------|:-------|:---------------|:-------|:-----------|:-------|
| b_fully_ripened | 37.022 | b_half_ripened | 52.410 | b_green    | 61.126 |
| l_fully_ripened | 51.203 | l_half_ripened | 49.852 | l_green    | 52.026 |
2023-09-03 22:17:00,192 - INFO - Evaluation results for segm:
|   AP   |  AP50  |  AP75  |  APs  |  APm  |  APl   |
|:------:|:------:|:------:|:-----:|:-----:|:------:|
| 54.619 | 70.637 | 61.353 | 0.000 | 6.810 | 58.690 |
2023-09-03 22:17:00,196 - INFO - Per-category segm AP:
| category        | AP     | category       | AP     | category   | AP     |
|:----------------|:-------|:---------------|:-------|:-----------|:-------|
| b_fully_ripened | 40.460 | b_half_ripened | 55.403 | b_green    | 67.192 |
| l_fully_ripened | 55.364 | l_half_ripened | 51.847 | l_green    | 57.447 |
2023-09-03 22:17:00,209 - INFO - copypaste: Task: bbox
2023-09-03 22:17:00,210 - INFO - copypaste: AP,AP50,AP75,APs,APm,APl
2023-09-03 22:17:00,212 - INFO - copypaste: 50.6066,70.8750,59.2107,0.0000,10.9693,53.9569
2023-09-03 22:17:00,213 - INFO - copypaste: Task: segm
2023-09-03 22:17:00,214 - INFO - copypaste: AP,AP50,AP75,APs,APm,APl
2023-09-03 22:17:00,215 - INFO - copypaste: 54.6189,70.6366,61.3532,0.0000,6.8099,58.6900
บันทึกโมเดลทดสอบเสร็จแล้วที่ : ../train/mask_rcnn_R_50_DC5_1x.yaml/20230903-215831/before
Base Model: COCO-InstanceSegmentation/mask_rcnn_R_50_DC5_1x.yaml
จำนวณรอบการฝึกอบรม (epoch): 2300
จำนวณอัตราการเรียนรู้ (lr)  : 0.001
ขนาดต้นทาง (input size) : (672, 672)
อุปกรณ์ที่ใช้ฝึกสอน (device): cuda (T4 on google-colab)
เวลาที่ใช้ในการฝึกสอน: 18.0 นาที 26.09 วินาที
