2023-08-30 17:42:17,199 - INFO - Total training time: 0:00:21 (0:00:00 on hooks)
2023-08-30 17:59:25,506 - INFO - Total inference time: 0:16:34.751373 (6.376611 s / iter per device, on 1 devices)
2023-08-30 17:59:25,506 - INFO - Total inference pure compute time: 0:04:41 (1.805866 s / iter per device, on 1 devices)
2023-08-30 17:59:25,877 - INFO - Evaluation results for bbox:
|  AP   |  AP50  |  AP75  |  APs  |  APm  |  APl  |
|:-----:|:------:|:------:|:-----:|:-----:|:-----:|
| 3.002 | 7.839  | 1.329  | 0.000 | 0.024 | 3.265 |
2023-08-30 17:59:25,877 - INFO - Per-category bbox AP:
| category        | AP    | category       | AP    | category   | AP    |
|:----------------|:------|:---------------|:------|:-----------|:------|
| b_fully_ripened | 0.783 | b_half_ripened | 1.100 | b_green    | 9.233 |
| l_fully_ripened | 0.554 | l_half_ripened | 6.279 | l_green    | 0.062 |
2023-08-30 17:59:26,639 - INFO - Evaluation results for segm:
|  AP   |  AP50  |  AP75  |  APs  |  APm  |  APl  |
|:-----:|:------:|:------:|:-----:|:-----:|:-----:|
| 3.956 | 8.207  | 3.308  | 0.000 | 0.001 | 4.394 |
2023-08-30 17:59:26,639 - INFO - Per-category segm AP:
| category        | AP    | category       | AP    | category   | AP     |
|:----------------|:------|:---------------|:------|:-----------|:-------|
| b_fully_ripened | 1.540 | b_half_ripened | 1.834 | b_green    | 13.189 |
| l_fully_ripened | 0.855 | l_half_ripened | 6.239 | l_green    | 0.076  |
2023-08-30 17:59:26,724 - INFO - copypaste: Task: bbox
2023-08-30 17:59:26,724 - INFO - copypaste: AP,AP50,AP75,APs,APm,APl
2023-08-30 17:59:26,724 - INFO - copypaste: 3.0018,7.8387,1.3290,0.0000,0.0239,3.2654
2023-08-30 17:59:26,724 - INFO - copypaste: Task: segm
2023-08-30 17:59:26,724 - INFO - copypaste: AP,AP50,AP75,APs,APm,APl
2023-08-30 17:59:26,724 - INFO - copypaste: 3.9556,8.2067,3.3077,0.0000,0.0008,4.3940
2023-08-30 17:59:27,266 - INFO - บันทึกโมเดลทดสอบเสร็จแล้วที่ : .\train\mask_rcnn_R_50_C4_1x.yaml\20230830-174147\before
2023-08-30 17:59:27,266 - INFO - Base Model: COCO-InstanceSegmentation/mask_rcnn_R_50_C4_1x.yaml
2023-08-30 17:59:27,266 - INFO - จำนวณรอบการฝึกอบรม (epoch): 100
2023-08-30 17:59:27,266 - INFO - จำนวณอัตราการเรียนรู้ (lr)  : 0.0001
2023-08-30 17:59:27,266 - INFO - ขนาดต้นทาง (input size) : (336, 336)
2023-08-30 17:59:27,266 - INFO - อุปกรณ์ที่ใช้ฝึกสอน (device): cuda
2023-08-30 17:59:27,266 - INFO - เวลาที่ใช้ในการฝึกสอน: 17.0 นาที 38.54 วินาที
