2023-09-02 23:53:15,557 - INFO - Total training time: 0:04:32 (0:00:02 on hooks)
2023-09-03 00:08:34,085 - INFO - Total inference time: 0:14:41.731939 (5.652128 s / iter per device, on 1 devices)
2023-09-03 00:08:34,086 - INFO - Total inference pure compute time: 0:01:49 (0.702933 s / iter per device, on 1 devices)
2023-09-03 00:08:34,470 - INFO - Evaluation results for bbox:
|   AP   |  AP50  |  AP75  |  APs  |  APm   |  APl   |
|:------:|:------:|:------:|:-----:|:------:|:------:|
| 42.321 | 62.825 | 49.874 | 0.000 | 10.832 | 44.995 |
2023-09-03 00:08:34,473 - INFO - Per-category bbox AP:
| category        | AP     | category       | AP     | category   | AP     |
|:----------------|:-------|:---------------|:-------|:-----------|:-------|
| b_fully_ripened | 44.728 | b_half_ripened | 38.720 | b_green    | 51.562 |
| l_fully_ripened | 35.812 | l_half_ripened | 44.127 | l_green    | 38.978 |
2023-09-03 00:08:35,192 - INFO - Evaluation results for segm:
|   AP   |  AP50  |  AP75  |  APs  |  APm  |  APl   |
|:------:|:------:|:------:|:-----:|:-----:|:------:|
| 45.598 | 62.573 | 52.510 | 0.000 | 5.694 | 49.141 |
2023-09-03 00:08:35,196 - INFO - Per-category segm AP:
| category        | AP     | category       | AP     | category   | AP     |
|:----------------|:-------|:---------------|:-------|:-----------|:-------|
| b_fully_ripened | 48.100 | b_half_ripened | 40.930 | b_green    | 60.114 |
| l_fully_ripened | 35.361 | l_half_ripened | 47.440 | l_green    | 41.645 |
2023-09-03 00:08:35,211 - INFO - copypaste: Task: bbox
2023-09-03 00:08:35,211 - INFO - copypaste: AP,AP50,AP75,APs,APm,APl
2023-09-03 00:08:35,213 - INFO - copypaste: 42.3213,62.8252,49.8742,0.0000,10.8317,44.9947
2023-09-03 00:08:35,215 - INFO - copypaste: Task: segm
2023-09-03 00:08:35,217 - INFO - copypaste: AP,AP50,AP75,APs,APm,APl
2023-09-03 00:08:35,218 - INFO - copypaste: 45.5984,62.5725,52.5097,0.0000,5.6940,49.1408
บันทึกโมเดลทดสอบเสร็จแล้วที่ : ../train/mask_rcnn_R_50_C4_1x.yaml/20230902-234839/before
Base Model: COCO-InstanceSegmentation/mask_rcnn_R_50_C4_1x.yaml
จำนวณรอบการฝึกอบรม (epoch): 1000
จำนวณอัตราการเรียนรู้ (lr)  : 0.001
ขนาดต้นทาง (input size) : (672, 672)
อุปกรณ์ที่ใช้ฝึกสอน (device): cuda (A100 on google-colab)
เวลาที่ใช้ในการฝึกสอน: 19.0 นาที 54.76 วินาที
