2023-09-01 16:39:30,168 - INFO - Total training time: 0:06:20 (0:00:04 on hooks)
2023-09-01 16:48:30,665 - INFO - Total inference time: 0:08:31.539550 (3.279100 s / iter per device, on 1 devices)
2023-09-01 16:48:30,667 - INFO - Total inference pure compute time: 0:00:22 (0.146026 s / iter per device, on 1 devices)
2023-09-01 16:48:31,187 - INFO - Evaluation results for bbox:
|  AP   |  AP50  |  AP75  |  APs  |  APm  |  APl  |
|:-----:|:------:|:------:|:-----:|:-----:|:-----:|
| 7.994 | 16.277 | 6.765  | 0.000 | 1.924 | 8.212 |
2023-09-01 16:48:31,190 - INFO - Per-category bbox AP:
| category        | AP     | category       | AP    | category   | AP     |
|:----------------|:-------|:---------------|:------|:-----------|:-------|
| b_fully_ripened | 10.798 | b_half_ripened | 5.115 | b_green    | 16.379 |
| l_fully_ripened | 0.787  | l_half_ripened | 8.947 | l_green    | 5.940  |
2023-09-01 16:48:32,131 - INFO - Evaluation results for segm:
|  AP   |  AP50  |  AP75  |  APs  |  APm  |  APl  |
|:-----:|:------:|:------:|:-----:|:-----:|:-----:|
| 9.152 | 16.815 | 9.327  | 0.000 | 1.466 | 9.773 |
2023-09-01 16:48:32,134 - INFO - Per-category segm AP:
| category        | AP     | category       | AP    | category   | AP     |
|:----------------|:-------|:---------------|:------|:-----------|:-------|
| b_fully_ripened | 12.431 | b_half_ripened | 6.588 | b_green    | 18.199 |
| l_fully_ripened | 0.976  | l_half_ripened | 9.593 | l_green    | 7.130  |
2023-09-01 16:48:32,154 - INFO - copypaste: Task: bbox
2023-09-01 16:48:32,155 - INFO - copypaste: AP,AP50,AP75,APs,APm,APl
2023-09-01 16:48:32,155 - INFO - copypaste: 7.9942,16.2775,6.7655,0.0000,1.9243,8.2118
2023-09-01 16:48:32,158 - INFO - copypaste: Task: segm
2023-09-01 16:48:32,159 - INFO - copypaste: AP,AP50,AP75,APs,APm,APl
2023-09-01 16:48:32,160 - INFO - copypaste: 9.1525,16.8149,9.3275,0.0000,1.4665,9.7732
บันทึกโมเดลทดสอบเสร็จแล้วที่ : ./train/mask_rcnn_R_50_C4_1x.yaml/20230901-093256/before
Base Model: COCO-InstanceSegmentation/mask_rcnn_R_50_C4_1x.yaml
จำนวณรอบการฝึกอบรม (epoch): 700
จำนวณอัตราการเรียนรู้ (lr)  : 0.01
ขนาดต้นทาง (input size) : (336, 336)
อุปกรณ์ที่ใช้ฝึกสอน (device): cuda (A100 on google-colab)
เวลาที่ใช้ในการฝึกสอน: 15.0 นาที 34.49 วินาที
