2023-08-24 01:53:04,518 - INFO - Total training time: 0:00:37 (0:00:00 on hooks)
2023-08-24 02:07:39,934 - INFO - Total inference time: 0:14:03.999582 (5.410254 s / iter per device, on 1 devices)
2023-08-24 02:07:39,934 - INFO - Total inference pure compute time: 0:03:40 (1.412404 s / iter per device, on 1 devices)
2023-08-24 02:07:40,283 - INFO - Evaluation results for bbox:
|   AP   |  AP50  |  AP75  |  APs  |  APm  |  APl   |
|:------:|:------:|:------:|:-----:|:-----:|:------:|
| 12.332 | 23.654 | 11.784 | 0.000 | 1.500 | 13.997 |
2023-08-24 02:07:40,284 - INFO - Per-category bbox AP:
| category        | AP     | category       | AP     | category   | AP     |
|:----------------|:-------|:---------------|:-------|:-----------|:-------|
| b_fully_ripened | 12.582 | b_half_ripened | 13.287 | b_green    | 24.108 |
| l_fully_ripened | 13.990 | l_half_ripened | 0.921  | l_green    | 9.106  |
2023-08-24 02:07:41,009 - INFO - Evaluation results for segm:
|   AP   |  AP50  |  AP75  |  APs  |  APm  |  APl   |
|:------:|:------:|:------:|:-----:|:-----:|:------:|
| 14.365 | 23.910 | 14.944 | 0.000 | 1.046 | 17.513 |
2023-08-24 02:07:41,010 - INFO - Per-category segm AP:
| category        | AP     | category       | AP     | category   | AP     |
|:----------------|:-------|:---------------|:-------|:-----------|:-------|
| b_fully_ripened | 15.199 | b_half_ripened | 14.955 | b_green    | 27.948 |
| l_fully_ripened | 16.633 | l_half_ripened | 1.008  | l_green    | 10.448 |
2023-08-24 02:07:41,097 - INFO - copypaste: Task: bbox
2023-08-24 02:07:41,097 - INFO - copypaste: AP,AP50,AP75,APs,APm,APl
2023-08-24 02:07:41,097 - INFO - copypaste: 12.3324,23.6539,11.7838,0.0000,1.5002,13.9972
2023-08-24 02:07:41,097 - INFO - copypaste: Task: segm
2023-08-24 02:07:41,097 - INFO - copypaste: AP,AP50,AP75,APs,APm,APl
2023-08-24 02:07:41,098 - INFO - copypaste: 14.3654,23.9100,14.9445,0.0000,1.0456,17.5128
2023-08-24 02:07:41,512 - INFO - บันทึกโมเดลทดสอบเสร็จแล้วที่ : .\train\mask_rcnn_R_50_C4_1x.yaml\20230824-015217\before
2023-08-24 02:07:41,512 - INFO - Base Model: COCO-InstanceSegmentation/mask_rcnn_R_50_C4_1x.yaml
2023-08-24 02:07:41,512 - INFO - จำนวณรอบการฝึกอบรม (epoch): 100
2023-08-24 02:07:41,512 - INFO - จำนวณอัตราการเรียนรู้ (lr)  : 0.01
2023-08-24 02:07:41,512 - INFO - ขนาดต้นทาง (input size) : (224, 224)
2023-08-24 02:07:41,512 - INFO - อุปกรณ์ที่ใช้ฝึกสอน (device): cuda
2023-08-24 02:07:41,512 - INFO - เวลาที่ใช้ในการฝึกสอน: 15.0 นาที 22.21 วินาที
2023-08-24 02:07:41,512 - INFO - บันทึกข้อความเข้าไปที่: .\train\mask_rcnn_R_50_C4_1x.yaml\20230824-015217\training.log
