2023-08-30 14:41:59,409 - INFO - Total training time: 0:00:10 (0:00:00 on hooks)
2023-08-30 15:00:01,155 - INFO - Total inference time: 0:17:29.487428 (6.727484 s / iter per device, on 1 devices)
2023-08-30 15:00:01,155 - INFO - Total inference pure compute time: 0:04:42 (1.810389 s / iter per device, on 1 devices)
2023-08-30 15:00:02,143 - INFO - Evaluation results for bbox:
|  AP   |  AP50  |  AP75  |  APs  |  APm  |  APl  |
|:-----:|:------:|:------:|:-----:|:-----:|:-----:|
| 2.189 | 4.770  | 1.727  | 0.000 | 0.958 | 2.396 |
2023-08-30 15:00:02,144 - INFO - Per-category bbox AP:
| category        | AP    | category       | AP    | category   | AP    |
|:----------------|:------|:---------------|:------|:-----------|:------|
| b_fully_ripened | 0.119 | b_half_ripened | 0.000 | b_green    | 8.583 |
| l_fully_ripened | 1.912 | l_half_ripened | 0.000 | l_green    | 2.520 |
2023-08-30 15:00:04,615 - INFO - Evaluation results for segm:
|  AP   |  AP50  |  AP75  |  APs  |  APm  |  APl  |
|:-----:|:------:|:------:|:-----:|:-----:|:-----:|
| 2.905 | 4.964  | 2.919  | 0.000 | 0.831 | 3.831 |
2023-08-30 15:00:04,616 - INFO - Per-category segm AP:
| category        | AP    | category       | AP    | category   | AP     |
|:----------------|:------|:---------------|:------|:-----------|:-------|
| b_fully_ripened | 0.178 | b_half_ripened | 0.000 | b_green    | 10.792 |
| l_fully_ripened | 2.420 | l_half_ripened | 0.000 | l_green    | 4.038  |
2023-08-30 15:00:04,815 - INFO - copypaste: Task: bbox
2023-08-30 15:00:04,815 - INFO - copypaste: AP,AP50,AP75,APs,APm,APl
2023-08-30 15:00:04,816 - INFO - copypaste: 2.1888,4.7702,1.7266,0.0000,0.9585,2.3956
2023-08-30 15:00:04,816 - INFO - copypaste: Task: segm
2023-08-30 15:00:04,816 - INFO - copypaste: AP,AP50,AP75,APs,APm,APl
2023-08-30 15:00:04,816 - INFO - copypaste: 2.9048,4.9642,2.9191,0.0000,0.8309,3.8311
2023-08-30 15:00:05,655 - INFO - บันทึกโมเดลทดสอบเสร็จแล้วที่ : .\train\mask_rcnn_R_50_FPN_1x.yaml\20230830-144138\before
2023-08-30 15:00:05,656 - INFO - Base Model: COCO-InstanceSegmentation/mask_rcnn_R_50_FPN_1x.yaml
2023-08-30 15:00:05,656 - INFO - จำนวณรอบการฝึกอบรม (epoch): 100
2023-08-30 15:00:05,656 - INFO - จำนวณอัตราการเรียนรู้ (lr)  : 0.01
2023-08-30 15:00:05,656 - INFO - ขนาดต้นทาง (input size) : (224, 224)
2023-08-30 15:00:05,656 - INFO - อุปกรณ์ที่ใช้ฝึกสอน (device): cuda
2023-08-30 15:00:05,656 - INFO - เวลาที่ใช้ในการฝึกสอน: 18.0 นาที 26.02 วินาที
