2023-09-07 11:45:38,644 - INFO - Total training time: 0:01:30 (0:00:01 on hooks)
2023-09-07 11:51:38,163 - INFO - Total inference time: 0:05:43.497474 (2.201907 s / iter per device, on 1 devices)
2023-09-07 11:51:38,164 - INFO - Total inference pure compute time: 0:00:53 (0.341558 s / iter per device, on 1 devices)
2023-09-07 11:51:38,479 - INFO - Evaluation results for bbox:
|  AP   |  AP50  |  AP75  |  APs  |  APm  |  APl  |
|:-----:|:------:|:------:|:-----:|:-----:|:-----:|
| 0.024 | 0.103  | 0.000  | 0.000 | 0.000 | 0.072 |
2023-09-07 11:51:38,482 - INFO - Per-category bbox AP:
| category        | AP    | category       | AP    | category   | AP    |
|:----------------|:------|:---------------|:------|:-----------|:------|
| b_fully_ripened | 0.000 | b_half_ripened | 0.000 | b_green    | 0.099 |
| l_fully_ripened | 0.000 | l_half_ripened | 0.000 | l_green    | 0.043 |
2023-09-07 11:51:39,316 - INFO - Evaluation results for segm:
|  AP   |  AP50  |  AP75  |  APs  |  APm  |  APl  |
|:-----:|:------:|:------:|:-----:|:-----:|:-----:|
| 0.078 | 0.186  | 0.101  | 0.000 | 0.000 | 0.165 |
2023-09-07 11:51:39,320 - INFO - Per-category segm AP:
| category        | AP    | category       | AP    | category   | AP    |
|:----------------|:------|:---------------|:------|:-----------|:------|
| b_fully_ripened | 0.000 | b_half_ripened | 0.000 | b_green    | 0.396 |
| l_fully_ripened | 0.000 | l_half_ripened | 0.000 | l_green    | 0.073 |
2023-09-07 11:51:39,332 - INFO - copypaste: Task: bbox
2023-09-07 11:51:39,334 - INFO - copypaste: AP,AP50,AP75,APs,APm,APl
2023-09-07 11:51:39,335 - INFO - copypaste: 0.0237,0.1031,0.0000,0.0000,0.0000,0.0715
2023-09-07 11:51:39,337 - INFO - copypaste: Task: segm
2023-09-07 11:51:39,338 - INFO - copypaste: AP,AP50,AP75,APs,APm,APl
2023-09-07 11:51:39,340 - INFO - copypaste: 0.0782,0.1856,0.1008,0.0000,0.0000,0.1650
บันทึกโมเดลทดสอบเสร็จแล้วที่ : ../train/mask_rcnn_R_50_FPN_1x.yaml/20230907-114404/before
Base Model: COCO-InstanceSegmentation/mask_rcnn_R_50_FPN_1x.yaml
จำนวณรอบการฝึกอบรม (epoch): 250
จำนวณอัตราการเรียนรู้ (lr)  : 0.0001
ขนาดต้นทาง (input size) : (224, 224)
อุปกรณ์ที่ใช้ฝึกสอน (device): cuda (T4 on google-colab)
เวลาที่ใช้ในการฝึกสอน: 7.0 นาที 33.79 วินาที
