2023-08-24 09:46:19,188 - INFO - Total training time: 0:00:36 (0:00:00 on hooks)
2023-08-24 10:07:42,706 - INFO - Total inference time: 0:20:52.892514 (8.031362 s / iter per device, on 1 devices)
2023-08-24 10:07:42,706 - INFO - Total inference pure compute time: 0:04:48 (1.851618 s / iter per device, on 1 devices)
2023-08-24 10:07:43,677 - INFO - Evaluation results for bbox:
|  AP   |  AP50  |  AP75  |  APs  |  APm  |  APl  |
|:-----:|:------:|:------:|:-----:|:-----:|:-----:|
| 5.932 | 14.497 | 2.429  | 0.000 | 1.755 | 6.648 |
2023-08-24 10:07:43,678 - INFO - Per-category bbox AP:
| category        | AP    | category       | AP    | category   | AP     |
|:----------------|:------|:---------------|:------|:-----------|:-------|
| b_fully_ripened | 4.126 | b_half_ripened | 5.420 | b_green    | 18.482 |
| l_fully_ripened | 4.061 | l_half_ripened | 0.492 | l_green    | 3.013  |
2023-08-24 10:07:46,081 - INFO - Evaluation results for segm:
|  AP   |  AP50  |  AP75  |  APs  |  APm  |  APl   |
|:-----:|:------:|:------:|:-----:|:-----:|:------:|
| 8.540 | 14.774 | 9.277  | 0.000 | 0.724 | 10.090 |
2023-08-24 10:07:46,082 - INFO - Per-category segm AP:
| category        | AP    | category       | AP    | category   | AP     |
|:----------------|:------|:---------------|:------|:-----------|:-------|
| b_fully_ripened | 7.091 | b_half_ripened | 7.795 | b_green    | 27.172 |
| l_fully_ripened | 4.942 | l_half_ripened | 0.582 | l_green    | 3.658  |
2023-08-24 10:07:46,281 - INFO - copypaste: Task: bbox
2023-08-24 10:07:46,281 - INFO - copypaste: AP,AP50,AP75,APs,APm,APl
2023-08-24 10:07:46,281 - INFO - copypaste: 5.9324,14.4970,2.4288,0.0000,1.7553,6.6476
2023-08-24 10:07:46,281 - INFO - copypaste: Task: segm
2023-08-24 10:07:46,281 - INFO - copypaste: AP,AP50,AP75,APs,APm,APl
2023-08-24 10:07:46,282 - INFO - copypaste: 8.5401,14.7741,9.2772,0.0000,0.7236,10.0900
2023-08-24 10:07:47,189 - INFO - บันทึกโมเดลทดสอบเสร็จแล้วที่ : .\train\mask_rcnn_R_50_C4_1x.yaml\20230824-094530\before
2023-08-24 10:07:47,189 - INFO - Base Model: COCO-InstanceSegmentation/mask_rcnn_R_50_C4_1x.yaml
2023-08-24 10:07:47,189 - INFO - จำนวณรอบการฝึกอบรม (epoch): 100
2023-08-24 10:07:47,189 - INFO - จำนวณอัตราการเรียนรู้ (lr)  : 0.001
2023-08-24 10:07:47,189 - INFO - ขนาดต้นทาง (input size) : (224, 224)
2023-08-24 10:07:47,189 - INFO - อุปกรณ์ที่ใช้ฝึกสอน (device): cuda
2023-08-24 10:07:47,190 - INFO - เวลาที่ใช้ในการฝึกสอน: 22.0 นาที 14.97 วินาที
2023-08-24 10:07:47,190 - INFO - บันทึกข้อความเข้าไปที่: .\train\mask_rcnn_R_50_C4_1x.yaml\20230824-094530\training.log
