2023-08-26 17:24:04,969 - INFO - Total training time: 0:05:20 (0:00:01 on hooks)
2023-08-26 17:38:28,443 - INFO - Total inference time: 0:13:50.884839 (5.326185 s / iter per device, on 1 devices)
2023-08-26 17:38:28,443 - INFO - Total inference pure compute time: 0:03:43 (1.433066 s / iter per device, on 1 devices)
2023-08-26 17:38:28,918 - INFO - Evaluation results for bbox:
|   AP   |  AP50  |  AP75  |  APs  |  APm  |  APl   |
|:------:|:------:|:------:|:-----:|:-----:|:------:|
| 23.743 | 38.523 | 24.748 | 0.000 | 5.192 | 25.956 |
2023-08-26 17:38:28,919 - INFO - Per-category bbox AP:
| category        | AP     | category       | AP     | category   | AP     |
|:----------------|:-------|:---------------|:-------|:-----------|:-------|
| b_fully_ripened | 38.040 | b_half_ripened | 19.272 | b_green    | 37.788 |
| l_fully_ripened | 17.960 | l_half_ripened | 12.203 | l_green    | 17.195 |
2023-08-26 17:38:29,768 - INFO - Evaluation results for segm:
|   AP   |  AP50  |  AP75  |  APs  |  APm  |  APl   |
|:------:|:------:|:------:|:-----:|:-----:|:------:|
| 25.479 | 38.712 | 27.544 | 0.000 | 3.794 | 29.894 |
2023-08-26 17:38:29,768 - INFO - Per-category segm AP:
| category        | AP     | category       | AP     | category   | AP     |
|:----------------|:-------|:---------------|:-------|:-----------|:-------|
| b_fully_ripened | 39.848 | b_half_ripened | 20.486 | b_green    | 41.756 |
| l_fully_ripened | 18.781 | l_half_ripened | 12.722 | l_green    | 19.281 |
2023-08-26 17:38:29,865 - INFO - copypaste: Task: bbox
2023-08-26 17:38:29,865 - INFO - copypaste: AP,AP50,AP75,APs,APm,APl
2023-08-26 17:38:29,865 - INFO - copypaste: 23.7429,38.5228,24.7478,0.0000,5.1923,25.9562
2023-08-26 17:38:29,865 - INFO - copypaste: Task: segm
2023-08-26 17:38:29,865 - INFO - copypaste: AP,AP50,AP75,APs,APm,APl
2023-08-26 17:38:29,865 - INFO - copypaste: 25.4789,38.7119,27.5440,0.0000,3.7937,29.8938
2023-08-26 17:38:30,722 - INFO - บันทึกโมเดลทดสอบเสร็จแล้วที่ : .\train\mask_rcnn_R_50_C4_1x.yaml\20230826-171835\before
2023-08-26 17:38:30,722 - INFO - Base Model: COCO-InstanceSegmentation/mask_rcnn_R_50_C4_1x.yaml
2023-08-26 17:38:30,722 - INFO - จำนวณรอบการฝึกอบรม (epoch): 850
2023-08-26 17:38:30,722 - INFO - จำนวณอัตราการเรียนรู้ (lr)  : 0.001
2023-08-26 17:38:30,723 - INFO - ขนาดต้นทาง (input size) : (224, 224)
2023-08-26 17:38:30,723 - INFO - อุปกรณ์ที่ใช้ฝึกสอน (device): cuda
2023-08-26 17:38:30,723 - INFO - เวลาที่ใช้ในการฝึกสอน: 19.0 นาที 53.90 วินาที
