2023-09-03 02:01:45,916 - INFO - Total training time: 0:05:45 (0:00:02 on hooks)
2023-09-03 02:06:26,973 - INFO - Total inference time: 0:04:29.998480 (1.730759 s / iter per device, on 1 devices)
2023-09-03 02:06:26,974 - INFO - Total inference pure compute time: 0:01:28 (0.565152 s / iter per device, on 1 devices)
2023-09-03 02:06:27,273 - INFO - Evaluation results for bbox:
|   AP   |  AP50  |  AP75  |  APs  |  APm  |  APl   |
|:------:|:------:|:------:|:-----:|:-----:|:------:|
| 48.716 | 69.977 | 57.969 | 0.000 | 8.032 | 51.983 |
2023-09-03 02:06:27,276 - INFO - Per-category bbox AP:
| category        | AP     | category       | AP     | category   | AP     |
|:----------------|:-------|:---------------|:-------|:-----------|:-------|
| b_fully_ripened | 41.982 | b_half_ripened | 45.901 | b_green    | 53.046 |
| l_fully_ripened | 56.700 | l_half_ripened | 49.759 | l_green    | 44.904 |
2023-09-03 02:06:28,183 - INFO - Evaluation results for segm:
|   AP   |  AP50  |  AP75  |  APs  |  APm  |  APl   |
|:------:|:------:|:------:|:-----:|:-----:|:------:|
| 53.674 | 69.936 | 61.881 | 0.000 | 6.152 | 57.464 |
2023-09-03 02:06:28,187 - INFO - Per-category segm AP:
| category        | AP     | category       | AP     | category   | AP     |
|:----------------|:-------|:---------------|:-------|:-----------|:-------|
| b_fully_ripened | 51.557 | b_half_ripened | 50.681 | b_green    | 57.363 |
| l_fully_ripened | 60.235 | l_half_ripened | 53.642 | l_green    | 48.567 |
2023-09-03 02:06:28,200 - INFO - copypaste: Task: bbox
2023-09-03 02:06:28,201 - INFO - copypaste: AP,AP50,AP75,APs,APm,APl
2023-09-03 02:06:28,202 - INFO - copypaste: 48.7155,69.9770,57.9689,0.0000,8.0316,51.9829
2023-09-03 02:06:28,204 - INFO - copypaste: Task: segm
2023-09-03 02:06:28,206 - INFO - copypaste: AP,AP50,AP75,APs,APm,APl
2023-09-03 02:06:28,206 - INFO - copypaste: 53.6743,69.9358,61.8807,0.0000,6.1522,57.4636
บันทึกโมเดลทดสอบเสร็จแล้วที่ : ../train/mask_rcnn_R_50_C4_1x.yaml/20230903-015556/before
Base Model: COCO-InstanceSegmentation/mask_rcnn_R_50_C4_1x.yaml
จำนวณรอบการฝึกอบรม (epoch): 1300
จำนวณอัตราการเรียนรู้ (lr)  : 0.001
ขนาดต้นทาง (input size) : (672, 672)
อุปกรณ์ที่ใช้ฝึกสอน (device): cuda (T4 on google-colab)
เวลาที่ใช้ในการฝึกสอน: 10.0 นาที 30.57 วินาที
