2023-09-02 18:18:44,271 - INFO - Total training time: 0:01:56 (0:00:01 on hooks)
2023-09-02 18:28:42,607 - INFO - Total inference time: 0:09:32.771975 (3.671615 s / iter per device, on 1 devices)
2023-09-02 18:28:42,608 - INFO - Total inference pure compute time: 0:02:19 (0.894388 s / iter per device, on 1 devices)
2023-09-02 18:28:43,178 - INFO - Evaluation results for bbox:
|  AP   |  AP50  |  AP75  |  APs  |  APm  |  APl  |
|:-----:|:------:|:------:|:-----:|:-----:|:-----:|
| 7.480 | 20.010 | 2.460  | 0.000 | 2.241 | 7.941 |
2023-09-02 18:28:43,180 - INFO - Per-category bbox AP:
| category        | AP     | category       | AP    | category   | AP     |
|:----------------|:-------|:---------------|:------|:-----------|:-------|
| b_fully_ripened | 4.564  | b_half_ripened | 4.637 | b_green    | 12.875 |
| l_fully_ripened | 12.611 | l_half_ripened | 0.055 | l_green    | 10.135 |
2023-09-02 18:28:44,184 - INFO - Evaluation results for segm:
|   AP   |  AP50  |  AP75  |  APs  |  APm  |  APl   |
|:------:|:------:|:------:|:-----:|:-----:|:------:|
| 10.970 | 20.624 | 10.503 | 0.000 | 1.707 | 11.694 |
2023-09-02 18:28:44,187 - INFO - Per-category segm AP:
| category        | AP     | category       | AP    | category   | AP     |
|:----------------|:-------|:---------------|:------|:-----------|:-------|
| b_fully_ripened | 8.318  | b_half_ripened | 8.302 | b_green    | 19.649 |
| l_fully_ripened | 18.048 | l_half_ripened | 0.050 | l_green    | 11.452 |
2023-09-02 18:28:44,209 - INFO - copypaste: Task: bbox
2023-09-02 18:28:44,209 - INFO - copypaste: AP,AP50,AP75,APs,APm,APl
2023-09-02 18:28:44,211 - INFO - copypaste: 7.4796,20.0098,2.4600,0.0000,2.2411,7.9413
2023-09-02 18:28:44,213 - INFO - copypaste: Task: segm
2023-09-02 18:28:44,214 - INFO - copypaste: AP,AP50,AP75,APs,APm,APl
2023-09-02 18:28:44,215 - INFO - copypaste: 10.9698,20.6239,10.5030,0.0000,1.7069,11.6938
บันทึกโมเดลทดสอบเสร็จแล้วที่ : ../train/mask_rcnn_R_50_C4_1x.yaml/20230902-181644/before
Base Model: COCO-InstanceSegmentation/mask_rcnn_R_50_C4_1x.yaml
จำนวณรอบการฝึกอบรม (epoch): 400
จำนวณอัตราการเรียนรู้ (lr)  : 0.0001
ขนาดต้นทาง (input size) : (672, 672)
อุปกรณ์ที่ใช้ฝึกสอน (device): cuda (T4 on google-colab)
เวลาที่ใช้ในการฝึกสอน: 11.0 นาที 58.61 วินาที
