2023-09-02 18:51:23,559 - INFO - Total training time: 0:02:28 (0:00:01 on hooks)
2023-09-02 19:01:54,667 - INFO - Total inference time: 0:09:46.126921 (3.757224 s / iter per device, on 1 devices)
2023-09-02 19:01:54,668 - INFO - Total inference pure compute time: 0:01:55 (0.741183 s / iter per device, on 1 devices)
2023-09-02 19:01:55,054 - INFO - Evaluation results for bbox:
|   AP   |  AP50  |  AP75  |  APs  |  APm  |  APl   |
|:------:|:------:|:------:|:-----:|:-----:|:------:|
| 36.219 | 55.277 | 42.069 | 0.000 | 8.646 | 38.969 |
2023-09-02 19:01:55,057 - INFO - Per-category bbox AP:
| category        | AP     | category       | AP     | category   | AP     |
|:----------------|:-------|:---------------|:-------|:-----------|:-------|
| b_fully_ripened | 26.831 | b_half_ripened | 27.583 | b_green    | 39.716 |
| l_fully_ripened | 42.677 | l_half_ripened | 39.747 | l_green    | 40.759 |
2023-09-02 19:01:55,814 - INFO - Evaluation results for segm:
|   AP   |  AP50  |  AP75  |  APs  |  APm  |  APl   |
|:------:|:------:|:------:|:-----:|:-----:|:------:|
| 41.123 | 55.334 | 47.337 | 0.000 | 5.357 | 44.455 |
2023-09-02 19:01:55,818 - INFO - Per-category segm AP:
| category        | AP     | category       | AP     | category   | AP     |
|:----------------|:-------|:---------------|:-------|:-----------|:-------|
| b_fully_ripened | 34.933 | b_half_ripened | 30.078 | b_green    | 49.494 |
| l_fully_ripened | 47.453 | l_half_ripened | 41.679 | l_green    | 43.099 |
2023-09-02 19:01:55,835 - INFO - copypaste: Task: bbox
2023-09-02 19:01:55,836 - INFO - copypaste: AP,AP50,AP75,APs,APm,APl
2023-09-02 19:01:55,837 - INFO - copypaste: 36.2188,55.2769,42.0686,0.0000,8.6460,38.9690
2023-09-02 19:01:55,839 - INFO - copypaste: Task: segm
2023-09-02 19:01:55,840 - INFO - copypaste: AP,AP50,AP75,APs,APm,APl
2023-09-02 19:01:55,842 - INFO - copypaste: 41.1227,55.3339,47.3373,0.0000,5.3566,44.4552
บันทึกโมเดลทดสอบเสร็จแล้วที่ : ../train/mask_rcnn_R_50_C4_1x.yaml/20230902-184851/before
Base Model: COCO-InstanceSegmentation/mask_rcnn_R_50_C4_1x.yaml
จำนวณรอบการฝึกอบรม (epoch): 550
จำนวณอัตราการเรียนรู้ (lr)  : 0.001
ขนาดต้นทาง (input size) : (672, 672)
อุปกรณ์ที่ใช้ฝึกสอน (device): cuda (T4 on google-colab)
เวลาที่ใช้ในการฝึกสอน: 13.0 นาที 3.49 วินาที
