2023-09-07 09:56:04,726 - INFO - Total training time: 0:00:56 (0:00:03 on hooks)
2023-09-07 09:58:04,793 - INFO - Total inference time: 0:01:50.989841 (0.711473 s / iter per device, on 1 devices)
2023-09-07 09:58:04,795 - INFO - Total inference pure compute time: 0:00:23 (0.152102 s / iter per device, on 1 devices)
2023-09-07 09:58:04,930 - INFO - Evaluation results for bbox:
|  AP   |  AP50  |  AP75  |  APs  |  APm  |  APl  |
|:-----:|:------:|:------:|:-----:|:-----:|:-----:|
| 0.002 | 0.007  | 0.000  | 0.000 | 0.000 | 0.050 |
2023-09-07 09:58:04,933 - INFO - Per-category bbox AP:
| category        | AP    | category       | AP    | category   | AP    |
|:----------------|:------|:---------------|:------|:-----------|:------|
| b_fully_ripened | 0.000 | b_half_ripened | 0.000 | b_green    | 0.000 |
| l_fully_ripened | 0.000 | l_half_ripened | 0.000 | l_green    | 0.012 |
2023-09-07 09:58:05,233 - INFO - Evaluation results for segm:
|  AP   |  AP50  |  AP75  |  APs  |  APm  |  APl  |
|:-----:|:------:|:------:|:-----:|:-----:|:-----:|
| 0.003 | 0.007  | 0.000  | 0.000 | 0.000 | 0.066 |
2023-09-07 09:58:05,237 - INFO - Per-category segm AP:
| category        | AP    | category       | AP    | category   | AP    |
|:----------------|:------|:---------------|:------|:-----------|:------|
| b_fully_ripened | 0.000 | b_half_ripened | 0.000 | b_green    | 0.000 |
| l_fully_ripened | 0.000 | l_half_ripened | 0.000 | l_green    | 0.017 |
2023-09-07 09:58:05,243 - INFO - copypaste: Task: bbox
2023-09-07 09:58:05,244 - INFO - copypaste: AP,AP50,AP75,APs,APm,APl
2023-09-07 09:58:05,246 - INFO - copypaste: 0.0021,0.0069,0.0000,0.0000,0.0000,0.0495
2023-09-07 09:58:05,247 - INFO - copypaste: Task: segm
2023-09-07 09:58:05,249 - INFO - copypaste: AP,AP50,AP75,APs,APm,APl
2023-09-07 09:58:05,250 - INFO - copypaste: 0.0028,0.0069,0.0000,0.0000,0.0000,0.0660
บันทึกโมเดลทดสอบเสร็จแล้วที่ : ../train/mask_rcnn_R_50_FPN_1x.yaml/20230907-025454/before
Base Model: COCO-InstanceSegmentation/mask_rcnn_R_50_FPN_1x.yaml
จำนวณรอบการฝึกอบรม (epoch): 100
จำนวณอัตราการเรียนรู้ (lr)  : 0.0001
ขนาดต้นทาง (input size) : (224, 224)
อุปกรณ์ที่ใช้ฝึกสอน (device): cuda (T4 on google-colab)
เวลาที่ใช้ในการฝึกสอน: 3.0 นาที 9.36 วินาที
