2023-09-02 17:56:16,025 - INFO - Total training time: 0:02:37 (0:00:01 on hooks)
2023-09-02 18:02:32,063 - INFO - Total inference time: 0:05:41.088908 (2.186467 s / iter per device, on 1 devices)
2023-09-02 18:02:32,065 - INFO - Total inference pure compute time: 0:01:38 (0.631773 s / iter per device, on 1 devices)
2023-09-02 18:02:32,401 - INFO - Evaluation results for bbox:
|   AP   |  AP50  |  AP75  |  APs  |  APm  |  APl   |
|:------:|:------:|:------:|:-----:|:-----:|:------:|
| 16.263 | 30.350 | 14.918 | 0.000 | 0.755 | 17.819 |
2023-09-02 18:02:32,404 - INFO - Per-category bbox AP:
| category        | AP     | category       | AP     | category   | AP     |
|:----------------|:-------|:---------------|:-------|:-----------|:-------|
| b_fully_ripened | 11.007 | b_half_ripened | 9.653  | b_green    | 17.250 |
| l_fully_ripened | 19.850 | l_half_ripened | 22.252 | l_green    | 17.566 |
2023-09-02 18:02:33,144 - INFO - Evaluation results for segm:
|   AP   |  AP50  |  AP75  |  APs  |  APm  |  APl   |
|:------:|:------:|:------:|:-----:|:-----:|:------:|
| 20.855 | 30.809 | 24.770 | 0.000 | 0.685 | 23.019 |
2023-09-02 18:02:33,149 - INFO - Per-category segm AP:
| category        | AP     | category       | AP     | category   | AP     |
|:----------------|:-------|:---------------|:-------|:-----------|:-------|
| b_fully_ripened | 13.650 | b_half_ripened | 12.967 | b_green    | 19.696 |
| l_fully_ripened | 26.841 | l_half_ripened | 25.129 | l_green    | 26.844 |
2023-09-02 18:02:33,162 - INFO - copypaste: Task: bbox
2023-09-02 18:02:33,163 - INFO - copypaste: AP,AP50,AP75,APs,APm,APl
2023-09-02 18:02:33,164 - INFO - copypaste: 16.2630,30.3505,14.9180,0.0000,0.7552,17.8186
2023-09-02 18:02:33,166 - INFO - copypaste: Task: segm
2023-09-02 18:02:33,167 - INFO - copypaste: AP,AP50,AP75,APs,APm,APl
2023-09-02 18:02:33,168 - INFO - copypaste: 20.8546,30.8087,24.7697,0.0000,0.6855,23.0195
บันทึกโมเดลทดสอบเสร็จแล้วที่ : ../train/mask_rcnn_R_50_C4_1x.yaml/20230902-175335/before
Base Model: COCO-InstanceSegmentation/mask_rcnn_R_50_C4_1x.yaml
จำนวณรอบการฝึกอบรม (epoch): 400
จำนวณอัตราการเรียนรู้ (lr)  : 0.01
ขนาดต้นทาง (input size) : (672, 672)
อุปกรณ์ที่ใช้ฝึกสอน (device): cuda (T4 on google-colab)
เวลาที่ใช้ในการฝึกสอน: 8.0 นาที 56.65 วินาที
