2023-09-02 23:18:28,567 - INFO - Total training time: 0:04:24 (0:00:02 on hooks)
2023-09-02 23:32:01,488 - INFO - Total inference time: 0:12:44.544777 (4.900928 s / iter per device, on 1 devices)
2023-09-02 23:32:01,489 - INFO - Total inference pure compute time: 0:02:11 (0.845822 s / iter per device, on 1 devices)
2023-09-02 23:32:02,008 - INFO - Evaluation results for bbox:
|   AP   |  AP50  |  AP75  |  APs  |  APm  |  APl   |
|:------:|:------:|:------:|:-----:|:-----:|:------:|
| 18.332 | 35.118 | 17.034 | 0.000 | 1.340 | 20.105 |
2023-09-02 23:32:02,012 - INFO - Per-category bbox AP:
| category        | AP     | category       | AP     | category   | AP     |
|:----------------|:-------|:---------------|:-------|:-----------|:-------|
| b_fully_ripened | 7.758  | b_half_ripened | 14.913 | b_green    | 31.341 |
| l_fully_ripened | 14.702 | l_half_ripened | 25.004 | l_green    | 16.275 |
2023-09-02 23:32:02,928 - INFO - Evaluation results for segm:
|   AP   |  AP50  |  AP75  |  APs  |  APm  |  APl   |
|:------:|:------:|:------:|:-----:|:-----:|:------:|
| 22.721 | 35.748 | 24.154 | 0.000 | 0.944 | 25.424 |
2023-09-02 23:32:02,931 - INFO - Per-category segm AP:
| category        | AP     | category       | AP     | category   | AP     |
|:----------------|:-------|:---------------|:-------|:-----------|:-------|
| b_fully_ripened | 9.643  | b_half_ripened | 20.743 | b_green    | 37.121 |
| l_fully_ripened | 18.367 | l_half_ripened | 29.217 | l_green    | 21.236 |
2023-09-02 23:32:02,953 - INFO - copypaste: Task: bbox
2023-09-02 23:32:02,954 - INFO - copypaste: AP,AP50,AP75,APs,APm,APl
2023-09-02 23:32:02,956 - INFO - copypaste: 18.3322,35.1181,17.0339,0.0000,1.3403,20.1048
2023-09-02 23:32:02,957 - INFO - copypaste: Task: segm
2023-09-02 23:32:02,958 - INFO - copypaste: AP,AP50,AP75,APs,APm,APl
2023-09-02 23:32:02,961 - INFO - copypaste: 22.7213,35.7482,24.1544,0.0000,0.9444,25.4240
บันทึกโมเดลทดสอบเสร็จแล้วที่ : ../train/mask_rcnn_R_50_C4_1x.yaml/20230902-231400/before
Base Model: COCO-InstanceSegmentation/mask_rcnn_R_50_C4_1x.yaml
จำนวณรอบการฝึกอบรม (epoch): 1000
จำนวณอัตราการเรียนรู้ (lr)  : 0.01
ขนาดต้นทาง (input size) : (672, 672)
อุปกรณ์ที่ใช้ฝึกสอน (device): cuda (A100 on google-colab)
เวลาที่ใช้ในการฝึกสอน: 18.0 นาที 1.33 วินาที
