2023-08-31 22:32:36,134 - INFO - Total training time: 0:01:59 (0:00:00 on hooks)
2023-08-31 22:52:01,363 - INFO - Total inference time: 0:18:45.319807 (7.213589 s / iter per device, on 1 devices)
2023-08-31 22:52:01,363 - INFO - Total inference pure compute time: 0:08:29 (3.266350 s / iter per device, on 1 devices)
2023-08-31 22:52:01,742 - INFO - Evaluation results for bbox:
|   AP   |  AP50  |  AP75  |  APs  |  APm  |  APl   |
|:------:|:------:|:------:|:-----:|:-----:|:------:|
| 10.614 | 21.435 | 9.188  | 0.000 | 1.049 | 11.367 |
2023-08-31 22:52:01,742 - INFO - Per-category bbox AP:
| category        | AP     | category       | AP    | category   | AP     |
|:----------------|:-------|:---------------|:------|:-----------|:-------|
| b_fully_ripened | 10.371 | b_half_ripened | 7.751 | b_green    | 18.277 |
| l_fully_ripened | 22.488 | l_half_ripened | 2.459 | l_green    | 2.339  |
2023-08-31 22:52:02,528 - INFO - Evaluation results for segm:
|   AP   |  AP50  |  AP75  |  APs  |  APm  |  APl   |
|:------:|:------:|:------:|:-----:|:-----:|:------:|
| 12.873 | 21.031 | 13.794 | 0.000 | 0.709 | 13.878 |
2023-08-31 22:52:02,529 - INFO - Per-category segm AP:
| category        | AP     | category       | AP     | category   | AP     |
|:----------------|:-------|:---------------|:-------|:-----------|:-------|
| b_fully_ripened | 11.820 | b_half_ripened | 10.447 | b_green    | 20.617 |
| l_fully_ripened | 28.546 | l_half_ripened | 3.204  | l_green    | 2.605  |
2023-08-31 22:52:02,638 - INFO - copypaste: Task: bbox
2023-08-31 22:52:02,638 - INFO - copypaste: AP,AP50,AP75,APs,APm,APl
2023-08-31 22:52:02,638 - INFO - copypaste: 10.6140,21.4351,9.1877,0.0000,1.0487,11.3672
2023-08-31 22:52:02,638 - INFO - copypaste: Task: segm
2023-08-31 22:52:02,638 - INFO - copypaste: AP,AP50,AP75,APs,APm,APl
2023-08-31 22:52:02,638 - INFO - copypaste: 12.8731,21.0311,13.7943,0.0000,0.7090,13.8784
2023-08-31 22:52:03,086 - INFO - บันทึกโมเดลทดสอบเสร็จแล้วที่ : .\train\mask_rcnn_R_50_C4_1x.yaml\20230831-223028\before
2023-08-31 22:52:03,086 - INFO - Base Model: COCO-InstanceSegmentation/mask_rcnn_R_50_C4_1x.yaml
2023-08-31 22:52:03,086 - INFO - จำนวณรอบการฝึกอบรม (epoch): 550
2023-08-31 22:52:03,086 - INFO - จำนวณอัตราการเรียนรู้ (lr)  : 0.01
2023-08-31 22:52:03,086 - INFO - ขนาดต้นทาง (input size) : (336, 336)
2023-08-31 22:52:03,086 - INFO - อุปกรณ์ที่ใช้ฝึกสอน (device): cuda
2023-08-31 22:52:03,086 - INFO - เวลาที่ใช้ในการฝึกสอน: 21.0 นาที 33.40 วินาที
