2023-08-31 21:51:49,793 - INFO - Total training time: 0:01:26 (0:00:00 on hooks)
2023-08-31 22:09:03,033 - INFO - Total inference time: 0:16:36.625339 (6.388624 s / iter per device, on 1 devices)
2023-08-31 22:09:03,033 - INFO - Total inference pure compute time: 0:06:18 (2.425452 s / iter per device, on 1 devices)
2023-08-31 22:09:03,416 - INFO - Evaluation results for bbox:
|  AP   |  AP50  |  AP75  |  APs  |  APm  |  APl  |
|:-----:|:------:|:------:|:-----:|:-----:|:-----:|
| 6.910 | 17.343 | 2.585  | 0.000 | 1.107 | 7.241 |
2023-08-31 22:09:03,416 - INFO - Per-category bbox AP:
| category        | AP    | category       | AP    | category   | AP     |
|:----------------|:------|:---------------|:------|:-----------|:-------|
| b_fully_ripened | 5.426 | b_half_ripened | 3.649 | b_green    | 22.331 |
| l_fully_ripened | 3.825 | l_half_ripened | 0.000 | l_green    | 6.229  |
2023-08-31 22:09:04,141 - INFO - Evaluation results for segm:
|  AP   |  AP50  |  AP75  |  APs  |  APm  |  APl   |
|:-----:|:------:|:------:|:-----:|:-----:|:------:|
| 9.832 | 18.280 | 10.082 | 0.000 | 0.875 | 10.545 |
2023-08-31 22:09:04,142 - INFO - Per-category segm AP:
| category        | AP    | category       | AP    | category   | AP     |
|:----------------|:------|:---------------|:------|:-----------|:-------|
| b_fully_ripened | 8.721 | b_half_ripened | 6.492 | b_green    | 30.111 |
| l_fully_ripened | 5.716 | l_half_ripened | 0.000 | l_green    | 7.955  |
2023-08-31 22:09:04,224 - INFO - copypaste: Task: bbox
2023-08-31 22:09:04,224 - INFO - copypaste: AP,AP50,AP75,APs,APm,APl
2023-08-31 22:09:04,224 - INFO - copypaste: 6.9099,17.3427,2.5848,0.0000,1.1068,7.2412
2023-08-31 22:09:04,224 - INFO - copypaste: Task: segm
2023-08-31 22:09:04,224 - INFO - copypaste: AP,AP50,AP75,APs,APm,APl
2023-08-31 22:09:04,224 - INFO - copypaste: 9.8325,18.2795,10.0816,0.0000,0.8749,10.5453
2023-08-31 22:09:04,695 - INFO - บันทึกโมเดลทดสอบเสร็จแล้วที่ : .\train\mask_rcnn_R_50_C4_1x.yaml\20230831-215013\before
2023-08-31 22:09:04,695 - INFO - Base Model: COCO-InstanceSegmentation/mask_rcnn_R_50_C4_1x.yaml
2023-08-31 22:09:04,695 - INFO - จำนวณรอบการฝึกอบรม (epoch): 400
2023-08-31 22:09:04,695 - INFO - จำนวณอัตราการเรียนรู้ (lr)  : 0.0001
2023-08-31 22:09:04,695 - INFO - ขนาดต้นทาง (input size) : (336, 336)
2023-08-31 22:09:04,695 - INFO - อุปกรณ์ที่ใช้ฝึกสอน (device): cuda
2023-08-31 22:09:04,695 - INFO - เวลาที่ใช้ในการฝึกสอน: 18.0 นาที 50.19 วินาที
