2023-09-02 20:00:15,453 - INFO - Total training time: 0:02:56 (0:00:01 on hooks)
2023-09-02 20:06:19,439 - INFO - Total inference time: 0:05:50.675567 (2.247920 s / iter per device, on 1 devices)
2023-09-02 20:06:19,440 - INFO - Total inference pure compute time: 0:01:47 (0.687113 s / iter per device, on 1 devices)
2023-09-02 20:06:19,809 - INFO - Evaluation results for bbox:
|   AP   |  AP50  |  AP75  |  APs  |  APm  |  APl   |
|:------:|:------:|:------:|:-----:|:-----:|:------:|
| 37.632 | 59.416 | 41.136 | 0.000 | 9.166 | 40.198 |
2023-09-02 20:06:19,811 - INFO - Per-category bbox AP:
| category        | AP     | category       | AP     | category   | AP     |
|:----------------|:-------|:---------------|:-------|:-----------|:-------|
| b_fully_ripened | 26.443 | b_half_ripened | 36.639 | b_green    | 50.248 |
| l_fully_ripened | 41.485 | l_half_ripened | 27.161 | l_green    | 43.815 |
2023-09-02 20:06:20,486 - INFO - Evaluation results for segm:
|   AP   |  AP50  |  AP75  |  APs  |  APm  |  APl   |
|:------:|:------:|:------:|:-----:|:-----:|:------:|
| 43.313 | 59.687 | 50.110 | 0.000 | 6.428 | 46.834 |
2023-09-02 20:06:20,489 - INFO - Per-category segm AP:
| category        | AP     | category       | AP     | category   | AP     |
|:----------------|:-------|:---------------|:-------|:-----------|:-------|
| b_fully_ripened | 33.426 | b_half_ripened | 42.410 | b_green    | 57.452 |
| l_fully_ripened | 43.723 | l_half_ripened | 35.614 | l_green    | 47.256 |
2023-09-02 20:06:20,504 - INFO - copypaste: Task: bbox
2023-09-02 20:06:20,504 - INFO - copypaste: AP,AP50,AP75,APs,APm,APl
2023-09-02 20:06:20,507 - INFO - copypaste: 37.6317,59.4162,41.1360,0.0000,9.1655,40.1980
2023-09-02 20:06:20,508 - INFO - copypaste: Task: segm
2023-09-02 20:06:20,509 - INFO - copypaste: AP,AP50,AP75,APs,APm,APl
2023-09-02 20:06:20,510 - INFO - copypaste: 43.3134,59.6866,50.1096,0.0000,6.4278,46.8341
บันทึกโมเดลทดสอบเสร็จแล้วที่ : ../train/mask_rcnn_R_50_C4_1x.yaml/20230902-195715/before
Base Model: COCO-InstanceSegmentation/mask_rcnn_R_50_C4_1x.yaml
จำนวณรอบการฝึกอบรม (epoch): 700
จำนวณอัตราการเรียนรู้ (lr)  : 0.001
ขนาดต้นทาง (input size) : (672, 672)
อุปกรณ์ที่ใช้ฝึกสอน (device): cuda (A100 on google-colab)
เวลาที่ใช้ในการฝึกสอน: 9.0 นาที 4.37 วินาที
