2023-08-31 18:52:59,172 - INFO - Total training time: 0:00:53 (0:00:00 on hooks)
2023-08-31 19:09:32,010 - INFO - Total inference time: 0:15:50.587901 (6.093512 s / iter per device, on 1 devices)
2023-08-31 19:09:32,011 - INFO - Total inference pure compute time: 0:05:25 (2.088633 s / iter per device, on 1 devices)
2023-08-31 19:09:32,418 - INFO - Evaluation results for bbox:
|  AP   |  AP50  |  AP75  |  APs  |  APm  |  APl  |
|:-----:|:------:|:------:|:-----:|:-----:|:-----:|
| 5.056 | 13.525 | 2.734  | 0.000 | 1.277 | 5.458 |
2023-08-31 19:09:32,419 - INFO - Per-category bbox AP:
| category        | AP     | category       | AP    | category   | AP    |
|:----------------|:-------|:---------------|:------|:-----------|:------|
| b_fully_ripened | 10.244 | b_half_ripened | 1.182 | b_green    | 6.276 |
| l_fully_ripened | 7.145  | l_half_ripened | 0.368 | l_green    | 5.121 |
2023-08-31 19:09:33,166 - INFO - Evaluation results for segm:
|  AP   |  AP50  |  AP75  |  APs  |  APm  |  APl  |
|:-----:|:------:|:------:|:-----:|:-----:|:-----:|
| 6.956 | 14.644 | 5.584  | 0.000 | 0.674 | 7.808 |
2023-08-31 19:09:33,166 - INFO - Per-category segm AP:
| category        | AP     | category       | AP    | category   | AP     |
|:----------------|:-------|:---------------|:------|:-----------|:-------|
| b_fully_ripened | 12.771 | b_half_ripened | 2.554 | b_green    | 10.321 |
| l_fully_ripened | 8.397  | l_half_ripened | 0.611 | l_green    | 7.080  |
2023-08-31 19:09:33,250 - INFO - copypaste: Task: bbox
2023-08-31 19:09:33,250 - INFO - copypaste: AP,AP50,AP75,APs,APm,APl
2023-08-31 19:09:33,250 - INFO - copypaste: 5.0558,13.5251,2.7344,0.0000,1.2766,5.4583
2023-08-31 19:09:33,250 - INFO - copypaste: Task: segm
2023-08-31 19:09:33,250 - INFO - copypaste: AP,AP50,AP75,APs,APm,APl
2023-08-31 19:09:33,250 - INFO - copypaste: 6.9556,14.6443,5.5844,0.0000,0.6738,7.8085
2023-08-31 19:09:33,671 - INFO - บันทึกโมเดลทดสอบเสร็จแล้วที่ : .\train\mask_rcnn_R_50_C4_1x.yaml\20230831-185153\before
2023-08-31 19:09:33,671 - INFO - Base Model: COCO-InstanceSegmentation/mask_rcnn_R_50_C4_1x.yaml
2023-08-31 19:09:33,671 - INFO - จำนวณรอบการฝึกอบรม (epoch): 250
2023-08-31 19:09:33,671 - INFO - จำนวณอัตราการเรียนรู้ (lr)  : 0.0001
2023-08-31 19:09:33,671 - INFO - ขนาดต้นทาง (input size) : (336, 336)
2023-08-31 19:09:33,671 - INFO - อุปกรณ์ที่ใช้ฝึกสอน (device): cuda
2023-08-31 19:09:33,671 - INFO - เวลาที่ใช้ในการฝึกสอน: 17.0 นาที 37.96 วินาที
