2023-08-31 16:34:21,972 - INFO - Total training time: 0:01:01 (0:00:01 on hooks)
2023-08-31 16:57:19,469 - INFO - Total inference time: 0:21:59.504245 (8.458361 s / iter per device, on 1 devices)
2023-08-31 16:57:19,469 - INFO - Total inference pure compute time: 0:09:24 (3.618012 s / iter per device, on 1 devices)
2023-08-31 16:57:20,294 - INFO - Evaluation results for bbox:
|   AP   |  AP50  |  AP75  |  APs  |  APm  |  APl   |
|:------:|:------:|:------:|:-----:|:-----:|:------:|
| 16.876 | 28.007 | 19.316 | 0.000 | 2.007 | 18.865 |
2023-08-31 16:57:20,294 - INFO - Per-category bbox AP:
| category        | AP     | category       | AP     | category   | AP     |
|:----------------|:-------|:---------------|:-------|:-----------|:-------|
| b_fully_ripened | 16.097 | b_half_ripened | 11.328 | b_green    | 41.116 |
| l_fully_ripened | 17.880 | l_half_ripened | 7.216  | l_green    | 7.617  |
2023-08-31 16:57:22,464 - INFO - Evaluation results for segm:
|   AP   |  AP50  |  AP75  |  APs  |  APm  |  APl   |
|:------:|:------:|:------:|:-----:|:-----:|:------:|
| 19.217 | 27.823 | 21.587 | 0.000 | 1.487 | 22.441 |
2023-08-31 16:57:22,464 - INFO - Per-category segm AP:
| category        | AP     | category       | AP     | category   | AP     |
|:----------------|:-------|:---------------|:-------|:-----------|:-------|
| b_fully_ripened | 21.127 | b_half_ripened | 12.354 | b_green    | 45.606 |
| l_fully_ripened | 20.095 | l_half_ripened | 7.645  | l_green    | 8.476  |
2023-08-31 16:57:22,659 - INFO - copypaste: Task: bbox
2023-08-31 16:57:22,660 - INFO - copypaste: AP,AP50,AP75,APs,APm,APl
2023-08-31 16:57:22,660 - INFO - copypaste: 16.8758,28.0068,19.3156,0.0000,2.0071,18.8655
2023-08-31 16:57:22,660 - INFO - copypaste: Task: segm
2023-08-31 16:57:22,660 - INFO - copypaste: AP,AP50,AP75,APs,APm,APl
2023-08-31 16:57:22,660 - INFO - copypaste: 19.2173,27.8235,21.5873,0.0000,1.4872,22.4411
2023-08-31 16:57:23,647 - INFO - บันทึกโมเดลทดสอบเสร็จแล้วที่ : .\train\mask_rcnn_R_50_C4_1x.yaml\20230831-163312\before
2023-08-31 16:57:23,647 - INFO - Base Model: COCO-InstanceSegmentation/mask_rcnn_R_50_C4_1x.yaml
2023-08-31 16:57:23,647 - INFO - จำนวณรอบการฝึกอบรม (epoch): 250
2023-08-31 16:57:23,647 - INFO - จำนวณอัตราการเรียนรู้ (lr)  : 0.001
2023-08-31 16:57:23,648 - INFO - ขนาดต้นทาง (input size) : (336, 336)
2023-08-31 16:57:23,648 - INFO - อุปกรณ์ที่ใช้ฝึกสอน (device): cuda
2023-08-31 16:57:23,648 - INFO - เวลาที่ใช้ในการฝึกสอน: 24.0 นาที 9.80 วินาที
