2023-09-01 18:32:48,161 - INFO - Total training time: 0:05:01 (0:00:02 on hooks)
2023-09-01 18:43:49,648 - INFO - Total inference time: 0:10:07.629700 (3.895062 s / iter per device, on 1 devices)
2023-09-01 18:43:49,649 - INFO - Total inference pure compute time: 0:00:22 (0.145195 s / iter per device, on 1 devices)
2023-09-01 18:43:50,226 - INFO - Evaluation results for bbox:
|   AP   |  AP50  |  AP75  |  APs  |  APm  |  APl   |
|:------:|:------:|:------:|:-----:|:-----:|:------:|
| 18.836 | 32.931 | 20.382 | 0.000 | 3.588 | 21.111 |
2023-09-01 18:43:50,231 - INFO - Per-category bbox AP:
| category        | AP     | category       | AP     | category   | AP     |
|:----------------|:-------|:---------------|:-------|:-----------|:-------|
| b_fully_ripened | 16.845 | b_half_ripened | 17.059 | b_green    | 38.042 |
| l_fully_ripened | 13.424 | l_half_ripened | 10.957 | l_green    | 16.689 |
2023-09-01 18:43:51,271 - INFO - Evaluation results for segm:
|   AP   |  AP50  |  AP75  |  APs  |  APm  |  APl   |
|:------:|:------:|:------:|:-----:|:-----:|:------:|
| 20.831 | 33.194 | 22.912 | 0.000 | 2.636 | 24.898 |
2023-09-01 18:43:51,275 - INFO - Per-category segm AP:
| category        | AP     | category       | AP     | category   | AP     |
|:----------------|:-------|:---------------|:-------|:-----------|:-------|
| b_fully_ripened | 21.622 | b_half_ripened | 19.781 | b_green    | 39.548 |
| l_fully_ripened | 14.535 | l_half_ripened | 12.069 | l_green    | 17.429 |
2023-09-01 18:43:51,299 - INFO - copypaste: Task: bbox
2023-09-01 18:43:51,299 - INFO - copypaste: AP,AP50,AP75,APs,APm,APl
2023-09-01 18:43:51,300 - INFO - copypaste: 18.8359,32.9310,20.3822,0.0000,3.5881,21.1106
2023-09-01 18:43:51,301 - INFO - copypaste: Task: segm
2023-09-01 18:43:51,302 - INFO - copypaste: AP,AP50,AP75,APs,APm,APl
2023-09-01 18:43:51,304 - INFO - copypaste: 20.8308,33.1937,22.9118,0.0000,2.6356,24.8979
บันทึกโมเดลทดสอบเสร็จแล้วที่ : ./train/mask_rcnn_R_50_C4_1x.yaml/20230901-182744/before
Base Model: COCO-InstanceSegmentation/mask_rcnn_R_50_C4_1x.yaml
จำนวณรอบการฝึกอบรม (epoch): 1150
จำนวณอัตราการเรียนรู้ (lr)  : 0.0001
ขนาดต้นทาง (input size) : (336, 336)
อุปกรณ์ที่ใช้ฝึกสอน (device): cuda (A100 on google-colab)
เวลาที่ใช้ในการฝึกสอน: 16.0 นาที 6.35 วินาที
