2023-09-02 20:51:16,344 - INFO - Total training time: 0:03:48 (0:00:01 on hooks)
2023-09-02 21:01:18,182 - INFO - Total inference time: 0:08:59.985909 (3.461448 s / iter per device, on 1 devices)
2023-09-02 21:01:18,183 - INFO - Total inference pure compute time: 0:02:11 (0.841354 s / iter per device, on 1 devices)
2023-09-02 21:01:18,686 - INFO - Evaluation results for bbox:
|   AP   |  AP50  |  AP75  |  APs  |  APm  |  APl   |
|:------:|:------:|:------:|:-----:|:-----:|:------:|
| 15.516 | 28.771 | 14.373 | 0.000 | 1.334 | 17.289 |
2023-09-02 21:01:18,689 - INFO - Per-category bbox AP:
| category        | AP     | category       | AP     | category   | AP     |
|:----------------|:-------|:---------------|:-------|:-----------|:-------|
| b_fully_ripened | 10.677 | b_half_ripened | 15.598 | b_green    | 17.869 |
| l_fully_ripened | 14.276 | l_half_ripened | 11.012 | l_green    | 23.664 |
2023-09-02 21:01:19,956 - INFO - Evaluation results for segm:
|   AP   |  AP50  |  AP75  |  APs  |  APm  |  APl   |
|:------:|:------:|:------:|:-----:|:-----:|:------:|
| 19.054 | 28.987 | 22.408 | 0.000 | 0.282 | 22.025 |
2023-09-02 21:01:19,959 - INFO - Per-category segm AP:
| category        | AP     | category       | AP     | category   | AP     |
|:----------------|:-------|:---------------|:-------|:-----------|:-------|
| b_fully_ripened | 12.519 | b_half_ripened | 18.298 | b_green    | 23.916 |
| l_fully_ripened | 19.202 | l_half_ripened | 13.022 | l_green    | 27.365 |
2023-09-02 21:01:19,979 - INFO - copypaste: Task: bbox
2023-09-02 21:01:19,980 - INFO - copypaste: AP,AP50,AP75,APs,APm,APl
2023-09-02 21:01:19,982 - INFO - copypaste: 15.5160,28.7707,14.3726,0.0000,1.3337,17.2892
2023-09-02 21:01:19,984 - INFO - copypaste: Task: segm
2023-09-02 21:01:19,985 - INFO - copypaste: AP,AP50,AP75,APs,APm,APl
2023-09-02 21:01:19,986 - INFO - copypaste: 19.0536,28.9874,22.4082,0.0000,0.2823,22.0248
บันทึกโมเดลทดสอบเสร็จแล้วที่ : ../train/mask_rcnn_R_50_C4_1x.yaml/20230902-204724/before
Base Model: COCO-InstanceSegmentation/mask_rcnn_R_50_C4_1x.yaml
จำนวณรอบการฝึกอบรม (epoch): 850
จำนวณอัตราการเรียนรู้ (lr)  : 0.01
ขนาดต้นทาง (input size) : (672, 672)
อุปกรณ์ที่ใช้ฝึกสอน (device): cuda (A100 on google-colab)
เวลาที่ใช้ในการฝึกสอน: 13.0 นาที 54.63 วินาที
