2023-09-01 08:10:37,726 - INFO - Total training time: 0:07:52 (0:00:02 on hooks)
2023-09-01 08:23:00,916 - INFO - Total inference time: 0:11:15.317833 (4.328960 s / iter per device, on 1 devices)
2023-09-01 08:23:00,917 - INFO - Total inference pure compute time: 0:02:08 (0.822699 s / iter per device, on 1 devices)
2023-09-01 08:23:01,536 - INFO - Evaluation results for bbox:
|   AP   |  AP50  |  AP75  |  APs  |  APm  |  APl   |
|:------:|:------:|:------:|:-----:|:-----:|:------:|
| 12.023 | 25.705 | 8.461  | 0.000 | 3.012 | 12.935 |
2023-09-01 08:23:01,539 - INFO - Per-category bbox AP:
| category        | AP     | category       | AP    | category   | AP     |
|:----------------|:-------|:---------------|:------|:-----------|:-------|
| b_fully_ripened | 9.131  | b_half_ripened | 8.369 | b_green    | 25.602 |
| l_fully_ripened | 10.654 | l_half_ripened | 3.538 | l_green    | 14.845 |
2023-09-01 08:23:02,996 - INFO - Evaluation results for segm:
|   AP   |  AP50  |  AP75  |  APs  |  APm  |  APl   |
|:------:|:------:|:------:|:-----:|:-----:|:------:|
| 15.015 | 25.897 | 16.214 | 0.000 | 2.293 | 16.943 |
2023-09-01 08:23:03,000 - INFO - Per-category segm AP:
| category        | AP     | category       | AP     | category   | AP     |
|:----------------|:-------|:---------------|:-------|:-----------|:-------|
| b_fully_ripened | 13.800 | b_half_ripened | 11.125 | b_green    | 31.875 |
| l_fully_ripened | 12.390 | l_half_ripened | 5.393  | l_green    | 15.509 |
2023-09-01 08:23:03,028 - INFO - copypaste: Task: bbox
2023-09-01 08:23:03,031 - INFO - copypaste: AP,AP50,AP75,APs,APm,APl
2023-09-01 08:23:03,033 - INFO - copypaste: 12.0233,25.7055,8.4611,0.0000,3.0116,12.9346
2023-09-01 08:23:03,035 - INFO - copypaste: Task: segm
2023-09-01 08:23:03,036 - INFO - copypaste: AP,AP50,AP75,APs,APm,APl
2023-09-01 08:23:03,038 - INFO - copypaste: 15.0153,25.8973,16.2139,0.0000,2.2929,16.9429
บันทึกโมเดลทดสอบเสร็จแล้วที่ : ./train/mask_rcnn_R_50_C4_1x.yaml/20230901-080240/before
Base Model: COCO-InstanceSegmentation/mask_rcnn_R_50_C4_1x.yaml
จำนวณรอบการฝึกอบรม (epoch): 850
จำนวณอัตราการเรียนรู้ (lr)  : 0.0001
ขนาดต้นทาง (input size) : (336, 336)
อุปกรณ์ที่ใช้ฝึกสอน (device): cuda
เวลาที่ใช้ในการฝึกสอน: 20.0 นาที 21.30 วินาที
