2023-08-31 15:59:18,121 - INFO - Total training time: 0:00:55 (0:00:00 on hooks)
2023-08-31 16:21:56,281 - INFO - Total inference time: 0:21:57.600049 (8.446154 s / iter per device, on 1 devices)
2023-08-31 16:21:56,281 - INFO - Total inference pure compute time: 0:09:35 (3.691402 s / iter per device, on 1 devices)
2023-08-31 16:21:56,691 - INFO - Evaluation results for bbox:
|   AP   |  AP50  |  AP75  |  APs  |  APm  |  APl   |
|:------:|:------:|:------:|:-----:|:-----:|:------:|
| 13.357 | 26.866 | 11.543 | 0.000 | 2.198 | 14.615 |
2023-08-31 16:21:56,691 - INFO - Per-category bbox AP:
| category        | AP     | category       | AP     | category   | AP     |
|:----------------|:-------|:---------------|:-------|:-----------|:-------|
| b_fully_ripened | 8.161  | b_half_ripened | 13.839 | b_green    | 18.125 |
| l_fully_ripened | 14.740 | l_half_ripened | 6.526  | l_green    | 18.752 |
2023-08-31 16:21:57,513 - INFO - Evaluation results for segm:
|   AP   |  AP50  |  AP75  |  APs  |  APm  |  APl   |
|:------:|:------:|:------:|:-----:|:-----:|:------:|
| 16.822 | 26.984 | 18.942 | 0.000 | 1.307 | 18.880 |
2023-08-31 16:21:57,514 - INFO - Per-category segm AP:
| category        | AP     | category       | AP     | category   | AP     |
|:----------------|:-------|:---------------|:-------|:-----------|:-------|
| b_fully_ripened | 9.189  | b_half_ripened | 17.598 | b_green    | 27.975 |
| l_fully_ripened | 17.094 | l_half_ripened | 7.495  | l_green    | 21.583 |
2023-08-31 16:21:57,609 - INFO - copypaste: Task: bbox
2023-08-31 16:21:57,609 - INFO - copypaste: AP,AP50,AP75,APs,APm,APl
2023-08-31 16:21:57,609 - INFO - copypaste: 13.3570,26.8662,11.5432,0.0000,2.1981,14.6155
2023-08-31 16:21:57,609 - INFO - copypaste: Task: segm
2023-08-31 16:21:57,609 - INFO - copypaste: AP,AP50,AP75,APs,APm,APl
2023-08-31 16:21:57,609 - INFO - copypaste: 16.8224,26.9839,18.9419,0.0000,1.3074,18.8797
2023-08-31 16:21:58,112 - INFO - บันทึกโมเดลทดสอบเสร็จแล้วที่ : .\train\mask_rcnn_R_50_C4_1x.yaml\20230831-155811\before
2023-08-31 16:21:58,112 - INFO - Base Model: COCO-InstanceSegmentation/mask_rcnn_R_50_C4_1x.yaml
2023-08-31 16:21:58,112 - INFO - จำนวณรอบการฝึกอบรม (epoch): 250
2023-08-31 16:21:58,112 - INFO - จำนวณอัตราการเรียนรู้ (lr)  : 0.01
2023-08-31 16:21:58,112 - INFO - ขนาดต้นทาง (input size) : (336, 336)
2023-08-31 16:21:58,113 - INFO - อุปกรณ์ที่ใช้ฝึกสอน (device): cuda
2023-08-31 16:21:58,113 - INFO - เวลาที่ใช้ในการฝึกสอน: 23.0 นาที 44.68 วินาที
