2023-09-02 12:02:05,514 - INFO - Total training time: 0:02:37 (0:00:03 on hooks)
2023-09-02 12:10:49,173 - INFO - Total inference time: 0:08:11.663024 (3.151686 s / iter per device, on 1 devices)
2023-09-02 12:10:49,174 - INFO - Total inference pure compute time: 0:00:22 (0.145340 s / iter per device, on 1 devices)
2023-09-02 12:10:49,695 - INFO - Evaluation results for bbox:
|   AP   |  AP50  |  AP75  |  APs  |  APm  |  APl   |
|:------:|:------:|:------:|:-----:|:-----:|:------:|
| 16.433 | 30.578 | 15.848 | 0.000 | 2.611 | 17.428 |
2023-09-02 12:10:49,698 - INFO - Per-category bbox AP:
| category        | AP     | category       | AP     | category   | AP     |
|:----------------|:-------|:---------------|:-------|:-----------|:-------|
| b_fully_ripened | 10.532 | b_half_ripened | 11.917 | b_green    | 35.231 |
| l_fully_ripened | 16.830 | l_half_ripened | 7.598  | l_green    | 16.487 |
2023-09-02 12:10:50,666 - INFO - Evaluation results for segm:
|   AP   |  AP50  |  AP75  |  APs  |  APm  |  APl   |
|:------:|:------:|:------:|:-----:|:-----:|:------:|
| 21.199 | 30.704 | 23.596 | 0.000 | 1.860 | 22.701 |
2023-09-02 12:10:50,669 - INFO - Per-category segm AP:
| category        | AP     | category       | AP     | category   | AP     |
|:----------------|:-------|:---------------|:-------|:-----------|:-------|
| b_fully_ripened | 15.879 | b_half_ripened | 14.796 | b_green    | 40.612 |
| l_fully_ripened | 28.791 | l_half_ripened | 8.406  | l_green    | 18.710 |
2023-09-02 12:10:50,686 - INFO - copypaste: Task: bbox
2023-09-02 12:10:50,687 - INFO - copypaste: AP,AP50,AP75,APs,APm,APl
2023-09-02 12:10:50,689 - INFO - copypaste: 16.4326,30.5785,15.8484,0.0000,2.6108,17.4277
2023-09-02 12:10:50,690 - INFO - copypaste: Task: segm
2023-09-02 12:10:50,691 - INFO - copypaste: AP,AP50,AP75,APs,APm,APl
2023-09-02 12:10:50,692 - INFO - copypaste: 21.1990,30.7037,23.5959,0.0000,1.8599,22.7007
บันทึกโมเดลทดสอบเสร็จแล้วที่ : ../train/mask_rcnn_R_50_C4_1x.yaml/20230902-045915/before
Base Model: COCO-InstanceSegmentation/mask_rcnn_R_50_C4_1x.yaml
จำนวณรอบการฝึกอบรม (epoch): 250
จำนวณอัตราการเรียนรู้ (lr)  : 0.001
ขนาดต้นทาง (input size) : (672, 672)
อุปกรณ์ที่ใช้ฝึกสอน (device): cuda (A100 on google-colab)
เวลาที่ใช้ในการฝึกสอน: 11.0 นาที 33.83 วินาที
