2023-09-04 10:31:00,562 - INFO - Total training time: 0:13:32 (0:00:08 on hooks)
2023-09-04 10:35:35,821 - INFO - Total inference time: 0:04:19.716565 (1.664850 s / iter per device, on 1 devices)
2023-09-04 10:35:35,823 - INFO - Total inference pure compute time: 0:00:58 (0.375749 s / iter per device, on 1 devices)
2023-09-04 10:35:36,120 - INFO - Evaluation results for bbox:
|   AP   |  AP50  |  AP75  |  APs  |  APm   |  APl   |
|:------:|:------:|:------:|:-----:|:------:|:------:|
| 55.467 | 77.887 | 65.687 | 0.000 | 10.588 | 59.045 |
2023-09-04 10:35:36,124 - INFO - Per-category bbox AP:
| category        | AP     | category       | AP     | category   | AP     |
|:----------------|:-------|:---------------|:-------|:-----------|:-------|
| b_fully_ripened | 58.011 | b_half_ripened | 55.934 | b_green    | 60.893 |
| l_fully_ripened | 52.916 | l_half_ripened | 52.396 | l_green    | 52.650 |
2023-09-04 10:35:37,007 - INFO - Evaluation results for segm:
|   AP   |  AP50  |  AP75  |  APs  |  APm  |  APl   |
|:------:|:------:|:------:|:-----:|:-----:|:------:|
| 60.125 | 77.611 | 68.299 | 0.000 | 5.038 | 64.451 |
2023-09-04 10:35:37,010 - INFO - Per-category segm AP:
| category        | AP     | category       | AP     | category   | AP     |
|:----------------|:-------|:---------------|:-------|:-----------|:-------|
| b_fully_ripened | 63.086 | b_half_ripened | 58.951 | b_green    | 66.871 |
| l_fully_ripened | 59.908 | l_half_ripened | 54.733 | l_green    | 57.202 |
2023-09-04 10:35:37,023 - INFO - copypaste: Task: bbox
2023-09-04 10:35:37,024 - INFO - copypaste: AP,AP50,AP75,APs,APm,APl
2023-09-04 10:35:37,025 - INFO - copypaste: 55.4665,77.8870,65.6866,0.0000,10.5884,59.0446
2023-09-04 10:35:37,026 - INFO - copypaste: Task: segm
2023-09-04 10:35:37,027 - INFO - copypaste: AP,AP50,AP75,APs,APm,APl
2023-09-04 10:35:37,028 - INFO - copypaste: 60.1251,77.6108,68.2995,0.0000,5.0378,64.4512
บันทึกโมเดลทดสอบเสร็จแล้วที่ : ../train/mask_rcnn_R_50_DC5_1x.yaml/20230904-031708/before
Base Model: COCO-InstanceSegmentation/mask_rcnn_R_50_DC5_1x.yaml
จำนวณรอบการฝึกอบรม (epoch): 2100
จำนวณอัตราการเรียนรู้ (lr)  : 0.001
ขนาดต้นทาง (input size) : (672, 672)
อุปกรณ์ที่ใช้ฝึกสอน (device): cuda (T4 on google-colab)
เวลาที่ใช้ในการฝึกสอน: 18.0 นาที 25.39 วินาที
