2023-09-02 19:13:26,673 - INFO - Total training time: 0:02:22 (0:00:01 on hooks)
2023-09-02 19:27:01,428 - INFO - Total inference time: 0:12:35.333445 (4.841881 s / iter per device, on 1 devices)
2023-09-02 19:27:01,429 - INFO - Total inference pure compute time: 0:02:19 (0.891181 s / iter per device, on 1 devices)
2023-09-02 19:27:01,970 - INFO - Evaluation results for bbox:
|   AP   |  AP50  |  AP75  |  APs  |  APm  |  APl   |
|:------:|:------:|:------:|:-----:|:-----:|:------:|
| 12.315 | 28.744 | 7.432  | 0.000 | 3.260 | 13.014 |
2023-09-02 19:27:01,973 - INFO - Per-category bbox AP:
| category        | AP     | category       | AP    | category   | AP     |
|:----------------|:-------|:---------------|:------|:-----------|:-------|
| b_fully_ripened | 8.776  | b_half_ripened | 4.034 | b_green    | 27.039 |
| l_fully_ripened | 10.414 | l_half_ripened | 4.807 | l_green    | 18.817 |
2023-09-02 19:27:02,985 - INFO - Evaluation results for segm:
|   AP   |  AP50  |  AP75  |  APs  |  APm  |  APl   |
|:------:|:------:|:------:|:-----:|:-----:|:------:|
| 17.655 | 28.892 | 20.017 | 0.000 | 1.864 | 18.990 |
2023-09-02 19:27:02,989 - INFO - Per-category segm AP:
| category        | AP     | category       | AP    | category   | AP     |
|:----------------|:-------|:---------------|:------|:-----------|:-------|
| b_fully_ripened | 12.381 | b_half_ripened | 8.841 | b_green    | 35.743 |
| l_fully_ripened | 16.503 | l_half_ripened | 8.519 | l_green    | 23.946 |
2023-09-02 19:27:03,011 - INFO - copypaste: Task: bbox
2023-09-02 19:27:03,011 - INFO - copypaste: AP,AP50,AP75,APs,APm,APl
2023-09-02 19:27:03,013 - INFO - copypaste: 12.3147,28.7440,7.4317,0.0000,3.2599,13.0136
2023-09-02 19:27:03,014 - INFO - copypaste: Task: segm
2023-09-02 19:27:03,015 - INFO - copypaste: AP,AP50,AP75,APs,APm,APl
2023-09-02 19:27:03,016 - INFO - copypaste: 17.6553,28.8922,20.0167,0.0000,1.8642,18.9897
บันทึกโมเดลทดสอบเสร็จแล้วที่ : ../train/mask_rcnn_R_50_C4_1x.yaml/20230902-191101/before
Base Model: COCO-InstanceSegmentation/mask_rcnn_R_50_C4_1x.yaml
จำนวณรอบการฝึกอบรม (epoch): 550
จำนวณอัตราการเรียนรู้ (lr)  : 0.0001
ขนาดต้นทาง (input size) : (672, 672)
อุปกรณ์ที่ใช้ฝึกสอน (device): cuda (T4 on google-colab)
เวลาที่ใช้ในการฝึกสอน: 16.0 นาที 1.10 วินาที
