2023-08-30 15:04:23,922 - INFO - Total training time: 0:00:10 (0:00:00 on hooks)
2023-08-30 15:19:50,294 - INFO - Total inference time: 0:14:55.954982 (5.743301 s / iter per device, on 1 devices)
2023-08-30 15:19:50,294 - INFO - Total inference pure compute time: 0:03:17 (1.264396 s / iter per device, on 1 devices)
2023-08-30 15:19:51,330 - INFO - Evaluation results for bbox:
|  AP   |  AP50  |  AP75  |  APs  |  APm  |  APl  |
|:-----:|:------:|:------:|:-----:|:-----:|:-----:|
| 3.823 | 8.429  | 2.181  | 0.000 | 2.079 | 4.013 |
2023-08-30 15:19:51,330 - INFO - Per-category bbox AP:
| category        | AP    | category       | AP    | category   | AP    |
|:----------------|:------|:---------------|:------|:-----------|:------|
| b_fully_ripened | 3.984 | b_half_ripened | 5.922 | b_green    | 8.950 |
| l_fully_ripened | 1.205 | l_half_ripened | 0.000 | l_green    | 2.876 |
2023-08-30 15:19:53,669 - INFO - Evaluation results for segm:
|  AP   |  AP50  |  AP75  |  APs  |  APm  |  APl  |
|:-----:|:------:|:------:|:-----:|:-----:|:-----:|
| 5.370 | 8.469  | 5.943  | 0.000 | 1.444 | 6.203 |
2023-08-30 15:19:53,671 - INFO - Per-category segm AP:
| category        | AP    | category       | AP    | category   | AP     |
|:----------------|:------|:---------------|:------|:-----------|:-------|
| b_fully_ripened | 5.073 | b_half_ripened | 7.776 | b_green    | 13.230 |
| l_fully_ripened | 1.902 | l_half_ripened | 0.000 | l_green    | 4.237  |
2023-08-30 15:19:53,903 - INFO - copypaste: Task: bbox
2023-08-30 15:19:53,903 - INFO - copypaste: AP,AP50,AP75,APs,APm,APl
2023-08-30 15:19:53,903 - INFO - copypaste: 3.8227,8.4285,2.1807,0.0000,2.0790,4.0133
2023-08-30 15:19:53,903 - INFO - copypaste: Task: segm
2023-08-30 15:19:53,903 - INFO - copypaste: AP,AP50,AP75,APs,APm,APl
2023-08-30 15:19:53,903 - INFO - copypaste: 5.3698,8.4688,5.9435,0.0000,1.4440,6.2028
2023-08-30 15:19:54,727 - INFO - บันทึกโมเดลทดสอบเสร็จแล้วที่ : .\train\mask_rcnn_R_50_FPN_1x.yaml\20230830-150405\before
2023-08-30 15:19:54,727 - INFO - Base Model: COCO-InstanceSegmentation/mask_rcnn_R_50_FPN_1x.yaml
2023-08-30 15:19:54,727 - INFO - จำนวณรอบการฝึกอบรม (epoch): 100
2023-08-30 15:19:54,727 - INFO - จำนวณอัตราการเรียนรู้ (lr)  : 0.001
2023-08-30 15:19:54,727 - INFO - ขนาดต้นทาง (input size) : (224, 224)
2023-08-30 15:19:54,727 - INFO - อุปกรณ์ที่ใช้ฝึกสอน (device): cuda
2023-08-30 15:19:54,727 - INFO - เวลาที่ใช้ในการฝึกสอน: 15.0 นาที 47.68 วินาที
