2023-09-01 07:45:48,514 - INFO - Total training time: 0:07:42 (0:00:02 on hooks)
2023-09-01 07:57:29,437 - INFO - Total inference time: 0:10:58.721935 (4.222577 s / iter per device, on 1 devices)
2023-09-01 07:57:29,438 - INFO - Total inference pure compute time: 0:02:07 (0.818577 s / iter per device, on 1 devices)
2023-09-01 07:57:30,043 - INFO - Evaluation results for bbox:
|   AP   |  AP50  |  AP75  |  APs  |  APm  |  APl   |
|:------:|:------:|:------:|:-----:|:-----:|:------:|
| 24.175 | 39.742 | 27.911 | 0.000 | 3.914 | 26.034 |
2023-09-01 07:57:30,047 - INFO - Per-category bbox AP:
| category        | AP     | category       | AP     | category   | AP     |
|:----------------|:-------|:---------------|:-------|:-----------|:-------|
| b_fully_ripened | 26.317 | b_half_ripened | 29.014 | b_green    | 40.972 |
| l_fully_ripened | 28.755 | l_half_ripened | 10.504 | l_green    | 9.490  |
2023-09-01 07:57:31,082 - INFO - Evaluation results for segm:
|   AP   |  AP50  |  AP75  |  APs  |  APm  |  APl   |
|:------:|:------:|:------:|:-----:|:-----:|:------:|
| 27.851 | 39.897 | 31.230 | 0.000 | 2.808 | 30.825 |
2023-09-01 07:57:31,089 - INFO - Per-category segm AP:
| category        | AP     | category       | AP     | category   | AP     |
|:----------------|:-------|:---------------|:-------|:-----------|:-------|
| b_fully_ripened | 36.732 | b_half_ripened | 31.072 | b_green    | 44.957 |
| l_fully_ripened | 32.923 | l_half_ripened | 10.998 | l_green    | 10.427 |
2023-09-01 07:57:31,117 - INFO - copypaste: Task: bbox
2023-09-01 07:57:31,124 - INFO - copypaste: AP,AP50,AP75,APs,APm,APl
2023-09-01 07:57:31,126 - INFO - copypaste: 24.1754,39.7421,27.9110,0.0000,3.9140,26.0342
2023-09-01 07:57:31,128 - INFO - copypaste: Task: segm
2023-09-01 07:57:31,129 - INFO - copypaste: AP,AP50,AP75,APs,APm,APl
2023-09-01 07:57:31,130 - INFO - copypaste: 27.8514,39.8972,31.2302,0.0000,2.8081,30.8252
บันทึกโมเดลทดสอบเสร็จแล้วที่ : ./train/mask_rcnn_R_50_C4_1x.yaml/20230901-073802/before
Base Model: COCO-InstanceSegmentation/mask_rcnn_R_50_C4_1x.yaml
จำนวณรอบการฝึกอบรม (epoch): 850
จำนวณอัตราการเรียนรู้ (lr)  : 0.001
ขนาดต้นทาง (input size) : (336, 336)
อุปกรณ์ที่ใช้ฝึกสอน (device): cuda
เวลาที่ใช้ในการฝึกสอน: 19.0 นาที 28.15 วินาที
