2023-08-24 12:52:02,560 - INFO - Total training time: 0:01:44 (0:00:01 on hooks)
2023-08-24 13:16:23,548 - INFO - Total inference time: 0:23:28.694863 (9.030095 s / iter per device, on 1 devices)
2023-08-24 13:16:23,548 - INFO - Total inference pure compute time: 0:06:34 (2.531367 s / iter per device, on 1 devices)
2023-08-24 13:16:24,614 - INFO - Evaluation results for bbox:
|   AP   |  AP50  |  AP75  |  APs  |  APm  |  APl   |
|:------:|:------:|:------:|:-----:|:-----:|:------:|
| 11.738 | 24.265 | 9.165  | 0.000 | 1.797 | 13.312 |
2023-08-24 13:16:24,615 - INFO - Per-category bbox AP:
| category        | AP     | category       | AP     | category   | AP     |
|:----------------|:-------|:---------------|:-------|:-----------|:-------|
| b_fully_ripened | 13.093 | b_half_ripened | 17.807 | b_green    | 15.665 |
| l_fully_ripened | 16.193 | l_half_ripened | 0.865  | l_green    | 6.805  |
2023-08-24 13:16:27,624 - INFO - Evaluation results for segm:
|   AP   |  AP50  |  AP75  |  APs  |  APm  |  APl   |
|:------:|:------:|:------:|:-----:|:-----:|:------:|
| 15.454 | 24.212 | 16.489 | 0.000 | 1.385 | 18.550 |
2023-08-24 13:16:27,626 - INFO - Per-category segm AP:
| category        | AP     | category       | AP     | category   | AP     |
|:----------------|:-------|:---------------|:-------|:-----------|:-------|
| b_fully_ripened | 16.096 | b_half_ripened | 19.944 | b_green    | 29.814 |
| l_fully_ripened | 18.335 | l_half_ripened | 0.950  | l_green    | 7.582  |
2023-08-24 13:16:27,890 - INFO - copypaste: Task: bbox
2023-08-24 13:16:27,890 - INFO - copypaste: AP,AP50,AP75,APs,APm,APl
2023-08-24 13:16:27,891 - INFO - copypaste: 11.7382,24.2646,9.1649,0.0000,1.7966,13.3120
2023-08-24 13:16:27,891 - INFO - copypaste: Task: segm
2023-08-24 13:16:27,891 - INFO - copypaste: AP,AP50,AP75,APs,APm,APl
2023-08-24 13:16:27,891 - INFO - copypaste: 15.4535,24.2121,16.4894,0.0000,1.3855,18.5503
2023-08-24 13:16:28,538 - INFO - บันทึกโมเดลทดสอบเสร็จแล้วที่ : .\train\mask_rcnn_R_50_C4_1x.yaml\20230824-125003\before
2023-08-24 13:16:28,538 - INFO - Base Model: COCO-InstanceSegmentation/mask_rcnn_R_50_C4_1x.yaml
2023-08-24 13:16:28,538 - INFO - จำนวณรอบการฝึกอบรม (epoch): 250
2023-08-24 13:16:28,538 - INFO - จำนวณอัตราการเรียนรู้ (lr)  : 0.01
2023-08-24 13:16:28,538 - INFO - ขนาดต้นทาง (input size) : (224, 224)
2023-08-24 13:16:28,538 - INFO - อุปกรณ์ที่ใช้ฝึกสอน (device): cuda
2023-08-24 13:16:28,538 - INFO - เวลาที่ใช้ในการฝึกสอน: 26.0 นาที 23.64 วินาที
2023-08-24 13:16:28,538 - INFO - บันทึกข้อความเข้าไปที่: .\train\mask_rcnn_R_50_C4_1x.yaml\20230824-125003\training.log
