2023-09-01 17:44:59,551 - INFO - Total training time: 0:04:20 (0:00:02 on hooks)
2023-09-01 17:54:39,957 - INFO - Total inference time: 0:08:46.087142 (3.372353 s / iter per device, on 1 devices)
2023-09-01 17:54:39,959 - INFO - Total inference pure compute time: 0:00:22 (0.145104 s / iter per device, on 1 devices)
2023-09-01 17:54:40,528 - INFO - Evaluation results for bbox:
|   AP   |  AP50  |  AP75  |  APs  |  APm  |  APl   |
|:------:|:------:|:------:|:-----:|:-----:|:------:|
| 26.334 | 43.829 | 28.461 | 0.000 | 6.654 | 28.086 |
2023-09-01 17:54:40,531 - INFO - Per-category bbox AP:
| category        | AP     | category       | AP     | category   | AP     |
|:----------------|:-------|:---------------|:-------|:-----------|:-------|
| b_fully_ripened | 20.162 | b_half_ripened | 23.370 | b_green    | 42.371 |
| l_fully_ripened | 28.518 | l_half_ripened | 20.624 | l_green    | 22.960 |
2023-09-01 17:54:41,865 - INFO - Evaluation results for segm:
|   AP   |  AP50  |  AP75  |  APs  |  APm  |  APl   |
|:------:|:------:|:------:|:-----:|:-----:|:------:|
| 29.075 | 43.728 | 33.156 | 0.000 | 3.759 | 32.353 |
2023-09-01 17:54:41,869 - INFO - Per-category segm AP:
| category        | AP     | category       | AP     | category   | AP     |
|:----------------|:-------|:---------------|:-------|:-----------|:-------|
| b_fully_ripened | 24.605 | b_half_ripened | 27.723 | b_green    | 46.593 |
| l_fully_ripened | 30.300 | l_half_ripened | 21.150 | l_green    | 24.081 |
2023-09-01 17:54:41,889 - INFO - copypaste: Task: bbox
2023-09-01 17:54:41,890 - INFO - copypaste: AP,AP50,AP75,APs,APm,APl
2023-09-01 17:54:41,892 - INFO - copypaste: 26.3344,43.8288,28.4611,0.0000,6.6543,28.0857
2023-09-01 17:54:41,894 - INFO - copypaste: Task: segm
2023-09-01 17:54:41,895 - INFO - copypaste: AP,AP50,AP75,APs,APm,APl
2023-09-01 17:54:41,895 - INFO - copypaste: 29.0754,43.7277,33.1558,0.0000,3.7587,32.3527
บันทึกโมเดลทดสอบเสร็จแล้วที่ : ./train/mask_rcnn_R_50_C4_1x.yaml/20230901-174035/before
Base Model: COCO-InstanceSegmentation/mask_rcnn_R_50_C4_1x.yaml
จำนวณรอบการฝึกอบรม (epoch): 1000
จำนวณอัตราการเรียนรู้ (lr)  : 0.001
ขนาดต้นทาง (input size) : (336, 336)
อุปกรณ์ที่ใช้ฝึกสอน (device): cuda (A100 on google-colab)
เวลาที่ใช้ในการฝึกสอน: 14.0 นาที 5.22 วินาที
