2023-08-31 19:40:50,799 - INFO - Total training time: 0:01:31 (0:00:01 on hooks)
2023-08-31 20:09:59,627 - INFO - Total inference time: 0:28:07.129459 (10.814932 s / iter per device, on 1 devices)
2023-08-31 20:09:59,627 - INFO - Total inference pure compute time: 0:10:59 (4.229120 s / iter per device, on 1 devices)
2023-08-31 20:10:00,557 - INFO - Evaluation results for bbox:
|   AP   |  AP50  |  AP75  |  APs  |  APm  |  APl   |
|:------:|:------:|:------:|:-----:|:-----:|:------:|
| 10.964 | 23.149 | 8.509  | 0.000 | 2.235 | 11.595 |
2023-08-31 20:10:00,558 - INFO - Per-category bbox AP:
| category        | AP     | category       | AP     | category   | AP     |
|:----------------|:-------|:---------------|:-------|:-----------|:-------|
| b_fully_ripened | 0.021  | b_half_ripened | 14.087 | b_green    | 22.408 |
| l_fully_ripened | 23.911 | l_half_ripened | 4.388  | l_green    | 0.968  |
2023-08-31 20:10:02,554 - INFO - Evaluation results for segm:
|   AP   |  AP50  |  AP75  |  APs  |  APm  |  APl   |
|:------:|:------:|:------:|:-----:|:-----:|:------:|
| 14.212 | 22.769 | 15.360 | 0.000 | 1.322 | 15.349 |
2023-08-31 20:10:02,555 - INFO - Per-category segm AP:
| category        | AP     | category       | AP     | category   | AP     |
|:----------------|:-------|:---------------|:-------|:-----------|:-------|
| b_fully_ripened | 0.022  | b_half_ripened | 16.718 | b_green    | 27.929 |
| l_fully_ripened | 34.193 | l_half_ripened | 5.185  | l_green    | 1.224  |
2023-08-31 20:10:02,754 - INFO - copypaste: Task: bbox
2023-08-31 20:10:02,754 - INFO - copypaste: AP,AP50,AP75,APs,APm,APl
2023-08-31 20:10:02,754 - INFO - copypaste: 10.9639,23.1494,8.5093,0.0000,2.2354,11.5953
2023-08-31 20:10:02,754 - INFO - copypaste: Task: segm
2023-08-31 20:10:02,754 - INFO - copypaste: AP,AP50,AP75,APs,APm,APl
2023-08-31 20:10:02,754 - INFO - copypaste: 14.2116,22.7694,15.3601,0.0000,1.3216,15.3493
2023-08-31 20:10:03,342 - INFO - บันทึกโมเดลทดสอบเสร็จแล้วที่ : .\train\mask_rcnn_R_50_C4_1x.yaml\20230831-193909\before
2023-08-31 20:10:03,343 - INFO - Base Model: COCO-InstanceSegmentation/mask_rcnn_R_50_C4_1x.yaml
2023-08-31 20:10:03,343 - INFO - จำนวณรอบการฝึกอบรม (epoch): 400
2023-08-31 20:10:03,343 - INFO - จำนวณอัตราการเรียนรู้ (lr)  : 0.01
2023-08-31 20:10:03,343 - INFO - ขนาดต้นทาง (input size) : (336, 336)
2023-08-31 20:10:03,343 - INFO - อุปกรณ์ที่ใช้ฝึกสอน (device): cuda
2023-08-31 20:10:03,343 - INFO - เวลาที่ใช้ในการฝึกสอน: 30.0 นาที 52.53 วินาที
