2023-09-03 21:18:20,997 - INFO - Total training time: 0:09:15 (0:00:06 on hooks)
2023-09-03 21:35:08,144 - INFO - Total inference time: 0:16:11.405210 (6.226956 s / iter per device, on 1 devices)
2023-09-03 21:35:08,145 - INFO - Total inference pure compute time: 0:01:11 (0.458812 s / iter per device, on 1 devices)
2023-09-03 21:35:08,520 - INFO - Evaluation results for bbox:
|   AP   |  AP50  |  AP75  |  APs  |  APm  |  APl   |
|:------:|:------:|:------:|:-----:|:-----:|:------:|
| 52.245 | 72.415 | 59.961 | 0.000 | 9.745 | 55.950 |
2023-09-03 21:35:08,524 - INFO - Per-category bbox AP:
| category        | AP     | category       | AP     | category   | AP     |
|:----------------|:-------|:---------------|:-------|:-----------|:-------|
| b_fully_ripened | 52.378 | b_half_ripened | 47.092 | b_green    | 61.349 |
| l_fully_ripened | 51.437 | l_half_ripened | 50.405 | l_green    | 50.812 |
2023-09-03 21:35:09,245 - INFO - Evaluation results for segm:
|   AP   |  AP50  |  AP75  |  APs  |  APm  |  APl   |
|:------:|:------:|:------:|:-----:|:-----:|:------:|
| 55.492 | 72.011 | 61.588 | 0.000 | 5.699 | 59.763 |
2023-09-03 21:35:09,249 - INFO - Per-category segm AP:
| category        | AP     | category       | AP     | category   | AP     |
|:----------------|:-------|:---------------|:-------|:-----------|:-------|
| b_fully_ripened | 56.464 | b_half_ripened | 48.744 | b_green    | 67.260 |
| l_fully_ripened | 54.635 | l_half_ripened | 52.583 | l_green    | 53.266 |
2023-09-03 21:35:09,265 - INFO - copypaste: Task: bbox
2023-09-03 21:35:09,265 - INFO - copypaste: AP,AP50,AP75,APs,APm,APl
2023-09-03 21:35:09,266 - INFO - copypaste: 52.2453,72.4151,59.9610,0.0000,9.7447,55.9500
2023-09-03 21:35:09,267 - INFO - copypaste: Task: segm
2023-09-03 21:35:09,268 - INFO - copypaste: AP,AP50,AP75,APs,APm,APl
2023-09-03 21:35:09,269 - INFO - copypaste: 55.4920,72.0114,61.5877,0.0000,5.6995,59.7629
บันทึกโมเดลทดสอบเสร็จแล้วที่ : ../train/mask_rcnn_R_50_DC5_1x.yaml/20230903-210858/before
Base Model: COCO-InstanceSegmentation/mask_rcnn_R_50_DC5_1x.yaml
จำนวณรอบการฝึกอบรม (epoch): 2000
จำนวณอัตราการเรียนรู้ (lr)  : 0.001
ขนาดต้นทาง (input size) : (672, 672)
อุปกรณ์ที่ใช้ฝึกสอน (device): cuda (T4 on google-colab)
เวลาที่ใช้ในการฝึกสอน: 26.0 นาที 8.65 วินาที
