2023-08-28 01:59:17,817 - INFO - Total training time: 0:03:54 (0:00:01 on hooks)
2023-08-28 02:16:16,770 - INFO - Total inference time: 0:16:25.447866 (6.316974 s / iter per device, on 1 devices)
2023-08-28 02:16:16,770 - INFO - Total inference pure compute time: 0:05:44 (2.205167 s / iter per device, on 1 devices)
2023-08-28 02:16:17,134 - INFO - Evaluation results for bbox:
|  AP   |  AP50  |  AP75  |  APs  |  APm  |  APl  |
|:-----:|:------:|:------:|:-----:|:-----:|:-----:|
| 8.727 | 17.669 | 7.188  | 0.000 | 1.276 | 9.565 |
2023-08-28 02:16:17,134 - INFO - Per-category bbox AP:
| category        | AP     | category       | AP     | category   | AP     |
|:----------------|:-------|:---------------|:-------|:-----------|:-------|
| b_fully_ripened | 10.160 | b_half_ripened | 10.642 | b_green    | 23.363 |
| l_fully_ripened | 4.880  | l_half_ripened | 0.995  | l_green    | 2.324  |
2023-08-28 02:16:17,997 - INFO - Evaluation results for segm:
|   AP   |  AP50  |  AP75  |  APs  |  APm  |  APl   |
|:------:|:------:|:------:|:-----:|:-----:|:------:|
| 10.459 | 17.924 | 11.420 | 0.000 | 1.103 | 12.189 |
2023-08-28 02:16:17,997 - INFO - Per-category segm AP:
| category        | AP     | category       | AP     | category   | AP     |
|:----------------|:-------|:---------------|:-------|:-----------|:-------|
| b_fully_ripened | 14.441 | b_half_ripened | 12.880 | b_green    | 26.559 |
| l_fully_ripened | 5.315  | l_half_ripened | 1.174  | l_green    | 2.386  |
2023-08-28 02:16:18,087 - INFO - copypaste: Task: bbox
2023-08-28 02:16:18,087 - INFO - copypaste: AP,AP50,AP75,APs,APm,APl
2023-08-28 02:16:18,087 - INFO - copypaste: 8.7274,17.6689,7.1878,0.0000,1.2758,9.5652
2023-08-28 02:16:18,087 - INFO - copypaste: Task: segm
2023-08-28 02:16:18,087 - INFO - copypaste: AP,AP50,AP75,APs,APm,APl
2023-08-28 02:16:18,087 - INFO - copypaste: 10.4590,17.9241,11.4198,0.0000,1.1030,12.1891
2023-08-28 02:16:18,559 - INFO - บันทึกโมเดลทดสอบเสร็จแล้วที่ : .\train\mask_rcnn_R_50_C4_1x.yaml\20230828-015514\before
2023-08-28 02:16:18,559 - INFO - Base Model: COCO-InstanceSegmentation/mask_rcnn_R_50_C4_1x.yaml
2023-08-28 02:16:18,559 - INFO - จำนวณรอบการฝึกอบรม (epoch): 1150
2023-08-28 02:16:18,559 - INFO - จำนวณอัตราการเรียนรู้ (lr)  : 0.0001
2023-08-28 02:16:18,559 - INFO - ขนาดต้นทาง (input size) : (224, 224)
2023-08-28 02:16:18,559 - INFO - อุปกรณ์ที่ใช้ฝึกสอน (device): cuda
2023-08-28 02:16:18,559 - INFO - เวลาที่ใช้ในการฝึกสอน: 21.0 นาที 2.23 วินาที
