2023-09-04 10:48:28,801 - INFO - Total training time: 0:11:46 (0:00:07 on hooks)
2023-09-04 10:53:11,665 - INFO - Total inference time: 0:04:28.821225 (1.723213 s / iter per device, on 1 devices)
2023-09-04 10:53:11,667 - INFO - Total inference pure compute time: 0:01:00 (0.385966 s / iter per device, on 1 devices)
2023-09-04 10:53:11,995 - INFO - Evaluation results for bbox:
|   AP   |  AP50  |  AP75  |  APs  |  APm   |  APl   |
|:------:|:------:|:------:|:-----:|:------:|:------:|
| 52.255 | 76.251 | 63.228 | 0.000 | 11.980 | 56.011 |
2023-09-04 10:53:11,999 - INFO - Per-category bbox AP:
| category        | AP     | category       | AP     | category   | AP     |
|:----------------|:-------|:---------------|:-------|:-----------|:-------|
| b_fully_ripened | 59.302 | b_half_ripened | 47.375 | b_green    | 53.360 |
| l_fully_ripened | 51.519 | l_half_ripened | 48.436 | l_green    | 53.538 |
2023-09-04 10:53:12,648 - INFO - Evaluation results for segm:
|   AP   |  AP50  |  AP75  |  APs  |  APm  |  APl   |
|:------:|:------:|:------:|:-----:|:-----:|:------:|
| 57.753 | 76.178 | 64.138 | 0.000 | 6.329 | 62.329 |
2023-09-04 10:53:12,652 - INFO - Per-category segm AP:
| category        | AP     | category       | AP     | category   | AP     |
|:----------------|:-------|:---------------|:-------|:-----------|:-------|
| b_fully_ripened | 61.512 | b_half_ripened | 52.700 | b_green    | 62.806 |
| l_fully_ripened | 60.358 | l_half_ripened | 52.510 | l_green    | 56.633 |
2023-09-04 10:53:12,666 - INFO - copypaste: Task: bbox
2023-09-04 10:53:12,667 - INFO - copypaste: AP,AP50,AP75,APs,APm,APl
2023-09-04 10:53:12,667 - INFO - copypaste: 52.2552,76.2508,63.2280,0.0000,11.9800,56.0114
2023-09-04 10:53:12,670 - INFO - copypaste: Task: segm
2023-09-04 10:53:12,672 - INFO - copypaste: AP,AP50,AP75,APs,APm,APl
2023-09-04 10:53:12,673 - INFO - copypaste: 57.7532,76.1777,64.1377,0.0000,6.3292,62.3289
บันทึกโมเดลทดสอบเสร็จแล้วที่ : ../train/mask_rcnn_R_50_DC5_1x.yaml/20230904-103634/before
Base Model: COCO-InstanceSegmentation/mask_rcnn_R_50_DC5_1x.yaml
จำนวณรอบการฝึกอบรม (epoch): 2400
จำนวณอัตราการเรียนรู้ (lr)  : 0.001
ขนาดต้นทาง (input size) : (672, 672)
อุปกรณ์ที่ใช้ฝึกสอน (device): cuda (T4 on google-colab)
เวลาที่ใช้ในการฝึกสอน: 16.0 นาที 35.05 วินาที
