2023-09-03 18:49:23,866 - INFO - Total training time: 0:07:54 (0:00:08 on hooks)
2023-09-03 18:54:53,979 - INFO - Total inference time: 0:05:04.534702 (1.952146 s / iter per device, on 1 devices)
2023-09-03 18:54:53,980 - INFO - Total inference pure compute time: 0:01:00 (0.384793 s / iter per device, on 1 devices)
2023-09-03 18:54:54,308 - INFO - Evaluation results for bbox:
|   AP   |  AP50  |  AP75  |  APs  |  APm  |  APl   |
|:------:|:------:|:------:|:-----:|:-----:|:------:|
| 37.552 | 57.551 | 43.798 | 0.000 | 5.642 | 41.419 |
2023-09-03 18:54:54,312 - INFO - Per-category bbox AP:
| category        | AP     | category       | AP     | category   | AP     |
|:----------------|:-------|:---------------|:-------|:-----------|:-------|
| b_fully_ripened | 28.058 | b_half_ripened | 36.173 | b_green    | 49.388 |
| l_fully_ripened | 35.958 | l_half_ripened | 35.997 | l_green    | 39.739 |
2023-09-03 18:54:55,193 - INFO - Evaluation results for segm:
|   AP   |  AP50  |  AP75  |  APs  |  APm  |  APl   |
|:------:|:------:|:------:|:-----:|:-----:|:------:|
| 42.119 | 57.635 | 47.543 | 0.000 | 4.230 | 47.016 |
2023-09-03 18:54:55,197 - INFO - Per-category segm AP:
| category        | AP     | category       | AP     | category   | AP     |
|:----------------|:-------|:---------------|:-------|:-----------|:-------|
| b_fully_ripened | 30.622 | b_half_ripened | 38.124 | b_green    | 61.408 |
| l_fully_ripened | 40.038 | l_half_ripened | 38.011 | l_green    | 44.511 |
2023-09-03 18:54:55,211 - INFO - copypaste: Task: bbox
2023-09-03 18:54:55,212 - INFO - copypaste: AP,AP50,AP75,APs,APm,APl
2023-09-03 18:54:55,213 - INFO - copypaste: 37.5522,57.5513,43.7985,0.0000,5.6416,41.4193
2023-09-03 18:54:55,215 - INFO - copypaste: Task: segm
2023-09-03 18:54:55,216 - INFO - copypaste: AP,AP50,AP75,APs,APm,APl
2023-09-03 18:54:55,217 - INFO - copypaste: 42.1189,57.6354,47.5429,0.0000,4.2304,47.0163
บันทึกโมเดลทดสอบเสร็จแล้วที่ : ../train/mask_rcnn_R_50_DC5_1x.yaml/20230903-114046/before
Base Model: COCO-InstanceSegmentation/mask_rcnn_R_50_DC5_1x.yaml
จำนวณรอบการฝึกอบรม (epoch): 1000
จำนวณอัตราการเรียนรู้ (lr)  : 0.001
ขนาดต้นทาง (input size) : (672, 672)
อุปกรณ์ที่ใช้ฝึกสอน (device): cuda (T4 on google-colab)
เวลาที่ใช้ในการฝึกสอน: 14.0 นาที 5.83 วินาที
