2023-08-31 20:13:51,030 - INFO - Total training time: 0:01:26 (0:00:00 on hooks)
2023-08-31 20:32:40,857 - INFO - Total inference time: 0:18:10.677112 (6.991520 s / iter per device, on 1 devices)
2023-08-31 20:32:40,857 - INFO - Total inference pure compute time: 0:08:04 (3.104187 s / iter per device, on 1 devices)
2023-08-31 20:32:41,228 - INFO - Evaluation results for bbox:
|   AP   |  AP50  |  AP75  |  APs  |  APm  |  APl   |
|:------:|:------:|:------:|:-----:|:-----:|:------:|
| 20.277 | 38.416 | 18.873 | 0.000 | 5.692 | 20.902 |
2023-08-31 20:32:41,228 - INFO - Per-category bbox AP:
| category        | AP     | category       | AP     | category   | AP     |
|:----------------|:-------|:---------------|:-------|:-----------|:-------|
| b_fully_ripened | 33.864 | b_half_ripened | 20.960 | b_green    | 33.621 |
| l_fully_ripened | 12.868 | l_half_ripened | 10.058 | l_green    | 10.289 |
2023-08-31 20:32:41,936 - INFO - Evaluation results for segm:
|   AP   |  AP50  |  AP75  |  APs  |  APm  |  APl   |
|:------:|:------:|:------:|:-----:|:-----:|:------:|
| 26.432 | 38.698 | 29.332 | 0.000 | 3.936 | 28.424 |
2023-08-31 20:32:41,937 - INFO - Per-category segm AP:
| category        | AP     | category       | AP     | category   | AP     |
|:----------------|:-------|:---------------|:-------|:-----------|:-------|
| b_fully_ripened | 37.992 | b_half_ripened | 22.953 | b_green    | 43.095 |
| l_fully_ripened | 31.784 | l_half_ripened | 11.038 | l_green    | 11.730 |
2023-08-31 20:32:42,030 - INFO - copypaste: Task: bbox
2023-08-31 20:32:42,030 - INFO - copypaste: AP,AP50,AP75,APs,APm,APl
2023-08-31 20:32:42,030 - INFO - copypaste: 20.2765,38.4157,18.8727,0.0000,5.6922,20.9023
2023-08-31 20:32:42,030 - INFO - copypaste: Task: segm
2023-08-31 20:32:42,030 - INFO - copypaste: AP,AP50,AP75,APs,APm,APl
2023-08-31 20:32:42,030 - INFO - copypaste: 26.4318,38.6976,29.3324,0.0000,3.9356,28.4238
2023-08-31 20:32:42,404 - INFO - บันทึกโมเดลทดสอบเสร็จแล้วที่ : .\train\mask_rcnn_R_50_C4_1x.yaml\20230831-201216\before
2023-08-31 20:32:42,404 - INFO - Base Model: COCO-InstanceSegmentation/mask_rcnn_R_50_C4_1x.yaml
2023-08-31 20:32:42,404 - INFO - จำนวณรอบการฝึกอบรม (epoch): 400
2023-08-31 20:32:42,404 - INFO - จำนวณอัตราการเรียนรู้ (lr)  : 0.001
2023-08-31 20:32:42,404 - INFO - ขนาดต้นทาง (input size) : (336, 336)
2023-08-31 20:32:42,404 - INFO - อุปกรณ์ที่ใช้ฝึกสอน (device): cuda
2023-08-31 20:32:42,404 - INFO - เวลาที่ใช้ในการฝึกสอน: 20.0 นาที 24.34 วินาที
