2023-09-01 19:26:43,933 - INFO - Total training time: 0:05:19 (0:00:02 on hooks)
2023-09-01 19:39:22,831 - INFO - Total inference time: 0:11:57.403025 (4.598737 s / iter per device, on 1 devices)
2023-09-01 19:39:22,832 - INFO - Total inference pure compute time: 0:00:22 (0.142017 s / iter per device, on 1 devices)
2023-09-01 19:39:23,397 - INFO - Evaluation results for bbox:
|   AP   |  AP50  |  AP75  |  APs  |  APm  |  APl   |
|:------:|:------:|:------:|:-----:|:-----:|:------:|
| 29.948 | 48.044 | 34.047 | 0.000 | 3.961 | 32.568 |
2023-09-01 19:39:23,400 - INFO - Per-category bbox AP:
| category        | AP     | category       | AP     | category   | AP     |
|:----------------|:-------|:---------------|:-------|:-----------|:-------|
| b_fully_ripened | 32.907 | b_half_ripened | 35.092 | b_green    | 41.732 |
| l_fully_ripened | 24.886 | l_half_ripened | 18.633 | l_green    | 26.439 |
2023-09-01 19:39:24,740 - INFO - Evaluation results for segm:
|   AP   |  AP50  |  AP75  |  APs  |  APm  |  APl   |
|:------:|:------:|:------:|:-----:|:-----:|:------:|
| 32.883 | 47.777 | 36.856 | 0.000 | 2.698 | 36.589 |
2023-09-01 19:39:24,744 - INFO - Per-category segm AP:
| category        | AP     | category       | AP     | category   | AP     |
|:----------------|:-------|:---------------|:-------|:-----------|:-------|
| b_fully_ripened | 36.665 | b_half_ripened | 36.159 | b_green    | 49.478 |
| l_fully_ripened | 26.807 | l_half_ripened | 19.078 | l_green    | 29.113 |
2023-09-01 19:39:24,764 - INFO - copypaste: Task: bbox
2023-09-01 19:39:24,765 - INFO - copypaste: AP,AP50,AP75,APs,APm,APl
2023-09-01 19:39:24,766 - INFO - copypaste: 29.9483,48.0443,34.0466,0.0000,3.9607,32.5676
2023-09-01 19:39:24,767 - INFO - copypaste: Task: segm
2023-09-01 19:39:24,768 - INFO - copypaste: AP,AP50,AP75,APs,APm,APl
2023-09-01 19:39:24,769 - INFO - copypaste: 32.8834,47.7765,36.8558,0.0000,2.6982,36.5889
บันทึกโมเดลทดสอบเสร็จแล้วที่ : ./train/mask_rcnn_R_50_C4_1x.yaml/20230901-192121/before
Base Model: COCO-InstanceSegmentation/mask_rcnn_R_50_C4_1x.yaml
จำนวณรอบการฝึกอบรม (epoch): 1300
จำนวณอัตราการเรียนรู้ (lr)  : 0.001
ขนาดต้นทาง (input size) : (336, 336)
อุปกรณ์ที่ใช้ฝึกสอน (device): cuda (A100 on google-colab)
เวลาที่ใช้ในการฝึกสอน: 18.0 นาที 2.11 วินาที
