2023-09-03 00:46:13,322 - INFO - Total training time: 0:04:46 (0:00:02 on hooks)
2023-09-03 00:55:10,870 - INFO - Total inference time: 0:08:38.595381 (3.324329 s / iter per device, on 1 devices)
2023-09-03 00:55:10,871 - INFO - Total inference pure compute time: 0:02:01 (0.778418 s / iter per device, on 1 devices)
2023-09-03 00:55:11,420 - INFO - Evaluation results for bbox:
|   AP   |  AP50  |  AP75  |  APs  |  APm  |  APl   |
|:------:|:------:|:------:|:-----:|:-----:|:------:|
| 23.513 | 42.349 | 24.524 | 0.000 | 3.591 | 25.337 |
2023-09-03 00:55:11,423 - INFO - Per-category bbox AP:
| category        | AP     | category       | AP     | category   | AP     |
|:----------------|:-------|:---------------|:-------|:-----------|:-------|
| b_fully_ripened | 15.498 | b_half_ripened | 20.949 | b_green    | 33.061 |
| l_fully_ripened | 22.604 | l_half_ripened | 24.945 | l_green    | 24.018 |
2023-09-03 00:55:12,836 - INFO - Evaluation results for segm:
|   AP   |  AP50  |  AP75  |  APs  |  APm  |  APl   |
|:------:|:------:|:------:|:-----:|:-----:|:------:|
| 28.373 | 42.669 | 31.280 | 0.000 | 1.765 | 31.303 |
2023-09-03 00:55:12,839 - INFO - Per-category segm AP:
| category        | AP     | category       | AP     | category   | AP     |
|:----------------|:-------|:---------------|:-------|:-----------|:-------|
| b_fully_ripened | 18.060 | b_half_ripened | 25.481 | b_green    | 41.468 |
| l_fully_ripened | 26.743 | l_half_ripened | 30.488 | l_green    | 28.001 |
2023-09-03 00:55:12,861 - INFO - copypaste: Task: bbox
2023-09-03 00:55:12,862 - INFO - copypaste: AP,AP50,AP75,APs,APm,APl
2023-09-03 00:55:12,863 - INFO - copypaste: 23.5125,42.3494,24.5242,0.0000,3.5913,25.3372
2023-09-03 00:55:12,864 - INFO - copypaste: Task: segm
2023-09-03 00:55:12,865 - INFO - copypaste: AP,AP50,AP75,APs,APm,APl
2023-09-03 00:55:12,867 - INFO - copypaste: 28.3733,42.6692,31.2797,0.0000,1.7648,31.3029
บันทึกโมเดลทดสอบเสร็จแล้วที่ : ../train/mask_rcnn_R_50_C4_1x.yaml/20230903-004123/before
Base Model: COCO-InstanceSegmentation/mask_rcnn_R_50_C4_1x.yaml
จำนวณรอบการฝึกอบรม (epoch): 1150
จำนวณอัตราการเรียนรู้ (lr)  : 0.01
ขนาดต้นทาง (input size) : (672, 672)
อุปกรณ์ที่ใช้ฝึกสอน (device): cuda (A100 on google-colab)
เวลาที่ใช้ในการฝึกสอน: 13.0 นาที 48.68 วินาที
