2023-09-01 21:45:37,047 - INFO - Total training time: 0:00:25 (0:00:01 on hooks)
2023-09-01 21:54:04,266 - INFO - Total inference time: 0:08:10.030564 (3.141222 s / iter per device, on 1 devices)
2023-09-01 21:54:04,269 - INFO - Total inference pure compute time: 0:00:22 (0.143708 s / iter per device, on 1 devices)
2023-09-01 21:54:04,899 - INFO - Evaluation results for bbox:
|  AP   |  AP50  |  AP75  |  APs  |  APm  |  APl   |
|:-----:|:------:|:------:|:-----:|:-----:|:------:|
| 9.350 | 22.223 | 4.983  | 0.000 | 0.983 | 10.856 |
2023-09-01 21:54:04,902 - INFO - Per-category bbox AP:
| category        | AP    | category       | AP    | category   | AP     |
|:----------------|:------|:---------------|:------|:-----------|:-------|
| b_fully_ripened | 7.417 | b_half_ripened | 4.525 | b_green    | 14.673 |
| l_fully_ripened | 4.031 | l_half_ripened | 9.924 | l_green    | 15.529 |
2023-09-01 21:54:06,407 - INFO - Evaluation results for segm:
|   AP   |  AP50  |  AP75  |  APs  |  APm  |  APl   |
|:------:|:------:|:------:|:-----:|:-----:|:------:|
| 12.241 | 22.735 | 11.733 | 0.000 | 0.701 | 14.890 |
2023-09-01 21:54:06,410 - INFO - Per-category segm AP:
| category        | AP     | category       | AP     | category   | AP     |
|:----------------|:-------|:---------------|:-------|:-----------|:-------|
| b_fully_ripened | 11.399 | b_half_ripened | 6.615  | b_green    | 18.432 |
| l_fully_ripened | 5.280  | l_half_ripened | 12.007 | l_green    | 19.712 |
2023-09-01 21:54:06,433 - INFO - copypaste: Task: bbox
2023-09-01 21:54:06,434 - INFO - copypaste: AP,AP50,AP75,APs,APm,APl
2023-09-01 21:54:06,435 - INFO - copypaste: 9.3497,22.2226,4.9831,0.0000,0.9835,10.8559
2023-09-01 21:54:06,436 - INFO - copypaste: Task: segm
2023-09-01 21:54:06,438 - INFO - copypaste: AP,AP50,AP75,APs,APm,APl
2023-09-01 21:54:06,439 - INFO - copypaste: 12.2410,22.7350,11.7325,0.0000,0.7012,14.8901
บันทึกโมเดลทดสอบเสร็จแล้วที่ : ./train/mask_rcnn_R_50_C4_1x.yaml/20230901-214508/before
Base Model: COCO-InstanceSegmentation/mask_rcnn_R_50_C4_1x.yaml
จำนวณรอบการฝึกอบรม (epoch): 100
จำนวณอัตราการเรียนรู้ (lr)  : 0.01
ขนาดต้นทาง (input size) : (672, 672)
อุปกรณ์ที่ใช้ฝึกสอน (device): cuda (A100 on google-colab)
เวลาที่ใช้ในการฝึกสอน: 8.0 นาที 57.61 วินาที
