2023-09-02 20:22:43,821 - INFO - Total training time: 0:03:08 (0:00:01 on hooks)
2023-09-02 20:35:40,123 - INFO - Total inference time: 0:12:02.709917 (4.632756 s / iter per device, on 1 devices)
2023-09-02 20:35:40,124 - INFO - Total inference pure compute time: 0:02:15 (0.867231 s / iter per device, on 1 devices)
2023-09-02 20:35:40,655 - INFO - Evaluation results for bbox:
|   AP   |  AP50  |  AP75  |  APs  |  APm  |  APl   |
|:------:|:------:|:------:|:-----:|:-----:|:------:|
| 18.274 | 35.427 | 15.557 | 0.000 | 4.385 | 19.470 |
2023-09-02 20:35:40,658 - INFO - Per-category bbox AP:
| category        | AP     | category       | AP    | category   | AP     |
|:----------------|:-------|:---------------|:------|:-----------|:-------|
| b_fully_ripened | 10.473 | b_half_ripened | 9.099 | b_green    | 39.264 |
| l_fully_ripened | 19.797 | l_half_ripened | 8.270 | l_green    | 22.737 |
2023-09-02 20:35:42,077 - INFO - Evaluation results for segm:
|   AP   |  AP50  |  AP75  |  APs  |  APm  |  APl   |
|:------:|:------:|:------:|:-----:|:-----:|:------:|
| 22.999 | 36.123 | 25.752 | 0.000 | 2.859 | 24.749 |
2023-09-02 20:35:42,081 - INFO - Per-category segm AP:
| category        | AP     | category       | AP     | category   | AP     |
|:----------------|:-------|:---------------|:-------|:-----------|:-------|
| b_fully_ripened | 14.802 | b_half_ripened | 14.556 | b_green    | 44.030 |
| l_fully_ripened | 28.129 | l_half_ripened | 12.326 | l_green    | 24.153 |
2023-09-02 20:35:42,104 - INFO - copypaste: Task: bbox
2023-09-02 20:35:42,105 - INFO - copypaste: AP,AP50,AP75,APs,APm,APl
2023-09-02 20:35:42,106 - INFO - copypaste: 18.2736,35.4269,15.5571,0.0000,4.3847,19.4704
2023-09-02 20:35:42,108 - INFO - copypaste: Task: segm
2023-09-02 20:35:42,109 - INFO - copypaste: AP,AP50,AP75,APs,APm,APl
2023-09-02 20:35:42,110 - INFO - copypaste: 22.9993,36.1232,25.7518,0.0000,2.8589,24.7486
บันทึกโมเดลทดสอบเสร็จแล้วที่ : ../train/mask_rcnn_R_50_C4_1x.yaml/20230902-201931/before
Base Model: COCO-InstanceSegmentation/mask_rcnn_R_50_C4_1x.yaml
จำนวณรอบการฝึกอบรม (epoch): 700
จำนวณอัตราการเรียนรู้ (lr)  : 0.0001
ขนาดต้นทาง (input size) : (672, 672)
อุปกรณ์ที่ใช้ฝึกสอน (device): cuda (A100 on google-colab)
เวลาที่ใช้ในการฝึกสอน: 16.0 นาที 9.70 วินาที
