2023-09-03 01:40:37,947 - INFO - Total training time: 0:05:27 (0:00:02 on hooks)
2023-09-03 01:50:10,384 - INFO - Total inference time: 0:08:42.560616 (3.349748 s / iter per device, on 1 devices)
2023-09-03 01:50:10,385 - INFO - Total inference pure compute time: 0:01:59 (0.768755 s / iter per device, on 1 devices)
2023-09-03 01:50:11,301 - INFO - Evaluation results for bbox:
|   AP   |  AP50  |  AP75  |  APs  |  APm  |  APl   |
|:------:|:------:|:------:|:-----:|:-----:|:------:|
| 28.715 | 45.801 | 32.312 | 0.000 | 6.805 | 31.068 |
2023-09-03 01:50:11,305 - INFO - Per-category bbox AP:
| category        | AP     | category       | AP     | category   | AP     |
|:----------------|:-------|:---------------|:-------|:-----------|:-------|
| b_fully_ripened | 23.568 | b_half_ripened | 25.392 | b_green    | 36.890 |
| l_fully_ripened | 27.722 | l_half_ripened | 24.406 | l_green    | 34.313 |
2023-09-03 01:50:12,293 - INFO - Evaluation results for segm:
|   AP   |  AP50  |  AP75  |  APs  |  APm  |  APl   |
|:------:|:------:|:------:|:-----:|:-----:|:------:|
| 31.696 | 46.387 | 36.468 | 0.000 | 1.908 | 34.502 |
2023-09-03 01:50:12,297 - INFO - Per-category segm AP:
| category        | AP     | category       | AP     | category   | AP     |
|:----------------|:-------|:---------------|:-------|:-----------|:-------|
| b_fully_ripened | 26.411 | b_half_ripened | 28.495 | b_green    | 41.338 |
| l_fully_ripened | 31.680 | l_half_ripened | 25.562 | l_green    | 36.690 |
2023-09-03 01:50:12,319 - INFO - copypaste: Task: bbox
2023-09-03 01:50:12,320 - INFO - copypaste: AP,AP50,AP75,APs,APm,APl
2023-09-03 01:50:12,321 - INFO - copypaste: 28.7150,45.8011,32.3125,0.0000,6.8049,31.0680
2023-09-03 01:50:12,322 - INFO - copypaste: Task: segm
2023-09-03 01:50:12,323 - INFO - copypaste: AP,AP50,AP75,APs,APm,APl
2023-09-03 01:50:12,324 - INFO - copypaste: 31.6958,46.3871,36.4681,0.0000,1.9077,34.5021
บันทึกโมเดลทดสอบเสร็จแล้วที่ : ../train/mask_rcnn_R_50_C4_1x.yaml/20230903-013507/before
Base Model: COCO-InstanceSegmentation/mask_rcnn_R_50_C4_1x.yaml
จำนวณรอบการฝึกอบรม (epoch): 1300
จำนวณอัตราการเรียนรู้ (lr)  : 0.01
ขนาดต้นทาง (input size) : (672, 672)
อุปกรณ์ที่ใช้ฝึกสอน (device): cuda (T4 on google-colab)
เวลาที่ใช้ในการฝึกสอน: 15.0 นาที 3.86 วินาที
