2023-09-01 22:25:53,290 - INFO - Total training time: 0:01:10 (0:00:01 on hooks)
2023-09-01 22:45:11,646 - INFO - Total inference time: 0:18:19.403573 (7.047459 s / iter per device, on 1 devices)
2023-09-01 22:45:11,648 - INFO - Total inference pure compute time: 0:00:22 (0.146912 s / iter per device, on 1 devices)
2023-09-01 22:45:12,265 - INFO - Evaluation results for bbox:
|   AP   |  AP50  |  AP75  |  APs  |  APm  |  APl   |
|:------:|:------:|:------:|:-----:|:-----:|:------:|
| 10.926 | 23.805 | 7.508  | 0.000 | 2.175 | 12.095 |
2023-09-01 22:45:12,269 - INFO - Per-category bbox AP:
| category        | AP     | category       | AP     | category   | AP     |
|:----------------|:-------|:---------------|:-------|:-----------|:-------|
| b_fully_ripened | 0.663  | b_half_ripened | 11.275 | b_green    | 12.164 |
| l_fully_ripened | 14.060 | l_half_ripened | 3.986  | l_green    | 23.409 |
2023-09-01 22:45:13,320 - INFO - Evaluation results for segm:
|   AP   |  AP50  |  AP75  |  APs  |  APm  |  APl   |
|:------:|:------:|:------:|:-----:|:-----:|:------:|
| 15.767 | 25.653 | 17.457 | 0.000 | 1.069 | 17.370 |
2023-09-01 22:45:13,323 - INFO - Per-category segm AP:
| category        | AP     | category       | AP     | category   | AP     |
|:----------------|:-------|:---------------|:-------|:-----------|:-------|
| b_fully_ripened | 5.710  | b_half_ripened | 14.306 | b_green    | 20.624 |
| l_fully_ripened | 20.681 | l_half_ripened | 6.743  | l_green    | 26.539 |
2023-09-01 22:45:13,347 - INFO - copypaste: Task: bbox
2023-09-01 22:45:13,348 - INFO - copypaste: AP,AP50,AP75,APs,APm,APl
2023-09-01 22:45:13,349 - INFO - copypaste: 10.9263,23.8046,7.5076,0.0000,2.1751,12.0950
2023-09-01 22:45:13,349 - INFO - copypaste: Task: segm
2023-09-01 22:45:13,352 - INFO - copypaste: AP,AP50,AP75,APs,APm,APl
2023-09-01 22:45:13,353 - INFO - copypaste: 15.7671,25.6532,17.4574,0.0000,1.0694,17.3702
บันทึกโมเดลทดสอบเสร็จแล้วที่ : ./train/mask_rcnn_R_50_C4_1x.yaml/20230901-222440/before
Base Model: COCO-InstanceSegmentation/mask_rcnn_R_50_C4_1x.yaml
จำนวณรอบการฝึกอบรม (epoch): 250
จำนวณอัตราการเรียนรู้ (lr)  : 0.01
ขนาดต้นทาง (input size) : (672, 672)
อุปกรณ์ที่ใช้ฝึกสอน (device): cuda (A100 on google-colab)
เวลาที่ใช้ในการฝึกสอน: 20.0 นาที 32.23 วินาที
