2023-08-30 17:19:53,709 - INFO - Total training time: 0:00:23 (0:00:00 on hooks)
2023-08-30 17:40:10,200 - INFO - Total inference time: 0:19:29.383964 (7.496051 s / iter per device, on 1 devices)
2023-08-30 17:40:10,200 - INFO - Total inference pure compute time: 0:07:41 (2.957526 s / iter per device, on 1 devices)
2023-08-30 17:40:10,601 - INFO - Evaluation results for bbox:
|  AP   |  AP50  |  AP75  |  APs  |  APm  |  APl  |
|:-----:|:------:|:------:|:-----:|:-----:|:-----:|
| 5.802 | 14.434 | 2.204  | 0.000 | 0.693 | 6.087 |
2023-08-30 17:40:10,602 - INFO - Per-category bbox AP:
| category        | AP    | category       | AP    | category   | AP     |
|:----------------|:------|:---------------|:------|:-----------|:-------|
| b_fully_ripened | 7.826 | b_half_ripened | 3.689 | b_green    | 16.589 |
| l_fully_ripened | 5.920 | l_half_ripened | 0.055 | l_green    | 0.735  |
2023-08-30 17:40:11,374 - INFO - Evaluation results for segm:
|  AP   |  AP50  |  AP75  |  APs  |  APm  |  APl  |
|:-----:|:------:|:------:|:-----:|:-----:|:-----:|
| 8.886 | 14.836 | 9.296  | 0.000 | 0.394 | 9.719 |
2023-08-30 17:40:11,375 - INFO - Per-category segm AP:
| category        | AP     | category       | AP    | category   | AP     |
|:----------------|:-------|:---------------|:------|:-----------|:-------|
| b_fully_ripened | 15.622 | b_half_ripened | 5.334 | b_green    | 22.051 |
| l_fully_ripened | 9.129  | l_half_ripened | 0.114 | l_green    | 1.067  |
2023-08-30 17:40:11,509 - INFO - copypaste: Task: bbox
2023-08-30 17:40:11,509 - INFO - copypaste: AP,AP50,AP75,APs,APm,APl
2023-08-30 17:40:11,509 - INFO - copypaste: 5.8025,14.4344,2.2037,0.0000,0.6934,6.0872
2023-08-30 17:40:11,509 - INFO - copypaste: Task: segm
2023-08-30 17:40:11,509 - INFO - copypaste: AP,AP50,AP75,APs,APm,APl
2023-08-30 17:40:11,509 - INFO - copypaste: 8.8862,14.8360,9.2964,0.0000,0.3939,9.7195
2023-08-30 17:40:12,004 - INFO - บันทึกโมเดลทดสอบเสร็จแล้วที่ : .\train\mask_rcnn_R_50_C4_1x.yaml\20230830-171923\before
2023-08-30 17:40:12,004 - INFO - Base Model: COCO-InstanceSegmentation/mask_rcnn_R_50_C4_1x.yaml
2023-08-30 17:40:12,004 - INFO - จำนวณรอบการฝึกอบรม (epoch): 100
2023-08-30 17:40:12,004 - INFO - จำนวณอัตราการเรียนรู้ (lr)  : 0.001
2023-08-30 17:40:12,004 - INFO - ขนาดต้นทาง (input size) : (336, 336)
2023-08-30 17:40:12,004 - INFO - อุปกรณ์ที่ใช้ฝึกสอน (device): cuda
2023-08-30 17:40:12,004 - INFO - เวลาที่ใช้ในการฝึกสอน: 20.0 นาที 47.73 วินาที
