2023-09-02 21:06:29,652 - INFO - Total training time: 0:03:49 (0:00:01 on hooks)
2023-09-02 21:13:45,262 - INFO - Total inference time: 0:06:35.645296 (2.536188 s / iter per device, on 1 devices)
2023-09-02 21:13:45,264 - INFO - Total inference pure compute time: 0:01:48 (0.692397 s / iter per device, on 1 devices)
2023-09-02 21:13:45,634 - INFO - Evaluation results for bbox:
|   AP   |  AP50  |  AP75  |  APs  |  APm  |  APl   |
|:------:|:------:|:------:|:-----:|:-----:|:------:|
| 41.543 | 63.194 | 48.179 | 0.000 | 9.190 | 44.511 |
2023-09-02 21:13:45,637 - INFO - Per-category bbox AP:
| category        | AP     | category       | AP     | category   | AP     |
|:----------------|:-------|:---------------|:-------|:-----------|:-------|
| b_fully_ripened | 31.564 | b_half_ripened | 33.072 | b_green    | 48.863 |
| l_fully_ripened | 48.955 | l_half_ripened | 40.320 | l_green    | 46.483 |
2023-09-02 21:13:46,671 - INFO - Evaluation results for segm:
|   AP   |  AP50  |  AP75  |  APs  |  APm  |  APl   |
|:------:|:------:|:------:|:-----:|:-----:|:------:|
| 46.298 | 63.055 | 53.142 | 0.000 | 5.574 | 50.012 |
2023-09-02 21:13:46,675 - INFO - Per-category segm AP:
| category        | AP     | category       | AP     | category   | AP     |
|:----------------|:-------|:---------------|:-------|:-----------|:-------|
| b_fully_ripened | 41.073 | b_half_ripened | 35.548 | b_green    | 56.263 |
| l_fully_ripened | 51.861 | l_half_ripened | 44.149 | l_green    | 48.893 |
2023-09-02 21:13:46,691 - INFO - copypaste: Task: bbox
2023-09-02 21:13:46,692 - INFO - copypaste: AP,AP50,AP75,APs,APm,APl
2023-09-02 21:13:46,692 - INFO - copypaste: 41.5430,63.1943,48.1786,0.0000,9.1897,44.5112
2023-09-02 21:13:46,694 - INFO - copypaste: Task: segm
2023-09-02 21:13:46,696 - INFO - copypaste: AP,AP50,AP75,APs,APm,APl
2023-09-02 21:13:46,697 - INFO - copypaste: 46.2979,63.0553,53.1422,0.0000,5.5736,50.0116
บันทึกโมเดลทดสอบเสร็จแล้วที่ : ../train/mask_rcnn_R_50_C4_1x.yaml/20230902-210237/before
Base Model: COCO-InstanceSegmentation/mask_rcnn_R_50_C4_1x.yaml
จำนวณรอบการฝึกอบรม (epoch): 850
จำนวณอัตราการเรียนรู้ (lr)  : 0.001
ขนาดต้นทาง (input size) : (672, 672)
อุปกรณ์ที่ใช้ฝึกสอน (device): cuda (T4 on google-colab)
เวลาที่ใช้ในการฝึกสอน: 11.0 นาที 8.33 วินาที
