2023-09-01 18:05:31,554 - INFO - Total training time: 0:05:01 (0:00:02 on hooks)
2023-09-01 18:12:59,007 - INFO - Total inference time: 0:06:47.011322 (2.609047 s / iter per device, on 1 devices)
2023-09-01 18:12:59,009 - INFO - Total inference pure compute time: 0:00:19 (0.125755 s / iter per device, on 1 devices)
2023-09-01 18:12:59,446 - INFO - Evaluation results for bbox:
|   AP   |  AP50  |  AP75  |  APs  |  APm  |  APl   |
|:------:|:------:|:------:|:-----:|:-----:|:------:|
| 16.084 | 27.375 | 17.705 | 0.000 | 2.179 | 17.963 |
2023-09-01 18:12:59,450 - INFO - Per-category bbox AP:
| category        | AP     | category       | AP     | category   | AP     |
|:----------------|:-------|:---------------|:-------|:-----------|:-------|
| b_fully_ripened | 13.061 | b_half_ripened | 16.509 | b_green    | 29.710 |
| l_fully_ripened | 21.705 | l_half_ripened | 2.679  | l_green    | 12.841 |
2023-09-01 18:13:00,581 - INFO - Evaluation results for segm:
|   AP   |  AP50  |  AP75  |  APs  |  APm  |  APl   |
|:------:|:------:|:------:|:-----:|:-----:|:------:|
| 18.366 | 27.794 | 20.114 | 0.000 | 1.787 | 21.383 |
2023-09-01 18:13:00,584 - INFO - Per-category segm AP:
| category        | AP     | category       | AP     | category   | AP     |
|:----------------|:-------|:---------------|:-------|:-----------|:-------|
| b_fully_ripened | 15.027 | b_half_ripened | 19.528 | b_green    | 33.612 |
| l_fully_ripened | 24.886 | l_half_ripened | 2.766  | l_green    | 14.378 |
2023-09-01 18:13:00,602 - INFO - copypaste: Task: bbox
2023-09-01 18:13:00,603 - INFO - copypaste: AP,AP50,AP75,APs,APm,APl
2023-09-01 18:13:00,604 - INFO - copypaste: 16.0841,27.3751,17.7053,0.0000,2.1792,17.9634
2023-09-01 18:13:00,606 - INFO - copypaste: Task: segm
2023-09-01 18:13:00,607 - INFO - copypaste: AP,AP50,AP75,APs,APm,APl
2023-09-01 18:13:00,608 - INFO - copypaste: 18.3663,27.7939,20.1138,0.0000,1.7871,21.3835
บันทึกโมเดลทดสอบเสร็จแล้วที่ : ./train/mask_rcnn_R_50_C4_1x.yaml/20230901-180027/before
Base Model: COCO-InstanceSegmentation/mask_rcnn_R_50_C4_1x.yaml
จำนวณรอบการฝึกอบรม (epoch): 1150
จำนวณอัตราการเรียนรู้ (lr)  : 0.01
ขนาดต้นทาง (input size) : (336, 336)
อุปกรณ์ที่ใช้ฝึกสอน (device): cuda (A100 on google-colab)
เวลาที่ใช้ในการฝึกสอน: 12.0 นาที 32.83 วินาที
