2023-08-25 21:10:29,804 - INFO - Total training time: 0:04:21 (0:00:01 on hooks)
2023-08-25 21:25:00,377 - INFO - Total inference time: 0:13:58.109472 (5.372497 s / iter per device, on 1 devices)
2023-08-25 21:25:00,377 - INFO - Total inference pure compute time: 0:03:41 (1.420666 s / iter per device, on 1 devices)
2023-08-25 21:25:00,729 - INFO - Evaluation results for bbox:
|  AP   |  AP50  |  AP75  |  APs  |  APm  |  APl  |
|:-----:|:------:|:------:|:-----:|:-----:|:-----:|
| 7.898 | 16.139 | 7.016  | 0.000 | 2.188 | 8.144 |
2023-08-25 21:25:00,729 - INFO - Per-category bbox AP:
| category        | AP    | category       | AP     | category   | AP     |
|:----------------|:------|:---------------|:-------|:-----------|:-------|
| b_fully_ripened | 8.288 | b_half_ripened | 13.007 | b_green    | 20.714 |
| l_fully_ripened | 2.841 | l_half_ripened | 1.029  | l_green    | 1.506  |
2023-08-25 21:25:01,465 - INFO - Evaluation results for segm:
|  AP   |  AP50  |  AP75  |  APs  |  APm  |  APl   |
|:-----:|:------:|:------:|:-----:|:-----:|:------:|
| 9.816 | 16.695 | 10.124 | 0.000 | 1.908 | 10.847 |
2023-08-25 21:25:01,466 - INFO - Per-category segm AP:
| category        | AP    | category       | AP     | category   | AP     |
|:----------------|:------|:---------------|:-------|:-----------|:-------|
| b_fully_ripened | 9.909 | b_half_ripened | 19.898 | b_green    | 22.877 |
| l_fully_ripened | 3.470 | l_half_ripened | 1.190  | l_green    | 1.552  |
2023-08-25 21:25:01,552 - INFO - copypaste: Task: bbox
2023-08-25 21:25:01,552 - INFO - copypaste: AP,AP50,AP75,APs,APm,APl
2023-08-25 21:25:01,552 - INFO - copypaste: 7.8976,16.1387,7.0164,0.0000,2.1880,8.1443
2023-08-25 21:25:01,552 - INFO - copypaste: Task: segm
2023-08-25 21:25:01,552 - INFO - copypaste: AP,AP50,AP75,APs,APm,APl
2023-08-25 21:25:01,552 - INFO - copypaste: 9.8159,16.6951,10.1241,0.0000,1.9081,10.8465
2023-08-25 21:25:01,935 - INFO - บันทึกโมเดลทดสอบเสร็จแล้วที่ : .\train\mask_rcnn_R_50_C4_1x.yaml\20230825-210600\before
2023-08-25 21:25:01,935 - INFO - Base Model: COCO-InstanceSegmentation/mask_rcnn_R_50_C4_1x.yaml
2023-08-25 21:25:01,936 - INFO - จำนวณรอบการฝึกอบรม (epoch): 700
2023-08-25 21:25:01,936 - INFO - จำนวณอัตราการเรียนรู้ (lr)  : 0.01
2023-08-25 21:25:01,936 - INFO - ขนาดต้นทาง (input size) : (224, 224)
2023-08-25 21:25:01,936 - INFO - อุปกรณ์ที่ใช้ฝึกสอน (device): cuda
2023-08-25 21:25:01,936 - INFO - เวลาที่ใช้ในการฝึกสอน: 18.0 นาที 59.98 วินาที
2023-08-25 21:25:01,936 - INFO - บันทึกข้อความเข้าไปที่: .\train\mask_rcnn_R_50_C4_1x.yaml\20230825-210600\training.log
