2023-09-04 11:47:34,483 - INFO - Total training time: 0:12:44 (0:00:07 on hooks)
2023-09-04 11:55:31,169 - INFO - Total inference time: 0:07:19.036466 (2.814336 s / iter per device, on 1 devices)
2023-09-04 11:55:31,170 - INFO - Total inference pure compute time: 0:01:11 (0.461111 s / iter per device, on 1 devices)
2023-09-04 11:55:31,566 - INFO - Evaluation results for bbox:
|   AP   |  AP50  |  AP75  |  APs  |  APm   |  APl   |
|:------:|:------:|:------:|:-----:|:------:|:------:|
| 52.305 | 74.791 | 61.093 | 0.000 | 10.353 | 55.808 |
2023-09-04 11:55:31,570 - INFO - Per-category bbox AP:
| category        | AP     | category       | AP     | category   | AP     |
|:----------------|:-------|:---------------|:-------|:-----------|:-------|
| b_fully_ripened | 48.544 | b_half_ripened | 54.249 | b_green    | 57.433 |
| l_fully_ripened | 51.086 | l_half_ripened | 52.581 | l_green    | 49.937 |
2023-09-04 11:55:32,319 - INFO - Evaluation results for segm:
|   AP   |  AP50  |  AP75  |  APs  |  APm  |  APl   |
|:------:|:------:|:------:|:-----:|:-----:|:------:|
| 57.253 | 74.947 | 64.220 | 0.000 | 6.014 | 61.693 |
2023-09-04 11:55:32,323 - INFO - Per-category segm AP:
| category        | AP     | category       | AP     | category   | AP     |
|:----------------|:-------|:---------------|:-------|:-----------|:-------|
| b_fully_ripened | 54.148 | b_half_ripened | 61.508 | b_green    | 63.855 |
| l_fully_ripened | 53.979 | l_half_ripened | 55.444 | l_green    | 54.584 |
2023-09-04 11:55:32,340 - INFO - copypaste: Task: bbox
2023-09-04 11:55:32,341 - INFO - copypaste: AP,AP50,AP75,APs,APm,APl
2023-09-04 11:55:32,342 - INFO - copypaste: 52.3048,74.7915,61.0930,0.0000,10.3534,55.8076
2023-09-04 11:55:32,344 - INFO - copypaste: Task: segm
2023-09-04 11:55:32,346 - INFO - copypaste: AP,AP50,AP75,APs,APm,APl
2023-09-04 11:55:32,347 - INFO - copypaste: 57.2527,74.9468,64.2205,0.0000,6.0143,61.6927
บันทึกโมเดลทดสอบเสร็จแล้วที่ : ../train/mask_rcnn_R_50_DC5_1x.yaml/20230904-113442/before
Base Model: COCO-InstanceSegmentation/mask_rcnn_R_50_DC5_1x.yaml
จำนวณรอบการฝึกอบรม (epoch): 2600
จำนวณอัตราการเรียนรู้ (lr)  : 0.001
ขนาดต้นทาง (input size) : (672, 672)
อุปกรณ์ที่ใช้ฝึกสอน (device): cuda (T4 on google-colab)
เวลาที่ใช้ในการฝึกสอน: 20.0 นาที 47.64 วินาที
