2023-09-07 14:27:04,264 - INFO - Total training time: 0:10:04 (0:00:03 on hooks)
2023-09-07 14:38:09,299 - INFO - Total inference time: 0:10:38.930997 (4.095712 s / iter per device, on 1 devices)
2023-09-07 14:38:09,301 - INFO - Total inference pure compute time: 0:01:42 (0.658550 s / iter per device, on 1 devices)
2023-09-07 14:38:09,594 - INFO - Evaluation results for bbox:
|   AP   |  AP50  |  AP75  |  APs  |  APm   |  APl   |
|:------:|:------:|:------:|:-----:|:------:|:------:|
| 54.843 | 77.514 | 64.838 | 0.000 | 14.408 | 58.143 |
2023-09-07 14:38:09,597 - INFO - Per-category bbox AP:
| category        | AP     | category       | AP     | category   | AP     |
|:----------------|:-------|:---------------|:-------|:-----------|:-------|
| b_fully_ripened | 41.195 | b_half_ripened | 52.038 | b_green    | 65.614 |
| l_fully_ripened | 56.459 | l_half_ripened | 55.649 | l_green    | 58.106 |
2023-09-07 14:38:10,161 - INFO - Evaluation results for segm:
|   AP   |  AP50  |  AP75  |  APs  |  APm  |  APl   |
|:------:|:------:|:------:|:-----:|:-----:|:------:|
| 59.285 | 77.284 | 68.082 | 0.000 | 9.763 | 63.271 |
2023-09-07 14:38:10,165 - INFO - Per-category segm AP:
| category        | AP     | category       | AP     | category   | AP     |
|:----------------|:-------|:---------------|:-------|:-----------|:-------|
| b_fully_ripened | 56.942 | b_half_ripened | 54.310 | b_green    | 69.467 |
| l_fully_ripened | 58.167 | l_half_ripened | 57.030 | l_green    | 59.791 |
2023-09-07 14:38:10,176 - INFO - copypaste: Task: bbox
2023-09-07 14:38:10,177 - INFO - copypaste: AP,AP50,AP75,APs,APm,APl
2023-09-07 14:38:10,179 - INFO - copypaste: 54.8434,77.5138,64.8382,0.0000,14.4082,58.1434
2023-09-07 14:38:10,180 - INFO - copypaste: Task: segm
2023-09-07 14:38:10,182 - INFO - copypaste: AP,AP50,AP75,APs,APm,APl
2023-09-07 14:38:10,183 - INFO - copypaste: 59.2846,77.2845,68.0820,0.0000,9.7627,63.2706
บันทึกโมเดลทดสอบเสร็จแล้วที่ : ../train/mask_rcnn_R_101_C4_3x.yaml/20230907-141655/before
Base Model: COCO-InstanceSegmentation/mask_rcnn_R_101_C4_3x.yaml
จำนวณรอบการฝึกอบรม (epoch): 2300
จำนวณอัตราการเรียนรู้ (lr)  : 0.001
ขนาดต้นทาง (input size) : (672, 672)
อุปกรณ์ที่ใช้ฝึกสอน (device): cuda (T4 on google-colab)
เวลาที่ใช้ในการฝึกสอน: 21.0 นาที 14.26 วินาที
