2023-09-03 19:23:18,040 - INFO - Total training time: 0:06:29 (0:00:06 on hooks)
2023-09-03 19:34:22,217 - INFO - Total inference time: 0:10:33.119574 (4.058459 s / iter per device, on 1 devices)
2023-09-03 19:34:22,219 - INFO - Total inference pure compute time: 0:01:07 (0.434545 s / iter per device, on 1 devices)
2023-09-03 19:34:22,583 - INFO - Evaluation results for bbox:
|   AP   |  AP50  |  AP75  |  APs  |  APm   |  APl   |
|:------:|:------:|:------:|:-----:|:------:|:------:|
| 45.566 | 66.966 | 52.344 | 0.000 | 10.001 | 49.063 |
2023-09-03 19:34:22,585 - INFO - Per-category bbox AP:
| category        | AP     | category       | AP     | category   | AP     |
|:----------------|:-------|:---------------|:-------|:-----------|:-------|
| b_fully_ripened | 41.873 | b_half_ripened | 37.749 | b_green    | 60.209 |
| l_fully_ripened | 44.153 | l_half_ripened | 44.426 | l_green    | 44.984 |
2023-09-03 19:34:23,286 - INFO - Evaluation results for segm:
|   AP   |  AP50  |  AP75  |  APs  |  APm  |  APl   |
|:------:|:------:|:------:|:-----:|:-----:|:------:|
| 49.797 | 67.263 | 56.395 | 0.000 | 4.171 | 54.241 |
2023-09-03 19:34:23,290 - INFO - Per-category segm AP:
| category        | AP     | category       | AP     | category   | AP     |
|:----------------|:-------|:---------------|:-------|:-----------|:-------|
| b_fully_ripened | 47.369 | b_half_ripened | 41.019 | b_green    | 65.681 |
| l_fully_ripened | 48.692 | l_half_ripened | 46.891 | l_green    | 49.133 |
2023-09-03 19:34:23,309 - INFO - copypaste: Task: bbox
2023-09-03 19:34:23,310 - INFO - copypaste: AP,AP50,AP75,APs,APm,APl
2023-09-03 19:34:23,311 - INFO - copypaste: 45.5657,66.9662,52.3440,0.0000,10.0008,49.0627
2023-09-03 19:34:23,312 - INFO - copypaste: Task: segm
2023-09-03 19:34:23,313 - INFO - copypaste: AP,AP50,AP75,APs,APm,APl
2023-09-03 19:34:23,314 - INFO - copypaste: 49.7975,67.2633,56.3950,0.0000,4.1707,54.2409
บันทึกโมเดลทดสอบเสร็จแล้วที่ : ../train/mask_rcnn_R_50_DC5_1x.yaml/20230903-191641/before
Base Model: COCO-InstanceSegmentation/mask_rcnn_R_50_DC5_1x.yaml
จำนวณรอบการฝึกอบรม (epoch): 1400
จำนวณอัตราการเรียนรู้ (lr)  : 0.001
ขนาดต้นทาง (input size) : (672, 672)
อุปกรณ์ที่ใช้ฝึกสอน (device): cuda (T4 on google-colab)
เวลาที่ใช้ในการฝึกสอน: 17.0 นาที 39.02 วินาที
