2023-09-01 00:04:04,896 - INFO - Total training time: 0:01:58 (0:00:00 on hooks)
2023-09-01 00:23:30,659 - INFO - Total inference time: 0:18:46.754659 (7.222786 s / iter per device, on 1 devices)
2023-09-01 00:23:30,659 - INFO - Total inference pure compute time: 0:08:26 (3.247572 s / iter per device, on 1 devices)
2023-09-01 00:23:31,027 - INFO - Evaluation results for bbox:
|  AP   |  AP50  |  AP75  |  APs  |  APm  |  APl  |
|:-----:|:------:|:------:|:-----:|:-----:|:-----:|
| 6.388 | 17.072 | 2.046  | 0.000 | 1.585 | 6.868 |
2023-09-01 00:23:31,028 - INFO - Per-category bbox AP:
| category        | AP    | category       | AP    | category   | AP     |
|:----------------|:------|:---------------|:------|:-----------|:-------|
| b_fully_ripened | 4.565 | b_half_ripened | 4.391 | b_green    | 12.784 |
| l_fully_ripened | 7.933 | l_half_ripened | 0.502 | l_green    | 8.156  |
2023-09-01 00:23:31,820 - INFO - Evaluation results for segm:
|  AP   |  AP50  |  AP75  |  APs  |  APm  |  APl   |
|:-----:|:------:|:------:|:-----:|:-----:|:------:|
| 9.121 | 17.334 | 8.947  | 0.000 | 1.405 | 10.258 |
2023-09-01 00:23:31,821 - INFO - Per-category segm AP:
| category        | AP     | category       | AP    | category   | AP     |
|:----------------|:-------|:---------------|:------|:-----------|:-------|
| b_fully_ripened | 7.163  | b_half_ripened | 7.037 | b_green    | 19.670 |
| l_fully_ripened | 10.373 | l_half_ripened | 1.034 | l_green    | 9.448  |
2023-09-01 00:23:31,907 - INFO - copypaste: Task: bbox
2023-09-01 00:23:31,907 - INFO - copypaste: AP,AP50,AP75,APs,APm,APl
2023-09-01 00:23:31,907 - INFO - copypaste: 6.3885,17.0724,2.0460,0.0000,1.5849,6.8683
2023-09-01 00:23:31,907 - INFO - copypaste: Task: segm
2023-09-01 00:23:31,907 - INFO - copypaste: AP,AP50,AP75,APs,APm,APl
2023-09-01 00:23:31,907 - INFO - copypaste: 9.1210,17.3338,8.9471,0.0000,1.4054,10.2577
2023-09-01 00:23:32,286 - INFO - บันทึกโมเดลทดสอบเสร็จแล้วที่ : .\train\mask_rcnn_R_50_C4_1x.yaml\20230901-000158\before
2023-09-01 00:23:32,287 - INFO - Base Model: COCO-InstanceSegmentation/mask_rcnn_R_50_C4_1x.yaml
2023-09-01 00:23:32,287 - INFO - จำนวณรอบการฝึกอบรม (epoch): 550
2023-09-01 00:23:32,287 - INFO - จำนวณอัตราการเรียนรู้ (lr)  : 0.0001
2023-09-01 00:23:32,287 - INFO - ขนาดต้นทาง (input size) : (336, 336)
2023-09-01 00:23:32,287 - INFO - อุปกรณ์ที่ใช้ฝึกสอน (device): cuda
2023-09-01 00:23:32,287 - INFO - เวลาที่ใช้ในการฝึกสอน: 21.0 นาที 32.49 วินาที
