2023-09-03 01:24:50,134 - INFO - Total training time: 0:05:06 (0:00:02 on hooks)
2023-09-03 01:32:56,662 - INFO - Total inference time: 0:07:49.998379 (3.012810 s / iter per device, on 1 devices)
2023-09-03 01:32:56,663 - INFO - Total inference pure compute time: 0:01:54 (0.734397 s / iter per device, on 1 devices)
2023-09-03 01:32:57,161 - INFO - Evaluation results for bbox:
|   AP   |  AP50  |  AP75  |  APs  |  APm  |  APl   |
|:------:|:------:|:------:|:-----:|:-----:|:------:|
| 34.582 | 52.214 | 39.965 | 0.000 | 5.520 | 36.836 |
2023-09-03 01:32:57,165 - INFO - Per-category bbox AP:
| category        | AP     | category       | AP     | category   | AP     |
|:----------------|:-------|:---------------|:-------|:-----------|:-------|
| b_fully_ripened | 30.680 | b_half_ripened | 27.440 | b_green    | 45.840 |
| l_fully_ripened | 33.914 | l_half_ripened | 36.262 | l_green    | 33.359 |
2023-09-03 01:32:58,422 - INFO - Evaluation results for segm:
|   AP   |  AP50  |  AP75  |  APs  |  APm  |  APl   |
|:------:|:------:|:------:|:-----:|:-----:|:------:|
| 37.052 | 52.191 | 41.672 | 0.000 | 3.679 | 40.061 |
2023-09-03 01:32:58,426 - INFO - Per-category segm AP:
| category        | AP     | category       | AP     | category   | AP     |
|:----------------|:-------|:---------------|:-------|:-----------|:-------|
| b_fully_ripened | 36.939 | b_half_ripened | 29.365 | b_green    | 48.203 |
| l_fully_ripened | 34.963 | l_half_ripened | 36.646 | l_green    | 36.196 |
2023-09-03 01:32:58,445 - INFO - copypaste: Task: bbox
2023-09-03 01:32:58,446 - INFO - copypaste: AP,AP50,AP75,APs,APm,APl
2023-09-03 01:32:58,447 - INFO - copypaste: 34.5823,52.2141,39.9653,0.0000,5.5197,36.8361
2023-09-03 01:32:58,449 - INFO - copypaste: Task: segm
2023-09-03 01:32:58,449 - INFO - copypaste: AP,AP50,AP75,APs,APm,APl
2023-09-03 01:32:58,451 - INFO - copypaste: 37.0521,52.1910,41.6715,0.0000,3.6787,40.0614
บันทึกโมเดลทดสอบเสร็จแล้วที่ : ../train/mask_rcnn_R_50_C4_1x.yaml/20230903-011940/before
Base Model: COCO-InstanceSegmentation/mask_rcnn_R_50_C4_1x.yaml
จำนวณรอบการฝึกอบรม (epoch): 1150
จำนวณอัตราการเรียนรู้ (lr)  : 0.0001
ขนาดต้นทาง (input size) : (672, 672)
อุปกรณ์ที่ใช้ฝึกสอน (device): cuda (T4 on google-colab)
เวลาที่ใช้ในการฝึกสอน: 13.0 นาที 17.33 วินาที
