2023-09-01 16:54:31,175 - INFO - Total training time: 0:03:03 (0:00:01 on hooks)
2023-09-01 17:03:13,557 - INFO - Total inference time: 0:08:13.636548 (3.164337 s / iter per device, on 1 devices)
2023-09-01 17:03:13,558 - INFO - Total inference pure compute time: 0:00:22 (0.145780 s / iter per device, on 1 devices)
2023-09-01 17:03:14,108 - INFO - Evaluation results for bbox:
|   AP   |  AP50  |  AP75  |  APs  |  APm  |  APl   |
|:------:|:------:|:------:|:-----:|:-----:|:------:|
| 25.249 | 43.300 | 27.772 | 0.000 | 6.036 | 26.819 |
2023-09-01 17:03:14,112 - INFO - Per-category bbox AP:
| category        | AP     | category       | AP     | category   | AP     |
|:----------------|:-------|:---------------|:-------|:-----------|:-------|
| b_fully_ripened | 25.484 | b_half_ripened | 18.069 | b_green    | 42.898 |
| l_fully_ripened | 19.757 | l_half_ripened | 23.346 | l_green    | 21.941 |
Loading and preparing results...
2023-09-01 17:03:15,092 - INFO - Evaluation results for segm:
|   AP   |  AP50  |  AP75  |  APs  |  APm  |  APl   |
|:------:|:------:|:------:|:-----:|:-----:|:------:|
| 29.712 | 43.371 | 33.065 | 0.000 | 3.768 | 33.029 |
2023-09-01 17:03:15,095 - INFO - Per-category segm AP:
| category        | AP     | category       | AP     | category   | AP     |
|:----------------|:-------|:---------------|:-------|:-----------|:-------|
| b_fully_ripened | 36.852 | b_half_ripened | 23.968 | b_green    | 46.625 |
| l_fully_ripened | 20.780 | l_half_ripened | 25.165 | l_green    | 24.881 |
2023-09-01 17:03:15,115 - INFO - copypaste: Task: bbox
2023-09-01 17:03:15,116 - INFO - copypaste: AP,AP50,AP75,APs,APm,APl
2023-09-01 17:03:15,117 - INFO - copypaste: 25.2493,43.2998,27.7718,0.0000,6.0361,26.8192
2023-09-01 17:03:15,119 - INFO - copypaste: Task: segm
2023-09-01 17:03:15,120 - INFO - copypaste: AP,AP50,AP75,APs,APm,APl
2023-09-01 17:03:15,121 - INFO - copypaste: 29.7118,43.3711,33.0655,0.0000,3.7678,33.0292
บันทึกโมเดลทดสอบเสร็จแล้วที่ : ./train/mask_rcnn_R_50_C4_1x.yaml/20230901-165125/before
Base Model: COCO-InstanceSegmentation/mask_rcnn_R_50_C4_1x.yaml
จำนวณรอบการฝึกอบรม (epoch): 700
จำนวณอัตราการเรียนรู้ (lr)  : 0.001
ขนาดต้นทาง (input size) : (336, 336)
อุปกรณ์ที่ใช้ฝึกสอน (device): cuda (A100 on google-colab)
เวลาที่ใช้ในการฝึกสอน: 11.0 นาที 49.12 วินาที
