2023-08-25 19:47:27,376 - INFO - Total training time: 0:03:31 (0:00:01 on hooks)
2023-08-25 20:01:56,155 - INFO - Total inference time: 0:13:56.339728 (5.361152 s / iter per device, on 1 devices)
2023-08-25 20:01:56,155 - INFO - Total inference pure compute time: 0:03:35 (1.379290 s / iter per device, on 1 devices)
2023-08-25 20:01:56,510 - INFO - Evaluation results for bbox:
|  AP   |  AP50  |  AP75  |  APs  |  APm  |  APl  |
|:-----:|:------:|:------:|:-----:|:-----:|:-----:|
| 4.058 | 10.465 | 1.377  | 0.000 | 0.961 | 4.570 |
2023-08-25 20:01:56,511 - INFO - Per-category bbox AP:
| category        | AP    | category       | AP    | category   | AP     |
|:----------------|:------|:---------------|:------|:-----------|:-------|
| b_fully_ripened | 5.782 | b_half_ripened | 2.852 | b_green    | 11.589 |
| l_fully_ripened | 3.533 | l_half_ripened | 0.002 | l_green    | 0.591  |
2023-08-25 20:01:57,272 - INFO - Evaluation results for segm:
|  AP   |  AP50  |  AP75  |  APs  |  APm  |  APl  |
|:-----:|:------:|:------:|:-----:|:-----:|:-----:|
| 5.926 | 11.347 | 5.797  | 0.000 | 0.394 | 7.008 |
2023-08-25 20:01:57,272 - INFO - Per-category segm AP:
| category        | AP    | category       | AP    | category   | AP     |
|:----------------|:------|:---------------|:------|:-----------|:-------|
| b_fully_ripened | 9.207 | b_half_ripened | 4.017 | b_green    | 17.080 |
| l_fully_ripened | 4.547 | l_half_ripened | 0.004 | l_green    | 0.702  |
2023-08-25 20:01:57,360 - INFO - copypaste: Task: bbox
2023-08-25 20:01:57,360 - INFO - copypaste: AP,AP50,AP75,APs,APm,APl
2023-08-25 20:01:57,360 - INFO - copypaste: 4.0582,10.4647,1.3771,0.0000,0.9606,4.5699
2023-08-25 20:01:57,360 - INFO - copypaste: Task: segm
2023-08-25 20:01:57,360 - INFO - copypaste: AP,AP50,AP75,APs,APm,APl
2023-08-25 20:01:57,360 - INFO - copypaste: 5.9263,11.3472,5.7971,0.0000,0.3940,7.0076
2023-08-25 20:01:57,751 - INFO - บันทึกโมเดลทดสอบเสร็จแล้วที่ : .\train\mask_rcnn_R_50_C4_1x.yaml\20230825-194345\before
2023-08-25 20:01:57,751 - INFO - Base Model: COCO-InstanceSegmentation/mask_rcnn_R_50_C4_1x.yaml
2023-08-25 20:01:57,751 - INFO - จำนวณรอบการฝึกอบรม (epoch): 550
2023-08-25 20:01:57,751 - INFO - จำนวณอัตราการเรียนรู้ (lr)  : 0.0001
2023-08-25 20:01:57,751 - INFO - ขนาดต้นทาง (input size) : (224, 224)
2023-08-25 20:01:57,751 - INFO - อุปกรณ์ที่ใช้ฝึกสอน (device): cuda
2023-08-25 20:01:57,751 - INFO - เวลาที่ใช้ในการฝึกสอน: 18.0 นาที 10.69 วินาที
2023-08-25 20:01:57,751 - INFO - บันทึกข้อความเข้าไปที่: .\train\mask_rcnn_R_50_C4_1x.yaml\20230825-194345\training.log
