2023-09-07 13:28:45,010 - INFO - Total training time: 0:02:43 (0:00:02 on hooks)
2023-09-07 13:37:29,330 - INFO - Total inference time: 0:08:24.169287 (3.231854 s / iter per device, on 1 devices)
2023-09-07 13:37:29,332 - INFO - Total inference pure compute time: 0:01:14 (0.480435 s / iter per device, on 1 devices)
2023-09-07 13:37:29,838 - INFO - Evaluation results for bbox:
|  AP   |  AP50  |  AP75  |  APs  |  APm  |  APl  |
|:-----:|:------:|:------:|:-----:|:-----:|:-----:|
| 1.424 | 4.828  | 0.262  | 0.000 | 0.019 | 1.711 |
2023-09-07 13:37:29,840 - INFO - Per-category bbox AP:
| category        | AP    | category       | AP    | category   | AP    |
|:----------------|:------|:---------------|:------|:-----------|:------|
| b_fully_ripened | 0.124 | b_half_ripened | 1.612 | b_green    | 0.659 |
| l_fully_ripened | 3.554 | l_half_ripened | 1.710 | l_green    | 0.882 |
2023-09-07 13:37:30,740 - INFO - Evaluation results for segm:
|  AP   |  AP50  |  AP75  |  APs  |  APm  |  APl  |
|:-----:|:------:|:------:|:-----:|:-----:|:-----:|
| 2.438 | 5.753  | 1.569  | 0.000 | 0.045 | 2.934 |
2023-09-07 13:37:30,744 - INFO - Per-category segm AP:
| category        | AP    | category       | AP    | category   | AP    |
|:----------------|:------|:---------------|:------|:-----------|:------|
| b_fully_ripened | 0.302 | b_half_ripened | 2.198 | b_green    | 1.953 |
| l_fully_ripened | 5.501 | l_half_ripened | 2.988 | l_green    | 1.689 |
2023-09-07 13:37:30,764 - INFO - copypaste: Task: bbox
2023-09-07 13:37:30,766 - INFO - copypaste: AP,AP50,AP75,APs,APm,APl
2023-09-07 13:37:30,767 - INFO - copypaste: 1.4236,4.8277,0.2619,0.0000,0.0192,1.7109
2023-09-07 13:37:30,768 - INFO - copypaste: Task: segm
2023-09-07 13:37:30,769 - INFO - copypaste: AP,AP50,AP75,APs,APm,APl
2023-09-07 13:37:30,770 - INFO - copypaste: 2.4384,5.7529,1.5688,0.0000,0.0447,2.9338
บันทึกโมเดลทดสอบเสร็จแล้วที่ : ../train/mask_rcnn_R_50_FPN_1x.yaml/20230907-132558/before
Base Model: COCO-InstanceSegmentation/mask_rcnn_R_50_FPN_1x.yaml
จำนวณรอบการฝึกอบรม (epoch): 400
จำนวณอัตราการเรียนรู้ (lr)  : 0.0001
ขนาดต้นทาง (input size) : (224, 224)
อุปกรณ์ที่ใช้ฝึกสอน (device): cuda (T4 on google-colab)
เวลาที่ใช้ในการฝึกสอน: 11.0 นาที 31.57 วินาที
