2023-09-03 19:09:24,003 - INFO - Total training time: 0:05:32 (0:00:05 on hooks)
2023-09-03 19:15:30,186 - INFO - Total inference time: 0:05:51.282201 (2.251809 s / iter per device, on 1 devices)
2023-09-03 19:15:30,187 - INFO - Total inference pure compute time: 0:01:08 (0.441107 s / iter per device, on 1 devices)
2023-09-03 19:15:30,574 - INFO - Evaluation results for bbox:
|   AP   |  AP50  |  AP75  |  APs  |  APm  |  APl   |
|:------:|:------:|:------:|:-----:|:-----:|:------:|
| 49.490 | 71.620 | 57.390 | 0.000 | 9.752 | 52.613 |
2023-09-03 19:15:30,577 - INFO - Per-category bbox AP:
| category        | AP     | category       | AP     | category   | AP     |
|:----------------|:-------|:---------------|:-------|:-----------|:-------|
| b_fully_ripened | 56.336 | b_half_ripened | 44.778 | b_green    | 57.356 |
| l_fully_ripened | 49.476 | l_half_ripened | 46.651 | l_green    | 42.345 |
2023-09-03 19:15:31,672 - INFO - Evaluation results for segm:
|   AP   |  AP50  |  AP75  |  APs  |  APm  |  APl   |
|:------:|:------:|:------:|:-----:|:-----:|:------:|
| 54.127 | 71.378 | 60.460 | 0.000 | 4.880 | 57.984 |
2023-09-03 19:15:31,676 - INFO - Per-category segm AP:
| category        | AP     | category       | AP     | category   | AP     |
|:----------------|:-------|:---------------|:-------|:-----------|:-------|
| b_fully_ripened | 59.429 | b_half_ripened | 50.435 | b_green    | 64.094 |
| l_fully_ripened | 53.341 | l_half_ripened | 49.316 | l_green    | 48.145 |
2023-09-03 19:15:31,693 - INFO - copypaste: Task: bbox
2023-09-03 19:15:31,694 - INFO - copypaste: AP,AP50,AP75,APs,APm,APl
2023-09-03 19:15:31,694 - INFO - copypaste: 49.4903,71.6198,57.3902,0.0000,9.7519,52.6134
2023-09-03 19:15:31,696 - INFO - copypaste: Task: segm
2023-09-03 19:15:31,697 - INFO - copypaste: AP,AP50,AP75,APs,APm,APl
2023-09-03 19:15:31,699 - INFO - copypaste: 54.1266,71.3779,60.4596,0.0000,4.8801,57.9844
บันทึกโมเดลทดสอบเสร็จแล้วที่ : ../train/mask_rcnn_R_50_DC5_1x.yaml/20230903-190344/before
Base Model: COCO-InstanceSegmentation/mask_rcnn_R_50_DC5_1x.yaml
จำนวณรอบการฝึกอบรม (epoch): 1200
จำนวณอัตราการเรียนรู้ (lr)  : 0.001
ขนาดต้นทาง (input size) : (672, 672)
อุปกรณ์ที่ใช้ฝึกสอน (device): cuda (T4 on google-colab)
เวลาที่ใช้ในการฝึกสอน: 11.0 นาที 45.10 วินาที
