2023-09-01 21:55:25,779 - INFO - Total training time: 0:00:26 (0:00:01 on hooks)
2023-09-01 22:03:54,488 - INFO - Total inference time: 0:08:11.554611 (3.150991 s / iter per device, on 1 devices)
2023-09-01 22:03:54,489 - INFO - Total inference pure compute time: 0:00:22 (0.143754 s / iter per device, on 1 devices)
2023-09-01 22:03:55,093 - INFO - Evaluation results for bbox:
|   AP   |  AP50  |  AP75  |  APs  |  APm  |  APl   |
|:------:|:------:|:------:|:-----:|:-----:|:------:|
| 13.602 | 30.509 | 8.766  | 0.000 | 2.918 | 14.164 |
2023-09-01 22:03:55,096 - INFO - Per-category bbox AP:
| category        | AP     | category       | AP    | category   | AP     |
|:----------------|:-------|:---------------|:------|:-----------|:-------|
| b_fully_ripened | 18.001 | b_half_ripened | 8.719 | b_green    | 30.526 |
| l_fully_ripened | 12.073 | l_half_ripened | 3.458 | l_green    | 8.834  |
2023-09-01 22:03:56,569 - INFO - Evaluation results for segm:
|   AP   |  AP50  |  AP75  |  APs  |  APm  |  APl   |
|:------:|:------:|:------:|:-----:|:-----:|:------:|
| 18.727 | 31.280 | 19.611 | 0.000 | 1.684 | 20.249 |
2023-09-01 22:03:56,573 - INFO - Per-category segm AP:
| category        | AP     | category       | AP     | category   | AP     |
|:----------------|:-------|:---------------|:-------|:-----------|:-------|
| b_fully_ripened | 27.155 | b_half_ripened | 12.956 | b_green    | 34.356 |
| l_fully_ripened | 16.876 | l_half_ripened | 7.915  | l_green    | 13.107 |
2023-09-01 22:03:56,598 - INFO - copypaste: Task: bbox
2023-09-01 22:03:56,599 - INFO - copypaste: AP,AP50,AP75,APs,APm,APl
2023-09-01 22:03:56,600 - INFO - copypaste: 13.6019,30.5086,8.7655,0.0000,2.9176,14.1644
2023-09-01 22:03:56,601 - INFO - copypaste: Task: segm
2023-09-01 22:03:56,604 - INFO - copypaste: AP,AP50,AP75,APs,APm,APl
2023-09-01 22:03:56,605 - INFO - copypaste: 18.7275,31.2801,19.6107,0.0000,1.6843,20.2492
บันทึกโมเดลทดสอบเสร็จแล้วที่ : ./train/mask_rcnn_R_50_C4_1x.yaml/20230901-215456/before
Base Model: COCO-InstanceSegmentation/mask_rcnn_R_50_C4_1x.yaml
จำนวณรอบการฝึกอบรม (epoch): 100
จำนวณอัตราการเรียนรู้ (lr)  : 0.001
ขนาดต้นทาง (input size) : (672, 672)
อุปกรณ์ที่ใช้ฝึกสอน (device): cuda (A100 on google-colab)
เวลาที่ใช้ในการฝึกสอน: 8.0 นาที 58.96 วินาที
