2023-09-07 14:11:56,751 - INFO - Total training time: 0:10:08 (0:00:04 on hooks)
2023-09-07 14:15:36,842 - INFO - Total inference time: 0:03:20.335360 (1.284201 s / iter per device, on 1 devices)
2023-09-07 14:15:36,843 - INFO - Total inference pure compute time: 0:00:41 (0.262923 s / iter per device, on 1 devices)
2023-09-07 14:15:37,090 - INFO - Evaluation results for bbox:
|   AP   |  AP50  |  AP75  |  APs  |  APm   |  APl   |
|:------:|:------:|:------:|:-----:|:------:|:------:|
| 49.789 | 64.658 | 57.509 | 0.000 | 22.560 | 52.662 |
2023-09-07 14:15:37,093 - INFO - Per-category bbox AP:
| category        | AP     | category       | AP     | category   | AP     |
|:----------------|:-------|:---------------|:-------|:-----------|:-------|
| b_fully_ripened | 36.793 | b_half_ripened | 41.474 | b_green    | 65.505 |
| l_fully_ripened | 55.558 | l_half_ripened | 41.638 | l_green    | 57.766 |
2023-09-07 14:15:37,612 - INFO - Evaluation results for segm:
|   AP   |  AP50  |  AP75  |  APs  |  APm   |  APl   |
|:------:|:------:|:------:|:-----:|:------:|:------:|
| 53.038 | 64.524 | 59.346 | 0.000 | 19.085 | 56.645 |
2023-09-07 14:15:37,616 - INFO - Per-category segm AP:
| category        | AP     | category       | AP     | category   | AP     |
|:----------------|:-------|:---------------|:-------|:-----------|:-------|
| b_fully_ripened | 41.130 | b_half_ripened | 43.843 | b_green    | 70.267 |
| l_fully_ripened | 58.201 | l_half_ripened | 43.769 | l_green    | 61.017 |
2023-09-07 14:15:37,626 - INFO - copypaste: Task: bbox
2023-09-07 14:15:37,627 - INFO - copypaste: AP,AP50,AP75,APs,APm,APl
2023-09-07 14:15:37,629 - INFO - copypaste: 49.7889,64.6581,57.5092,0.0000,22.5597,52.6617
2023-09-07 14:15:37,630 - INFO - copypaste: Task: segm
2023-09-07 14:15:37,631 - INFO - copypaste: AP,AP50,AP75,APs,APm,APl
2023-09-07 14:15:37,633 - INFO - copypaste: 53.0380,64.5240,59.3458,0.0000,19.0848,56.6453
บันทึกโมเดลทดสอบเสร็จแล้วที่ : ../train/mask_rcnn_R_101_FPN_3x.yaml/20230907-140142/before
Base Model: COCO-InstanceSegmentation/mask_rcnn_R_101_FPN_3x.yaml
จำนวณรอบการฝึกอบรม (epoch): 2300
จำนวณอัตราการเรียนรู้ (lr)  : 0.001
ขนาดต้นทาง (input size) : (672, 672)
อุปกรณ์ที่ใช้ฝึกสอน (device): cuda (T4 on google-colab)
เวลาที่ใช้ในการฝึกสอน: 13.0 นาที 54.56 วินาที
