2023-09-03 00:15:51,593 - INFO - Total training time: 0:04:27 (0:00:02 on hooks)
2023-09-03 00:35:47,760 - INFO - Total inference time: 0:19:06.709351 (7.350701 s / iter per device, on 1 devices)
2023-09-03 00:35:47,761 - INFO - Total inference pure compute time: 0:02:12 (0.850488 s / iter per device, on 1 devices)
2023-09-03 00:35:48,314 - INFO - Evaluation results for bbox:
|   AP   |  AP50  |  AP75  |  APs  |  APm  |  APl   |
|:------:|:------:|:------:|:-----:|:-----:|:------:|
| 26.373 | 43.930 | 28.289 | 0.000 | 3.840 | 28.081 |
2023-09-03 00:35:48,316 - INFO - Per-category bbox AP:
| category        | AP     | category       | AP     | category   | AP     |
|:----------------|:-------|:---------------|:-------|:-----------|:-------|
| b_fully_ripened | 26.355 | b_half_ripened | 19.628 | b_green    | 42.879 |
| l_fully_ripened | 24.125 | l_half_ripened | 15.648 | l_green    | 29.603 |
2023-09-03 00:35:49,584 - INFO - Evaluation results for segm:
|   AP   |  AP50  |  AP75  |  APs  |  APm  |  APl   |
|:------:|:------:|:------:|:-----:|:-----:|:------:|
| 30.451 | 43.622 | 34.455 | 0.000 | 2.396 | 32.983 |
2023-09-03 00:35:49,587 - INFO - Per-category segm AP:
| category        | AP     | category       | AP     | category   | AP     |
|:----------------|:-------|:---------------|:-------|:-----------|:-------|
| b_fully_ripened | 28.122 | b_half_ripened | 25.403 | b_green    | 47.691 |
| l_fully_ripened | 30.646 | l_half_ripened | 19.608 | l_green    | 31.236 |
2023-09-03 00:35:49,607 - INFO - copypaste: Task: bbox
2023-09-03 00:35:49,608 - INFO - copypaste: AP,AP50,AP75,APs,APm,APl
2023-09-03 00:35:49,609 - INFO - copypaste: 26.3729,43.9300,28.2889,0.0000,3.8401,28.0806
2023-09-03 00:35:49,612 - INFO - copypaste: Task: segm
2023-09-03 00:35:49,613 - INFO - copypaste: AP,AP50,AP75,APs,APm,APl
2023-09-03 00:35:49,614 - INFO - copypaste: 30.4510,43.6220,34.4549,0.0000,2.3958,32.9833
บันทึกโมเดลทดสอบเสร็จแล้วที่ : ../train/mask_rcnn_R_50_C4_1x.yaml/20230903-001121/before
Base Model: COCO-InstanceSegmentation/mask_rcnn_R_50_C4_1x.yaml
จำนวณรอบการฝึกอบรม (epoch): 1000
จำนวณอัตราการเรียนรู้ (lr)  : 0.0001
ขนาดต้นทาง (input size) : (672, 672)
อุปกรณ์ที่ใช้ฝึกสอน (device): cuda (A100 on google-colab)
เวลาที่ใช้ในการฝึกสอน: 24.0 นาที 27.92 วินาที
